<?xml version="1.0" encoding="UTF-8"?>
<testsuite xmlns:xsi="http://www.w3.org/2001/XMLSchema-instance" xsi:noNamespaceSchemaLocation="https://maven.apache.org/surefire/maven-surefire-plugin/xsd/surefire-test-report.xsd" name="TestSuite" time="207.016" tests="10" errors="0" skipped="0" failures="2">
  <properties>
    <property name="sun.desktop" value="windows"/>
    <property name="awt.toolkit" value="sun.awt.windows.WToolkit"/>
    <property name="file.encoding.pkg" value="sun.io"/>
    <property name="java.specification.version" value="1.8"/>
    <property name="sun.cpu.isalist" value="amd64"/>
    <property name="sun.jnu.encoding" value="Cp1252"/>
    <property name="java.class.path" value="C:\LeadBasketsVr2\affilomnia.leadbaskets\target\test-classes;C:\LeadBasketsVr2\affilomnia.leadbaskets\target\classes;C:\Users\kiril\.m2\repository\org\testng\testng\6.13.1\testng-6.13.1.jar;C:\Users\kiril\.m2\repository\com\beust\jcommander\1.72\jcommander-1.72.jar;C:\Users\kiril\.m2\repository\com\codeborne\selenide\4.10\selenide-4.10.jar;C:\Users\kiril\.m2\repository\io\github\bonigarcia\webdrivermanager\2.0.1\webdrivermanager-2.0.1.jar;C:\Users\kiril\.m2\repository\org\slf4j\slf4j-api\1.7.24\slf4j-api-1.7.24.jar;C:\Users\kiril\.m2\repository\commons-io\commons-io\2.5\commons-io-2.5.jar;C:\Users\kiril\.m2\repository\org\apache\commons\commons-lang3\3.5\commons-lang3-3.5.jar;C:\Users\kiril\.m2\repository\org\rauschig\jarchivelib\0.7.1\jarchivelib-0.7.1.jar;C:\Users\kiril\.m2\repository\org\apache\commons\commons-compress\1.9\commons-compress-1.9.jar;C:\Users\kiril\.m2\repository\org\jsoup\jsoup\1.10.2\jsoup-1.10.2.jar;C:\Users\kiril\.m2\repository\org\apache\httpcomponents\httpcore\4.4.8\httpcore-4.4.8.jar;C:\Users\kiril\.m2\repository\org\seleniumhq\selenium\selenium-java\3.8.1\selenium-java-3.8.1.jar;C:\Users\kiril\.m2\repository\org\seleniumhq\selenium\selenium-api\3.8.1\selenium-api-3.8.1.jar;C:\Users\kiril\.m2\repository\org\seleniumhq\selenium\selenium-chrome-driver\3.8.1\selenium-chrome-driver-3.8.1.jar;C:\Users\kiril\.m2\repository\org\seleniumhq\selenium\selenium-edge-driver\3.8.1\selenium-edge-driver-3.8.1.jar;C:\Users\kiril\.m2\repository\org\seleniumhq\selenium\selenium-firefox-driver\3.8.1\selenium-firefox-driver-3.8.1.jar;C:\Users\kiril\.m2\repository\org\seleniumhq\selenium\selenium-ie-driver\3.8.1\selenium-ie-driver-3.8.1.jar;C:\Users\kiril\.m2\repository\org\seleniumhq\selenium\selenium-opera-driver\3.8.1\selenium-opera-driver-3.8.1.jar;C:\Users\kiril\.m2\repository\org\seleniumhq\selenium\selenium-remote-driver\3.8.1\selenium-remote-driver-3.8.1.jar;C:\Users\kiril\.m2\repository\org\seleniumhq\selenium\selenium-support\3.8.1\selenium-support-3.8.1.jar;C:\Users\kiril\.m2\repository\net\bytebuddy\byte-buddy\1.7.5\byte-buddy-1.7.5.jar;C:\Users\kiril\.m2\repository\org\apache\commons\commons-exec\1.3\commons-exec-1.3.jar;C:\Users\kiril\.m2\repository\commons-logging\commons-logging\1.2\commons-logging-1.2.jar;C:\Users\kiril\.m2\repository\com\google\code\gson\gson\2.8.2\gson-2.8.2.jar;C:\Users\kiril\.m2\repository\com\google\guava\guava\23.6-jre\guava-23.6-jre.jar;C:\Users\kiril\.m2\repository\com\google\code\findbugs\jsr305\1.3.9\jsr305-1.3.9.jar;C:\Users\kiril\.m2\repository\org\checkerframework\checker-compat-qual\2.0.0\checker-compat-qual-2.0.0.jar;C:\Users\kiril\.m2\repository\com\google\errorprone\error_prone_annotations\2.1.3\error_prone_annotations-2.1.3.jar;C:\Users\kiril\.m2\repository\com\google\j2objc\j2objc-annotations\1.1\j2objc-annotations-1.1.jar;C:\Users\kiril\.m2\repository\org\codehaus\mojo\animal-sniffer-annotations\1.14\animal-sniffer-annotations-1.14.jar;C:\Users\kiril\.m2\repository\net\lightbody\bmp\browsermob-core\2.1.5\browsermob-core-2.1.5.jar;C:\Users\kiril\.m2\repository\net\lightbody\bmp\littleproxy\1.1.0-beta-bmp-17\littleproxy-1.1.0-beta-bmp-17.jar;C:\Users\kiril\.m2\repository\com\fasterxml\jackson\core\jackson-core\2.8.9\jackson-core-2.8.9.jar;C:\Users\kiril\.m2\repository\com\fasterxml\jackson\core\jackson-databind\2.8.9\jackson-databind-2.8.9.jar;C:\Users\kiril\.m2\repository\com\fasterxml\jackson\core\jackson-annotations\2.8.9\jackson-annotations-2.8.9.jar;C:\Users\kiril\.m2\repository\dnsjava\dnsjava\2.1.8\dnsjava-2.1.8.jar;C:\Users\kiril\.m2\repository\org\slf4j\jcl-over-slf4j\1.7.25\jcl-over-slf4j-1.7.25.jar;C:\Users\kiril\.m2\repository\com\jcraft\jzlib\1.1.3\jzlib-1.1.3.jar;C:\Users\kiril\.m2\repository\io\netty\netty-all\4.0.51.Final\netty-all-4.0.51.Final.jar;C:\Users\kiril\.m2\repository\org\bouncycastle\bcprov-jdk15on\1.58\bcprov-jdk15on-1.58.jar;C:\Users\kiril\.m2\repository\org\bouncycastle\bcpkix-jdk15on\1.58\bcpkix-jdk15on-1.58.jar;C:\Users\kiril\.m2\repository\net\lightbody\bmp\mitm\2.1.5\mitm-2.1.5.jar;C:\Users\kiril\.m2\repository\com\codeborne\phantomjsdriver\1.4.4\phantomjsdriver-1.4.4.jar;C:\Users\kiril\.m2\repository\commons-codec\commons-codec\1.11\commons-codec-1.11.jar;C:\Users\kiril\.m2\repository\com\google\inject\guice\4.1.0\guice-4.1.0.jar;C:\Users\kiril\.m2\repository\javax\inject\javax.inject\1\javax.inject-1.jar;C:\Users\kiril\.m2\repository\aopalliance\aopalliance\1.0\aopalliance-1.0.jar;C:\Users\kiril\.m2\repository\org\aspectj\aspectjweaver\1.8.13\aspectjweaver-1.8.13.jar;C:\Users\kiril\.m2\repository\io\qameta\allure\allure-testng\2.0-BETA19\allure-testng-2.0-BETA19.jar;C:\Users\kiril\.m2\repository\io\qameta\allure\allure-descriptions-javadoc\2.0-BETA19\allure-descriptions-javadoc-2.0-BETA19.jar;C:\Users\kiril\.m2\repository\io\qameta\allure\allure-java-commons\2.0-BETA19\allure-java-commons-2.0-BETA19.jar;C:\Users\kiril\.m2\repository\io\qameta\allure\allure2-model-api\1.0-BETA6\allure2-model-api-1.0-BETA6.jar;C:\Users\kiril\.m2\repository\io\qameta\allure\allure2-model-pojo\1.0-BETA6\allure2-model-pojo-1.0-BETA6.jar;C:\Users\kiril\.m2\repository\org\apache\tika\tika-core\1.14\tika-core-1.14.jar;C:\Users\kiril\.m2\repository\io\qameta\allure\allure2-model-jackson\1.0-BETA6\allure2-model-jackson-1.0-BETA6.jar;C:\Users\kiril\.m2\repository\com\fasterxml\jackson\module\jackson-module-jaxb-annotations\2.7.0\jackson-module-jaxb-annotations-2.7.0.jar;C:\Users\kiril\.m2\repository\org\aspectj\aspectjrt\1.8.10\aspectjrt-1.8.10.jar;C:\Users\kiril\.m2\repository\org\jooq\joor\0.9.6\joor-0.9.6.jar;C:\Users\kiril\.m2\repository\com\codeborne\pdf-test\1.4\pdf-test-1.4.jar;C:\Users\kiril\.m2\repository\org\hamcrest\hamcrest-core\1.3\hamcrest-core-1.3.jar;C:\Users\kiril\.m2\repository\org\apache\pdfbox\pdfbox\2.0.0\pdfbox-2.0.0.jar;C:\Users\kiril\.m2\repository\org\apache\pdfbox\fontbox\2.0.0\fontbox-2.0.0.jar;C:\Users\kiril\.m2\repository\junit\junit\4.12\junit-4.12.jar;C:\Users\kiril\.m2\repository\com\automation-remarks\video-recorder-testng\1.7\video-recorder-testng-1.7.jar;C:\Users\kiril\.m2\repository\com\automation-remarks\video-recorder-core\1.7\video-recorder-core-1.7.jar;C:\Users\kiril\.m2\repository\org\zeroturnaround\zt-exec\1.9\zt-exec-1.9.jar;C:\Users\kiril\.m2\repository\org\aeonbits\owner\owner-java8\1.0.9\owner-java8-1.0.9.jar;C:\Users\kiril\.m2\repository\org\aeonbits\owner\owner\1.0.9\owner-1.0.9.jar;C:\Users\kiril\.m2\repository\log4j\log4j\1.2.17\log4j-1.2.17.jar;C:\Users\kiril\.m2\repository\org\json\json\20160810\json-20160810.jar;C:\Users\kiril\.m2\repository\org\apache\httpcomponents\httpclient\4.5.2\httpclient-4.5.2.jar;C:\Users\kiril\.m2\repository\org\awaitility\awaitility\3.0.0\awaitility-3.0.0.jar;C:\Users\kiril\.m2\repository\org\hamcrest\hamcrest-library\1.3\hamcrest-library-1.3.jar;C:\Users\kiril\.m2\repository\org\objenesis\objenesis\2.5.1\objenesis-2.5.1.jar;C:\Users\kiril\.m2\repository\org\apache\maven\surefire\surefire-testng-utils\2.20.1\surefire-testng-utils-2.20.1.jar;C:\Users\kiril\.m2\repository\org\apache\maven\surefire\surefire-grouper\2.20.1\surefire-grouper-2.20.1.jar;"/>
    <property name="java.vm.vendor" value="Oracle Corporation"/>
    <property name="sun.arch.data.model" value="64"/>
    <property name="user.variant" value=""/>
    <property name="java.vendor.url" value="http://java.oracle.com/"/>
    <property name="user.timezone" value=""/>
    <property name="java.vm.specification.version" value="1.8"/>
    <property name="os.name" value="Windows 10"/>
    <property name="user.country" value="US"/>
    <property name="sun.java.launcher" value="SUN_STANDARD"/>
    <property name="sun.boot.library.path" value="C:\Program Files\Java\jdk1.8.0_144\jre\bin"/>
    <property name="sun.java.command" value="C:\Users\kiril\AppData\Local\Temp\surefire9097814578320231607\surefirebooter6252487349917783646.jar C:\Users\kiril\AppData\Local\Temp\surefire9097814578320231607 2018-03-04T12-35-04_197-jvmRun1 surefire5670028882578993977tmp surefire_0630606809646916333tmp"/>
    <property name="surefire.test.class.path" value="C:\LeadBasketsVr2\affilomnia.leadbaskets\target\test-classes;C:\LeadBasketsVr2\affilomnia.leadbaskets\target\classes;C:\Users\kiril\.m2\repository\org\testng\testng\6.13.1\testng-6.13.1.jar;C:\Users\kiril\.m2\repository\com\beust\jcommander\1.72\jcommander-1.72.jar;C:\Users\kiril\.m2\repository\com\codeborne\selenide\4.10\selenide-4.10.jar;C:\Users\kiril\.m2\repository\io\github\bonigarcia\webdrivermanager\2.0.1\webdrivermanager-2.0.1.jar;C:\Users\kiril\.m2\repository\org\slf4j\slf4j-api\1.7.24\slf4j-api-1.7.24.jar;C:\Users\kiril\.m2\repository\commons-io\commons-io\2.5\commons-io-2.5.jar;C:\Users\kiril\.m2\repository\org\apache\commons\commons-lang3\3.5\commons-lang3-3.5.jar;C:\Users\kiril\.m2\repository\org\rauschig\jarchivelib\0.7.1\jarchivelib-0.7.1.jar;C:\Users\kiril\.m2\repository\org\apache\commons\commons-compress\1.9\commons-compress-1.9.jar;C:\Users\kiril\.m2\repository\org\jsoup\jsoup\1.10.2\jsoup-1.10.2.jar;C:\Users\kiril\.m2\repository\org\apache\httpcomponents\httpcore\4.4.8\httpcore-4.4.8.jar;C:\Users\kiril\.m2\repository\org\seleniumhq\selenium\selenium-java\3.8.1\selenium-java-3.8.1.jar;C:\Users\kiril\.m2\repository\org\seleniumhq\selenium\selenium-api\3.8.1\selenium-api-3.8.1.jar;C:\Users\kiril\.m2\repository\org\seleniumhq\selenium\selenium-chrome-driver\3.8.1\selenium-chrome-driver-3.8.1.jar;C:\Users\kiril\.m2\repository\org\seleniumhq\selenium\selenium-edge-driver\3.8.1\selenium-edge-driver-3.8.1.jar;C:\Users\kiril\.m2\repository\org\seleniumhq\selenium\selenium-firefox-driver\3.8.1\selenium-firefox-driver-3.8.1.jar;C:\Users\kiril\.m2\repository\org\seleniumhq\selenium\selenium-ie-driver\3.8.1\selenium-ie-driver-3.8.1.jar;C:\Users\kiril\.m2\repository\org\seleniumhq\selenium\selenium-opera-driver\3.8.1\selenium-opera-driver-3.8.1.jar;C:\Users\kiril\.m2\repository\org\seleniumhq\selenium\selenium-remote-driver\3.8.1\selenium-remote-driver-3.8.1.jar;C:\Users\kiril\.m2\repository\org\seleniumhq\selenium\selenium-support\3.8.1\selenium-support-3.8.1.jar;C:\Users\kiril\.m2\repository\net\bytebuddy\byte-buddy\1.7.5\byte-buddy-1.7.5.jar;C:\Users\kiril\.m2\repository\org\apache\commons\commons-exec\1.3\commons-exec-1.3.jar;C:\Users\kiril\.m2\repository\commons-logging\commons-logging\1.2\commons-logging-1.2.jar;C:\Users\kiril\.m2\repository\com\google\code\gson\gson\2.8.2\gson-2.8.2.jar;C:\Users\kiril\.m2\repository\com\google\guava\guava\23.6-jre\guava-23.6-jre.jar;C:\Users\kiril\.m2\repository\com\google\code\findbugs\jsr305\1.3.9\jsr305-1.3.9.jar;C:\Users\kiril\.m2\repository\org\checkerframework\checker-compat-qual\2.0.0\checker-compat-qual-2.0.0.jar;C:\Users\kiril\.m2\repository\com\google\errorprone\error_prone_annotations\2.1.3\error_prone_annotations-2.1.3.jar;C:\Users\kiril\.m2\repository\com\google\j2objc\j2objc-annotations\1.1\j2objc-annotations-1.1.jar;C:\Users\kiril\.m2\repository\org\codehaus\mojo\animal-sniffer-annotations\1.14\animal-sniffer-annotations-1.14.jar;C:\Users\kiril\.m2\repository\net\lightbody\bmp\browsermob-core\2.1.5\browsermob-core-2.1.5.jar;C:\Users\kiril\.m2\repository\net\lightbody\bmp\littleproxy\1.1.0-beta-bmp-17\littleproxy-1.1.0-beta-bmp-17.jar;C:\Users\kiril\.m2\repository\com\fasterxml\jackson\core\jackson-core\2.8.9\jackson-core-2.8.9.jar;C:\Users\kiril\.m2\repository\com\fasterxml\jackson\core\jackson-databind\2.8.9\jackson-databind-2.8.9.jar;C:\Users\kiril\.m2\repository\com\fasterxml\jackson\core\jackson-annotations\2.8.9\jackson-annotations-2.8.9.jar;C:\Users\kiril\.m2\repository\dnsjava\dnsjava\2.1.8\dnsjava-2.1.8.jar;C:\Users\kiril\.m2\repository\org\slf4j\jcl-over-slf4j\1.7.25\jcl-over-slf4j-1.7.25.jar;C:\Users\kiril\.m2\repository\com\jcraft\jzlib\1.1.3\jzlib-1.1.3.jar;C:\Users\kiril\.m2\repository\io\netty\netty-all\4.0.51.Final\netty-all-4.0.51.Final.jar;C:\Users\kiril\.m2\repository\org\bouncycastle\bcprov-jdk15on\1.58\bcprov-jdk15on-1.58.jar;C:\Users\kiril\.m2\repository\org\bouncycastle\bcpkix-jdk15on\1.58\bcpkix-jdk15on-1.58.jar;C:\Users\kiril\.m2\repository\net\lightbody\bmp\mitm\2.1.5\mitm-2.1.5.jar;C:\Users\kiril\.m2\repository\com\codeborne\phantomjsdriver\1.4.4\phantomjsdriver-1.4.4.jar;C:\Users\kiril\.m2\repository\commons-codec\commons-codec\1.11\commons-codec-1.11.jar;C:\Users\kiril\.m2\repository\com\google\inject\guice\4.1.0\guice-4.1.0.jar;C:\Users\kiril\.m2\repository\javax\inject\javax.inject\1\javax.inject-1.jar;C:\Users\kiril\.m2\repository\aopalliance\aopalliance\1.0\aopalliance-1.0.jar;C:\Users\kiril\.m2\repository\org\aspectj\aspectjweaver\1.8.13\aspectjweaver-1.8.13.jar;C:\Users\kiril\.m2\repository\io\qameta\allure\allure-testng\2.0-BETA19\allure-testng-2.0-BETA19.jar;C:\Users\kiril\.m2\repository\io\qameta\allure\allure-descriptions-javadoc\2.0-BETA19\allure-descriptions-javadoc-2.0-BETA19.jar;C:\Users\kiril\.m2\repository\io\qameta\allure\allure-java-commons\2.0-BETA19\allure-java-commons-2.0-BETA19.jar;C:\Users\kiril\.m2\repository\io\qameta\allure\allure2-model-api\1.0-BETA6\allure2-model-api-1.0-BETA6.jar;C:\Users\kiril\.m2\repository\io\qameta\allure\allure2-model-pojo\1.0-BETA6\allure2-model-pojo-1.0-BETA6.jar;C:\Users\kiril\.m2\repository\org\apache\tika\tika-core\1.14\tika-core-1.14.jar;C:\Users\kiril\.m2\repository\io\qameta\allure\allure2-model-jackson\1.0-BETA6\allure2-model-jackson-1.0-BETA6.jar;C:\Users\kiril\.m2\repository\com\fasterxml\jackson\module\jackson-module-jaxb-annotations\2.7.0\jackson-module-jaxb-annotations-2.7.0.jar;C:\Users\kiril\.m2\repository\org\aspectj\aspectjrt\1.8.10\aspectjrt-1.8.10.jar;C:\Users\kiril\.m2\repository\org\jooq\joor\0.9.6\joor-0.9.6.jar;C:\Users\kiril\.m2\repository\com\codeborne\pdf-test\1.4\pdf-test-1.4.jar;C:\Users\kiril\.m2\repository\org\hamcrest\hamcrest-core\1.3\hamcrest-core-1.3.jar;C:\Users\kiril\.m2\repository\org\apache\pdfbox\pdfbox\2.0.0\pdfbox-2.0.0.jar;C:\Users\kiril\.m2\repository\org\apache\pdfbox\fontbox\2.0.0\fontbox-2.0.0.jar;C:\Users\kiril\.m2\repository\junit\junit\4.12\junit-4.12.jar;C:\Users\kiril\.m2\repository\com\automation-remarks\video-recorder-testng\1.7\video-recorder-testng-1.7.jar;C:\Users\kiril\.m2\repository\com\automation-remarks\video-recorder-core\1.7\video-recorder-core-1.7.jar;C:\Users\kiril\.m2\repository\org\zeroturnaround\zt-exec\1.9\zt-exec-1.9.jar;C:\Users\kiril\.m2\repository\org\aeonbits\owner\owner-java8\1.0.9\owner-java8-1.0.9.jar;C:\Users\kiril\.m2\repository\org\aeonbits\owner\owner\1.0.9\owner-1.0.9.jar;C:\Users\kiril\.m2\repository\log4j\log4j\1.2.17\log4j-1.2.17.jar;C:\Users\kiril\.m2\repository\org\json\json\20160810\json-20160810.jar;C:\Users\kiril\.m2\repository\org\apache\httpcomponents\httpclient\4.5.2\httpclient-4.5.2.jar;C:\Users\kiril\.m2\repository\org\awaitility\awaitility\3.0.0\awaitility-3.0.0.jar;C:\Users\kiril\.m2\repository\org\hamcrest\hamcrest-library\1.3\hamcrest-library-1.3.jar;C:\Users\kiril\.m2\repository\org\objenesis\objenesis\2.5.1\objenesis-2.5.1.jar;C:\Users\kiril\.m2\repository\org\apache\maven\surefire\surefire-testng-utils\2.20.1\surefire-testng-utils-2.20.1.jar;C:\Users\kiril\.m2\repository\org\apache\maven\surefire\surefire-grouper\2.20.1\surefire-grouper-2.20.1.jar;"/>
    <property name="sun.cpu.endian" value="little"/>
    <property name="user.home" value="C:\Users\kiril"/>
    <property name="user.language" value="en"/>
    <property name="java.specification.vendor" value="Oracle Corporation"/>
    <property name="java.home" value="C:\Program Files\Java\jdk1.8.0_144\jre"/>
    <property name="basedir" value="C:\LeadBasketsVr2\affilomnia.leadbaskets"/>
    <property name="file.separator" value="\"/>
    <property name="line.separator" value="&#10;"/>
    <property name="java.vm.specification.vendor" value="Oracle Corporation"/>
    <property name="java.specification.name" value="Java Platform API Specification"/>
    <property name="java.awt.graphicsenv" value="sun.awt.Win32GraphicsEnvironment"/>
    <property name="surefire.real.class.path" value="C:\Users\kiril\AppData\Local\Temp\surefire9097814578320231607\surefirebooter6252487349917783646.jar;C:\Users\kiril\.m2\repository/org/aspectj/aspectjweaver/1.8.13/aspectjweaver-1.8.13.jar"/>
    <property name="sun.boot.class.path" value="C:\Program Files\Java\jdk1.8.0_144\jre\lib\resources.jar;C:\Program Files\Java\jdk1.8.0_144\jre\lib\rt.jar;C:\Program Files\Java\jdk1.8.0_144\jre\lib\sunrsasign.jar;C:\Program Files\Java\jdk1.8.0_144\jre\lib\jsse.jar;C:\Program Files\Java\jdk1.8.0_144\jre\lib\jce.jar;C:\Program Files\Java\jdk1.8.0_144\jre\lib\charsets.jar;C:\Program Files\Java\jdk1.8.0_144\jre\lib\jfr.jar;C:\Program Files\Java\jdk1.8.0_144\jre\classes"/>
    <property name="user.script" value=""/>
    <property name="sun.management.compiler" value="HotSpot 64-Bit Tiered Compilers"/>
    <property name="java.runtime.version" value="1.8.0_144-b01"/>
    <property name="user.name" value="kiril"/>
    <property name="path.separator" value=";"/>
    <property name="os.version" value="10.0"/>
    <property name="java.endorsed.dirs" value="C:\Program Files\Java\jdk1.8.0_144\jre\lib\endorsed"/>
    <property name="java.runtime.name" value="Java(TM) SE Runtime Environment"/>
    <property name="file.encoding" value="Cp1252"/>
    <property name="java.vm.name" value="Java HotSpot(TM) 64-Bit Server VM"/>
    <property name="localRepository" value="C:\Users\kiril\.m2\repository"/>
    <property name="java.vendor.url.bug" value="http://bugreport.sun.com/bugreport/"/>
    <property name="java.io.tmpdir" value="C:\Users\kiril\AppData\Local\Temp\"/>
    <property name="java.version" value="1.8.0_144"/>
    <property name="user.dir" value="C:\LeadBasketsVr2\affilomnia.leadbaskets"/>
    <property name="os.arch" value="amd64"/>
    <property name="java.vm.specification.name" value="Java Virtual Machine Specification"/>
    <property name="java.awt.printerjob" value="sun.awt.windows.WPrinterJob"/>
    <property name="sun.os.patch.level" value=""/>
    <property name="java.library.path" value="C:\Program Files\Java\jdk1.8.0_144\jre\bin;C:\WINDOWS\Sun\Java\bin;C:\WINDOWS\system32;C:\WINDOWS;C:\Users\kiril\bin;C:\Program Files\Git\mingw64\bin;C:\Program Files\Git\usr\local\bin;C:\Program Files\Git\usr\bin;C:\Program Files\Git\usr\bin;C:\Program Files\Git\mingw64\bin;C:\Program Files\Git\usr\bin;C:\Users\kiril\bin;C:\Program Files\Docker\Docker\Resources\bin;C:\apache-maven-3.5.2\bin;C:\Users\kiril\scoop\apps\allure\2.5.0\bin;C:\WINDOWS\system32;C:\WINDOWS;C:\WINDOWS\System32\Wbem;C:\WINDOWS\System32\WindowsPowerShell\v1.0;C:\Program Files\Git\cmd;C:\Program Files\Java\jdk1.8.0_144\bin;C:\Program Files (x86)\Java\jre1.8.0_144\lib;C:\Users\kiril\scoop\apps\allure\current\bin;C:\Users\kiril\Desktop;C:\Users\kiril\scoop\shims;C:\Users\kiril\AppData\Local\Microsoft\WindowsApps;C:\Program Files (x86)\HMA! Pro VPN\bin;%USERPROFILE%\AppData\Local\Microsoft\WindowsApps;C:\Program Files\Git\usr\bin\vendor_perl;C:\Program Files\Git\usr\bin\core_perl;."/>
    <property name="java.vm.info" value="mixed mode"/>
    <property name="java.vendor" value="Oracle Corporation"/>
    <property name="java.vm.version" value="25.144-b01"/>
    <property name="java.ext.dirs" value="C:\Program Files\Java\jdk1.8.0_144\jre\lib\ext;C:\WINDOWS\Sun\Java\lib\ext"/>
    <property name="sun.io.unicode.encoding" value="UnicodeLittle"/>
    <property name="java.class.version" value="52.0"/>
  </properties>
  <testcase name="sellerRegistrtion" classname="com.affilomnia.leadbaskets.SellerTest" time="29.446">
    <failure message="Element not found {by text: Welcome to LeadsBasket - Verification Required}&#10;Expected: visible" type="com.codeborne.selenide.ex.ElementNotFound">com.codeborne.selenide.ex.ElementNotFound: 
Element not found {by text: Welcome to LeadsBasket - Verification Required}
Expected: visible
	at com.affilomnia.leadbaskets.SellerTest.sellerRegistrtion(SellerTest.java:77)
Caused by: org.openqa.selenium.NoSuchElementException: 
no such element: Unable to locate element: {"method":"xpath","selector":".//*/text()[normalize-space(translate(string(.), '	
 ', '    ')) = "Welcome to LeadsBasket - Verification Required"]/parent::*"}
  (Session info: chrome=64.0.3282.167)
  (Driver info: chromedriver=2.36.540470 (e522d04694c7ebea4ba8821272dbef4f9b818c91),platform=Windows NT 10.0.16299 x86_64) (WARNING: The server did not provide any stacktrace information)
Command duration or timeout: 0 milliseconds
For documentation on this error, please visit: http://seleniumhq.org/exceptions/no_such_element.html
Build info: version: '3.8.1', revision: '6e95a6684b', time: '2017-12-01T18:33:54.468Z'
System info: host: 'RG-W-KIRIL', ip: '169.254.62.74', os.name: 'Windows 10', os.arch: 'amd64', os.version: '10.0', java.version: '1.8.0_144'
Driver info: org.openqa.selenium.chrome.ChromeDriver
Capabilities {acceptInsecureCerts: false, acceptSslCerts: false, applicationCacheEnabled: false, browserConnectionEnabled: false, browserName: chrome, chrome: {chromedriverVersion: 2.36.540470 (e522d04694c7eb..., userDataDir: C:\Users\kiril\AppData\Loca...}, cssSelectorsEnabled: true, databaseEnabled: false, handlesAlerts: true, hasTouchScreen: false, javascriptEnabled: true, locationContextEnabled: true, mobileEmulationEnabled: false, nativeEvents: true, networkConnectionEnabled: false, pageLoadStrategy: normal, platform: XP, platformName: XP, rotatable: false, setWindowRect: true, takesHeapSnapshot: true, takesScreenshot: true, unexpectedAlertBehaviour: , unhandledPromptBehavior: , version: 64.0.3282.167, webStorageEnabled: true}
Session ID: 04e9b999d518c9c23439bbe1fca29871
*** Element info: {Using=xpath, value=.//*/text()[normalize-space(translate(string(.), '	
 ', '    ')) = "Welcome to LeadsBasket - Verification Required"]/parent::*}
	at com.affilomnia.leadbaskets.SellerTest.sellerRegistrtion(SellerTest.java:77)
</failure>
    <system-out><![CDATA[seller email > nfs46344@qiaua.com
New seller Create
Report for sellerRegistrtion
+--------------------------------------------------------+----------------------------------------------------------------------+----------+----------+
|Element                                                 |Subject                                                               |Status    |ms.       |
+--------------------------------------------------------+----------------------------------------------------------------------+----------+----------+
|open                                                    |https://10minutemail.net                                              |PASS      |2645      |
|input[class='mailtext']                                 |get attribute(value)                                                  |PASS      |26        |
|input[class='mailtext']                                 |get attribute(value)                                                  |PASS      |12        |
|open                                                    |https://test_app.leadsbasket.com/register-seller-start                |PASS      |936       |
|h2                                                      |should have(text 'Create a Free Account on LEADSBASKET')              |PASS      |71        |
|a[ui-sref='login']                                      |click()                                                               |PASS      |73        |
|h2                                                      |should have(text 'Login to LeadsBasket')                              |PASS      |228       |
|by text: Get Started                                    |click()                                                               |PASS      |85        |
|by text: Terms of Services                              |click()                                                               |PASS      |275       |
|div.terms>h1                                            |should have(text 'TERMS OF USE')                                      |PASS      |1056      |
|by text: Login                                          |should be(visible)                                                    |PASS      |70        |
|by text: Login                                          |click()                                                               |PASS      |94        |
|div.auth>h2                                             |should have(text 'Login to LeadsBasket')                              |PASS      |55        |
|button.btn                                              |should be(disabled)                                                   |PASS      |23        |
|input[name='firstName']                                 |set value(selenidedgbb)                                               |PASS      |52        |
|input[name='lastName']                                  |set value(automticdgbb)                                               |PASS      |59        |
|input[id='tel-dc']                                      |get attribute(placeholder)                                            |PASS      |28        |
|input[id='tel-dc']                                      |set value(050-123-4567)                                               |PASS      |55        |
|input[name='company']                                   |set value(selenide)                                                   |PASS      |60        |
|input[placeholder*='Email']                             |set value(nfs46344@qiaua.com)                                         |PASS      |54        |
|input[name='pass']                                      |set value(D%12cf32ddd)                                                |PASS      |57        |
|input[name='rePass']                                    |set value(D%12cf32ddd)                                                |PASS      |65        |
|button.btn                                              |should be(visible)                                                    |PASS      |28        |
|button.btn                                              |click()                                                               |PASS      |84        |
|h4                                                      |should have(text 'YOU'RE ALMOST THERE!')                              |PASS      |943       |
|by text: Done                                           |should be(visible)                                                    |PASS      |28        |
|by text: Done                                           |click()                                                               |PASS      |1842      |
|open                                                    |https://10minutemail.net                                              |PASS      |3289      |
|by text: Welcome to LeadsBasket - Verification Required |wait until([visible, 15000])                                          |FAIL      |15042     |
+--------------------------------------------------------+----------------------------------------------------------------------+----------+----------+

]]></system-out>
    <system-err><![CDATA[SLF4J: Failed to load class "org.slf4j.impl.StaticLoggerBinder".
SLF4J: Defaulting to no-operation (NOP) logger implementation
SLF4J: See http://www.slf4j.org/codes.html#StaticLoggerBinder for further details.
Mar 04, 2018 12:35:06 PM com.codeborne.selenide.impl.WebDriverThreadLocalContainer getWebDriver
INFO: No webdriver is bound to current thread: 1 - let's create new webdriver
Starting ChromeDriver 2.36.540470 (e522d04694c7ebea4ba8821272dbef4f9b818c91) on port 34783
Only local connections are allowed.
Mar 04, 2018 12:35:09 PM org.openqa.selenium.remote.ProtocolHandshake createSession
INFO: Detected dialect: OSS
Mar 04, 2018 12:35:11 PM com.codeborne.selenide.webdriver.WebDriverFactory logBrowserVersion
INFO: BrowserName=chrome Version=64.0.3282.167 Platform=XP
Mar 04, 2018 12:35:11 PM com.codeborne.selenide.webdriver.WebDriverFactory createWebDriver
INFO: Selenide v. 4.10
Mar 04, 2018 12:35:11 PM com.codeborne.selenide.webdriver.WebDriverFactory logSeleniumInfo
INFO: Selenium WebDriver v. 3.8.1 build time: 2017-12-01T18:33:54.468Z
Mar 04, 2018 12:35:11 PM com.codeborne.selenide.impl.WebDriverThreadLocalContainer createDriver
INFO: Create webdriver in current thread 1: ChromeDriver -> ChromeDriver: chrome on XP (04e9b999d518c9c23439bbe1fca29871)
log4j:WARN No appenders could be found for logger (com.automation.remarks.video.recorder.monte.MonteRecorder).
log4j:WARN Please initialize the log4j system properly.
log4j:WARN See http://logging.apache.org/log4j/1.2/faq.html#noconfig for more info.
]]></system-err>
  </testcase>
  <testcase name="logs" classname="com.affilomnia.leadbaskets.SellerTest" time="34.96">
    <failure message="Element not found {a.profile}&#10;Expected: visible" type="com.codeborne.selenide.ex.ElementNotFound">com.codeborne.selenide.ex.ElementNotFound: 
Element not found {a.profile}
Expected: visible
Caused by: org.openqa.selenium.NoSuchElementException: 
no such element: Unable to locate element: {"method":"css selector","selector":"a.profile"}
  (Session info: chrome=64.0.3282.167)
  (Driver info: chromedriver=2.36.540470 (e522d04694c7ebea4ba8821272dbef4f9b818c91),platform=Windows NT 10.0.16299 x86_64) (WARNING: The server did not provide any stacktrace information)
Command duration or timeout: 0 milliseconds
For documentation on this error, please visit: http://seleniumhq.org/exceptions/no_such_element.html
Build info: version: '3.8.1', revision: '6e95a6684b', time: '2017-12-01T18:33:54.468Z'
System info: host: 'RG-W-KIRIL', ip: '169.254.62.74', os.name: 'Windows 10', os.arch: 'amd64', os.version: '10.0', java.version: '1.8.0_144'
Driver info: org.openqa.selenium.chrome.ChromeDriver
Capabilities {acceptInsecureCerts: false, acceptSslCerts: false, applicationCacheEnabled: false, browserConnectionEnabled: false, browserName: chrome, chrome: {chromedriverVersion: 2.36.540470 (e522d04694c7eb..., userDataDir: C:\Users\kiril\AppData\Loca...}, cssSelectorsEnabled: true, databaseEnabled: false, handlesAlerts: true, hasTouchScreen: false, javascriptEnabled: true, locationContextEnabled: true, mobileEmulationEnabled: false, nativeEvents: true, networkConnectionEnabled: false, pageLoadStrategy: normal, platform: XP, platformName: XP, rotatable: false, setWindowRect: true, takesHeapSnapshot: true, takesScreenshot: true, unexpectedAlertBehaviour: , unhandledPromptBehavior: , version: 64.0.3282.167, webStorageEnabled: true}
Session ID: 04e9b999d518c9c23439bbe1fca29871
*** Element info: {Using=css selector, value=a.profile}
</failure>
  </testcase>
  <testcase name="disputeLead" classname="com.affilomnia.leadbaskets.BuyerTest" time="13.005"/>
  <testcase name="adminAcceptDispute" classname="com.affilomnia.leadbaskets.AdminTest" time="12.076"/>
  <testcase name="adminDeclinedDispute" classname="com.affilomnia.leadbaskets.AdminTest" time="21.786"/>
  <testcase name="LoginAsSellerAndSendLead" classname="com.affilomnia.leadbaskets.FormLbTest" time="14.6"/>
  <testcase name="EmbeddedForm" classname="com.affilomnia.leadbaskets.FormLbTest" time="1.378"/>
  <testcase name="testTotalLeadTotalCpl" classname="com.affilomnia.leadbaskets.SellerTest" time="30.857"/>
  <testcase name="testStatisticParOffer" classname="com.affilomnia.leadbaskets.SellerTest" time="51.969"/>
  <testcase name="sellerAccountingStatistic" classname="com.affilomnia.leadbaskets.SellerTest" time="13.405"/>
</testsuite>