<?xml version="1.0" encoding="UTF-8"?>
<testsuite xmlns:xsi="http://www.w3.org/2001/XMLSchema-instance" xsi:noNamespaceSchemaLocation="https://maven.apache.org/surefire/maven-surefire-plugin/xsd/surefire-test-report.xsd" name="TestSuite" time="487.213" tests="19" errors="0" skipped="1" failures="10">
  <properties>
    <property name="sun.desktop" value="windows"/>
    <property name="awt.toolkit" value="sun.awt.windows.WToolkit"/>
    <property name="file.encoding.pkg" value="sun.io"/>
    <property name="java.specification.version" value="1.8"/>
    <property name="sun.cpu.isalist" value="amd64"/>
    <property name="sun.jnu.encoding" value="Cp1252"/>
    <property name="java.class.path" value="C:\LeadBasketsVr2\affilomnia.leadbaskets\target\test-classes;C:\LeadBasketsVr2\affilomnia.leadbaskets\target\classes;C:\Users\kiril\.m2\repository\org\testng\testng\6.13.1\testng-6.13.1.jar;C:\Users\kiril\.m2\repository\com\beust\jcommander\1.72\jcommander-1.72.jar;C:\Users\kiril\.m2\repository\com\codeborne\selenide\4.10\selenide-4.10.jar;C:\Users\kiril\.m2\repository\io\github\bonigarcia\webdrivermanager\2.0.1\webdrivermanager-2.0.1.jar;C:\Users\kiril\.m2\repository\org\slf4j\slf4j-api\1.7.24\slf4j-api-1.7.24.jar;C:\Users\kiril\.m2\repository\commons-io\commons-io\2.5\commons-io-2.5.jar;C:\Users\kiril\.m2\repository\org\apache\commons\commons-lang3\3.5\commons-lang3-3.5.jar;C:\Users\kiril\.m2\repository\org\rauschig\jarchivelib\0.7.1\jarchivelib-0.7.1.jar;C:\Users\kiril\.m2\repository\org\apache\commons\commons-compress\1.9\commons-compress-1.9.jar;C:\Users\kiril\.m2\repository\org\jsoup\jsoup\1.10.2\jsoup-1.10.2.jar;C:\Users\kiril\.m2\repository\org\apache\httpcomponents\httpcore\4.4.8\httpcore-4.4.8.jar;C:\Users\kiril\.m2\repository\org\seleniumhq\selenium\selenium-java\3.8.1\selenium-java-3.8.1.jar;C:\Users\kiril\.m2\repository\org\seleniumhq\selenium\selenium-api\3.8.1\selenium-api-3.8.1.jar;C:\Users\kiril\.m2\repository\org\seleniumhq\selenium\selenium-chrome-driver\3.8.1\selenium-chrome-driver-3.8.1.jar;C:\Users\kiril\.m2\repository\org\seleniumhq\selenium\selenium-edge-driver\3.8.1\selenium-edge-driver-3.8.1.jar;C:\Users\kiril\.m2\repository\org\seleniumhq\selenium\selenium-firefox-driver\3.8.1\selenium-firefox-driver-3.8.1.jar;C:\Users\kiril\.m2\repository\org\seleniumhq\selenium\selenium-ie-driver\3.8.1\selenium-ie-driver-3.8.1.jar;C:\Users\kiril\.m2\repository\org\seleniumhq\selenium\selenium-opera-driver\3.8.1\selenium-opera-driver-3.8.1.jar;C:\Users\kiril\.m2\repository\org\seleniumhq\selenium\selenium-remote-driver\3.8.1\selenium-remote-driver-3.8.1.jar;C:\Users\kiril\.m2\repository\org\seleniumhq\selenium\selenium-support\3.8.1\selenium-support-3.8.1.jar;C:\Users\kiril\.m2\repository\net\bytebuddy\byte-buddy\1.7.5\byte-buddy-1.7.5.jar;C:\Users\kiril\.m2\repository\org\apache\commons\commons-exec\1.3\commons-exec-1.3.jar;C:\Users\kiril\.m2\repository\commons-logging\commons-logging\1.2\commons-logging-1.2.jar;C:\Users\kiril\.m2\repository\com\google\code\gson\gson\2.8.2\gson-2.8.2.jar;C:\Users\kiril\.m2\repository\com\google\guava\guava\23.6-jre\guava-23.6-jre.jar;C:\Users\kiril\.m2\repository\com\google\code\findbugs\jsr305\1.3.9\jsr305-1.3.9.jar;C:\Users\kiril\.m2\repository\org\checkerframework\checker-compat-qual\2.0.0\checker-compat-qual-2.0.0.jar;C:\Users\kiril\.m2\repository\com\google\errorprone\error_prone_annotations\2.1.3\error_prone_annotations-2.1.3.jar;C:\Users\kiril\.m2\repository\com\google\j2objc\j2objc-annotations\1.1\j2objc-annotations-1.1.jar;C:\Users\kiril\.m2\repository\org\codehaus\mojo\animal-sniffer-annotations\1.14\animal-sniffer-annotations-1.14.jar;C:\Users\kiril\.m2\repository\net\lightbody\bmp\browsermob-core\2.1.5\browsermob-core-2.1.5.jar;C:\Users\kiril\.m2\repository\net\lightbody\bmp\littleproxy\1.1.0-beta-bmp-17\littleproxy-1.1.0-beta-bmp-17.jar;C:\Users\kiril\.m2\repository\com\fasterxml\jackson\core\jackson-core\2.8.9\jackson-core-2.8.9.jar;C:\Users\kiril\.m2\repository\com\fasterxml\jackson\core\jackson-databind\2.8.9\jackson-databind-2.8.9.jar;C:\Users\kiril\.m2\repository\com\fasterxml\jackson\core\jackson-annotations\2.8.9\jackson-annotations-2.8.9.jar;C:\Users\kiril\.m2\repository\dnsjava\dnsjava\2.1.8\dnsjava-2.1.8.jar;C:\Users\kiril\.m2\repository\org\slf4j\jcl-over-slf4j\1.7.25\jcl-over-slf4j-1.7.25.jar;C:\Users\kiril\.m2\repository\com\jcraft\jzlib\1.1.3\jzlib-1.1.3.jar;C:\Users\kiril\.m2\repository\io\netty\netty-all\4.0.51.Final\netty-all-4.0.51.Final.jar;C:\Users\kiril\.m2\repository\org\bouncycastle\bcprov-jdk15on\1.58\bcprov-jdk15on-1.58.jar;C:\Users\kiril\.m2\repository\org\bouncycastle\bcpkix-jdk15on\1.58\bcpkix-jdk15on-1.58.jar;C:\Users\kiril\.m2\repository\net\lightbody\bmp\mitm\2.1.5\mitm-2.1.5.jar;C:\Users\kiril\.m2\repository\com\codeborne\phantomjsdriver\1.4.4\phantomjsdriver-1.4.4.jar;C:\Users\kiril\.m2\repository\commons-codec\commons-codec\1.11\commons-codec-1.11.jar;C:\Users\kiril\.m2\repository\com\google\inject\guice\4.1.0\guice-4.1.0.jar;C:\Users\kiril\.m2\repository\javax\inject\javax.inject\1\javax.inject-1.jar;C:\Users\kiril\.m2\repository\aopalliance\aopalliance\1.0\aopalliance-1.0.jar;C:\Users\kiril\.m2\repository\org\aspectj\aspectjweaver\1.8.13\aspectjweaver-1.8.13.jar;C:\Users\kiril\.m2\repository\io\qameta\allure\allure-testng\2.0-BETA19\allure-testng-2.0-BETA19.jar;C:\Users\kiril\.m2\repository\io\qameta\allure\allure-descriptions-javadoc\2.0-BETA19\allure-descriptions-javadoc-2.0-BETA19.jar;C:\Users\kiril\.m2\repository\io\qameta\allure\allure-java-commons\2.0-BETA19\allure-java-commons-2.0-BETA19.jar;C:\Users\kiril\.m2\repository\io\qameta\allure\allure2-model-api\1.0-BETA6\allure2-model-api-1.0-BETA6.jar;C:\Users\kiril\.m2\repository\io\qameta\allure\allure2-model-pojo\1.0-BETA6\allure2-model-pojo-1.0-BETA6.jar;C:\Users\kiril\.m2\repository\org\apache\tika\tika-core\1.14\tika-core-1.14.jar;C:\Users\kiril\.m2\repository\io\qameta\allure\allure2-model-jackson\1.0-BETA6\allure2-model-jackson-1.0-BETA6.jar;C:\Users\kiril\.m2\repository\com\fasterxml\jackson\module\jackson-module-jaxb-annotations\2.7.0\jackson-module-jaxb-annotations-2.7.0.jar;C:\Users\kiril\.m2\repository\org\aspectj\aspectjrt\1.8.10\aspectjrt-1.8.10.jar;C:\Users\kiril\.m2\repository\org\jooq\joor\0.9.6\joor-0.9.6.jar;C:\Users\kiril\.m2\repository\com\codeborne\pdf-test\1.4\pdf-test-1.4.jar;C:\Users\kiril\.m2\repository\org\hamcrest\hamcrest-core\1.3\hamcrest-core-1.3.jar;C:\Users\kiril\.m2\repository\org\apache\pdfbox\pdfbox\2.0.0\pdfbox-2.0.0.jar;C:\Users\kiril\.m2\repository\org\apache\pdfbox\fontbox\2.0.0\fontbox-2.0.0.jar;C:\Users\kiril\.m2\repository\junit\junit\4.12\junit-4.12.jar;C:\Users\kiril\.m2\repository\com\automation-remarks\video-recorder-testng\1.7\video-recorder-testng-1.7.jar;C:\Users\kiril\.m2\repository\com\automation-remarks\video-recorder-core\1.7\video-recorder-core-1.7.jar;C:\Users\kiril\.m2\repository\org\zeroturnaround\zt-exec\1.9\zt-exec-1.9.jar;C:\Users\kiril\.m2\repository\org\aeonbits\owner\owner-java8\1.0.9\owner-java8-1.0.9.jar;C:\Users\kiril\.m2\repository\org\aeonbits\owner\owner\1.0.9\owner-1.0.9.jar;C:\Users\kiril\.m2\repository\log4j\log4j\1.2.17\log4j-1.2.17.jar;C:\Users\kiril\.m2\repository\org\json\json\20160810\json-20160810.jar;C:\Users\kiril\.m2\repository\org\apache\httpcomponents\httpclient\4.5.2\httpclient-4.5.2.jar;C:\Users\kiril\.m2\repository\org\awaitility\awaitility\3.0.0\awaitility-3.0.0.jar;C:\Users\kiril\.m2\repository\org\hamcrest\hamcrest-library\1.3\hamcrest-library-1.3.jar;C:\Users\kiril\.m2\repository\org\objenesis\objenesis\2.5.1\objenesis-2.5.1.jar;C:\Users\kiril\.m2\repository\org\apache\maven\surefire\surefire-testng-utils\2.20.1\surefire-testng-utils-2.20.1.jar;C:\Users\kiril\.m2\repository\org\apache\maven\surefire\surefire-grouper\2.20.1\surefire-grouper-2.20.1.jar;"/>
    <property name="java.vm.vendor" value="Oracle Corporation"/>
    <property name="sun.arch.data.model" value="64"/>
    <property name="user.variant" value=""/>
    <property name="java.vendor.url" value="http://java.oracle.com/"/>
    <property name="user.timezone" value=""/>
    <property name="java.vm.specification.version" value="1.8"/>
    <property name="os.name" value="Windows 10"/>
    <property name="user.country" value="US"/>
    <property name="sun.java.launcher" value="SUN_STANDARD"/>
    <property name="sun.boot.library.path" value="C:\Program Files\Java\jdk1.8.0_144\jre\bin"/>
    <property name="sun.java.command" value="C:\Users\kiril\AppData\Local\Temp\surefire2113870370125588472\surefirebooter7487281699128535411.jar C:\Users\kiril\AppData\Local\Temp\surefire2113870370125588472 2018-04-12T12-52-03_415-jvmRun1 surefire4293752432831184516tmp surefire_0252368668123382907tmp"/>
    <property name="surefire.test.class.path" value="C:\LeadBasketsVr2\affilomnia.leadbaskets\target\test-classes;C:\LeadBasketsVr2\affilomnia.leadbaskets\target\classes;C:\Users\kiril\.m2\repository\org\testng\testng\6.13.1\testng-6.13.1.jar;C:\Users\kiril\.m2\repository\com\beust\jcommander\1.72\jcommander-1.72.jar;C:\Users\kiril\.m2\repository\com\codeborne\selenide\4.10\selenide-4.10.jar;C:\Users\kiril\.m2\repository\io\github\bonigarcia\webdrivermanager\2.0.1\webdrivermanager-2.0.1.jar;C:\Users\kiril\.m2\repository\org\slf4j\slf4j-api\1.7.24\slf4j-api-1.7.24.jar;C:\Users\kiril\.m2\repository\commons-io\commons-io\2.5\commons-io-2.5.jar;C:\Users\kiril\.m2\repository\org\apache\commons\commons-lang3\3.5\commons-lang3-3.5.jar;C:\Users\kiril\.m2\repository\org\rauschig\jarchivelib\0.7.1\jarchivelib-0.7.1.jar;C:\Users\kiril\.m2\repository\org\apache\commons\commons-compress\1.9\commons-compress-1.9.jar;C:\Users\kiril\.m2\repository\org\jsoup\jsoup\1.10.2\jsoup-1.10.2.jar;C:\Users\kiril\.m2\repository\org\apache\httpcomponents\httpcore\4.4.8\httpcore-4.4.8.jar;C:\Users\kiril\.m2\repository\org\seleniumhq\selenium\selenium-java\3.8.1\selenium-java-3.8.1.jar;C:\Users\kiril\.m2\repository\org\seleniumhq\selenium\selenium-api\3.8.1\selenium-api-3.8.1.jar;C:\Users\kiril\.m2\repository\org\seleniumhq\selenium\selenium-chrome-driver\3.8.1\selenium-chrome-driver-3.8.1.jar;C:\Users\kiril\.m2\repository\org\seleniumhq\selenium\selenium-edge-driver\3.8.1\selenium-edge-driver-3.8.1.jar;C:\Users\kiril\.m2\repository\org\seleniumhq\selenium\selenium-firefox-driver\3.8.1\selenium-firefox-driver-3.8.1.jar;C:\Users\kiril\.m2\repository\org\seleniumhq\selenium\selenium-ie-driver\3.8.1\selenium-ie-driver-3.8.1.jar;C:\Users\kiril\.m2\repository\org\seleniumhq\selenium\selenium-opera-driver\3.8.1\selenium-opera-driver-3.8.1.jar;C:\Users\kiril\.m2\repository\org\seleniumhq\selenium\selenium-remote-driver\3.8.1\selenium-remote-driver-3.8.1.jar;C:\Users\kiril\.m2\repository\org\seleniumhq\selenium\selenium-support\3.8.1\selenium-support-3.8.1.jar;C:\Users\kiril\.m2\repository\net\bytebuddy\byte-buddy\1.7.5\byte-buddy-1.7.5.jar;C:\Users\kiril\.m2\repository\org\apache\commons\commons-exec\1.3\commons-exec-1.3.jar;C:\Users\kiril\.m2\repository\commons-logging\commons-logging\1.2\commons-logging-1.2.jar;C:\Users\kiril\.m2\repository\com\google\code\gson\gson\2.8.2\gson-2.8.2.jar;C:\Users\kiril\.m2\repository\com\google\guava\guava\23.6-jre\guava-23.6-jre.jar;C:\Users\kiril\.m2\repository\com\google\code\findbugs\jsr305\1.3.9\jsr305-1.3.9.jar;C:\Users\kiril\.m2\repository\org\checkerframework\checker-compat-qual\2.0.0\checker-compat-qual-2.0.0.jar;C:\Users\kiril\.m2\repository\com\google\errorprone\error_prone_annotations\2.1.3\error_prone_annotations-2.1.3.jar;C:\Users\kiril\.m2\repository\com\google\j2objc\j2objc-annotations\1.1\j2objc-annotations-1.1.jar;C:\Users\kiril\.m2\repository\org\codehaus\mojo\animal-sniffer-annotations\1.14\animal-sniffer-annotations-1.14.jar;C:\Users\kiril\.m2\repository\net\lightbody\bmp\browsermob-core\2.1.5\browsermob-core-2.1.5.jar;C:\Users\kiril\.m2\repository\net\lightbody\bmp\littleproxy\1.1.0-beta-bmp-17\littleproxy-1.1.0-beta-bmp-17.jar;C:\Users\kiril\.m2\repository\com\fasterxml\jackson\core\jackson-core\2.8.9\jackson-core-2.8.9.jar;C:\Users\kiril\.m2\repository\com\fasterxml\jackson\core\jackson-databind\2.8.9\jackson-databind-2.8.9.jar;C:\Users\kiril\.m2\repository\com\fasterxml\jackson\core\jackson-annotations\2.8.9\jackson-annotations-2.8.9.jar;C:\Users\kiril\.m2\repository\dnsjava\dnsjava\2.1.8\dnsjava-2.1.8.jar;C:\Users\kiril\.m2\repository\org\slf4j\jcl-over-slf4j\1.7.25\jcl-over-slf4j-1.7.25.jar;C:\Users\kiril\.m2\repository\com\jcraft\jzlib\1.1.3\jzlib-1.1.3.jar;C:\Users\kiril\.m2\repository\io\netty\netty-all\4.0.51.Final\netty-all-4.0.51.Final.jar;C:\Users\kiril\.m2\repository\org\bouncycastle\bcprov-jdk15on\1.58\bcprov-jdk15on-1.58.jar;C:\Users\kiril\.m2\repository\org\bouncycastle\bcpkix-jdk15on\1.58\bcpkix-jdk15on-1.58.jar;C:\Users\kiril\.m2\repository\net\lightbody\bmp\mitm\2.1.5\mitm-2.1.5.jar;C:\Users\kiril\.m2\repository\com\codeborne\phantomjsdriver\1.4.4\phantomjsdriver-1.4.4.jar;C:\Users\kiril\.m2\repository\commons-codec\commons-codec\1.11\commons-codec-1.11.jar;C:\Users\kiril\.m2\repository\com\google\inject\guice\4.1.0\guice-4.1.0.jar;C:\Users\kiril\.m2\repository\javax\inject\javax.inject\1\javax.inject-1.jar;C:\Users\kiril\.m2\repository\aopalliance\aopalliance\1.0\aopalliance-1.0.jar;C:\Users\kiril\.m2\repository\org\aspectj\aspectjweaver\1.8.13\aspectjweaver-1.8.13.jar;C:\Users\kiril\.m2\repository\io\qameta\allure\allure-testng\2.0-BETA19\allure-testng-2.0-BETA19.jar;C:\Users\kiril\.m2\repository\io\qameta\allure\allure-descriptions-javadoc\2.0-BETA19\allure-descriptions-javadoc-2.0-BETA19.jar;C:\Users\kiril\.m2\repository\io\qameta\allure\allure-java-commons\2.0-BETA19\allure-java-commons-2.0-BETA19.jar;C:\Users\kiril\.m2\repository\io\qameta\allure\allure2-model-api\1.0-BETA6\allure2-model-api-1.0-BETA6.jar;C:\Users\kiril\.m2\repository\io\qameta\allure\allure2-model-pojo\1.0-BETA6\allure2-model-pojo-1.0-BETA6.jar;C:\Users\kiril\.m2\repository\org\apache\tika\tika-core\1.14\tika-core-1.14.jar;C:\Users\kiril\.m2\repository\io\qameta\allure\allure2-model-jackson\1.0-BETA6\allure2-model-jackson-1.0-BETA6.jar;C:\Users\kiril\.m2\repository\com\fasterxml\jackson\module\jackson-module-jaxb-annotations\2.7.0\jackson-module-jaxb-annotations-2.7.0.jar;C:\Users\kiril\.m2\repository\org\aspectj\aspectjrt\1.8.10\aspectjrt-1.8.10.jar;C:\Users\kiril\.m2\repository\org\jooq\joor\0.9.6\joor-0.9.6.jar;C:\Users\kiril\.m2\repository\com\codeborne\pdf-test\1.4\pdf-test-1.4.jar;C:\Users\kiril\.m2\repository\org\hamcrest\hamcrest-core\1.3\hamcrest-core-1.3.jar;C:\Users\kiril\.m2\repository\org\apache\pdfbox\pdfbox\2.0.0\pdfbox-2.0.0.jar;C:\Users\kiril\.m2\repository\org\apache\pdfbox\fontbox\2.0.0\fontbox-2.0.0.jar;C:\Users\kiril\.m2\repository\junit\junit\4.12\junit-4.12.jar;C:\Users\kiril\.m2\repository\com\automation-remarks\video-recorder-testng\1.7\video-recorder-testng-1.7.jar;C:\Users\kiril\.m2\repository\com\automation-remarks\video-recorder-core\1.7\video-recorder-core-1.7.jar;C:\Users\kiril\.m2\repository\org\zeroturnaround\zt-exec\1.9\zt-exec-1.9.jar;C:\Users\kiril\.m2\repository\org\aeonbits\owner\owner-java8\1.0.9\owner-java8-1.0.9.jar;C:\Users\kiril\.m2\repository\org\aeonbits\owner\owner\1.0.9\owner-1.0.9.jar;C:\Users\kiril\.m2\repository\log4j\log4j\1.2.17\log4j-1.2.17.jar;C:\Users\kiril\.m2\repository\org\json\json\20160810\json-20160810.jar;C:\Users\kiril\.m2\repository\org\apache\httpcomponents\httpclient\4.5.2\httpclient-4.5.2.jar;C:\Users\kiril\.m2\repository\org\awaitility\awaitility\3.0.0\awaitility-3.0.0.jar;C:\Users\kiril\.m2\repository\org\hamcrest\hamcrest-library\1.3\hamcrest-library-1.3.jar;C:\Users\kiril\.m2\repository\org\objenesis\objenesis\2.5.1\objenesis-2.5.1.jar;C:\Users\kiril\.m2\repository\org\apache\maven\surefire\surefire-testng-utils\2.20.1\surefire-testng-utils-2.20.1.jar;C:\Users\kiril\.m2\repository\org\apache\maven\surefire\surefire-grouper\2.20.1\surefire-grouper-2.20.1.jar;"/>
    <property name="sun.cpu.endian" value="little"/>
    <property name="user.home" value="C:\Users\kiril"/>
    <property name="user.language" value="en"/>
    <property name="java.specification.vendor" value="Oracle Corporation"/>
    <property name="java.home" value="C:\Program Files\Java\jdk1.8.0_144\jre"/>
    <property name="basedir" value="C:\LeadBasketsVr2\affilomnia.leadbaskets"/>
    <property name="file.separator" value="\"/>
    <property name="line.separator" value="&#10;"/>
    <property name="java.vm.specification.vendor" value="Oracle Corporation"/>
    <property name="java.specification.name" value="Java Platform API Specification"/>
    <property name="java.awt.graphicsenv" value="sun.awt.Win32GraphicsEnvironment"/>
    <property name="surefire.real.class.path" value="C:\Users\kiril\AppData\Local\Temp\surefire2113870370125588472\surefirebooter7487281699128535411.jar;C:\Users\kiril\.m2\repository/org/aspectj/aspectjweaver/1.8.13/aspectjweaver-1.8.13.jar"/>
    <property name="sun.boot.class.path" value="C:\Program Files\Java\jdk1.8.0_144\jre\lib\resources.jar;C:\Program Files\Java\jdk1.8.0_144\jre\lib\rt.jar;C:\Program Files\Java\jdk1.8.0_144\jre\lib\sunrsasign.jar;C:\Program Files\Java\jdk1.8.0_144\jre\lib\jsse.jar;C:\Program Files\Java\jdk1.8.0_144\jre\lib\jce.jar;C:\Program Files\Java\jdk1.8.0_144\jre\lib\charsets.jar;C:\Program Files\Java\jdk1.8.0_144\jre\lib\jfr.jar;C:\Program Files\Java\jdk1.8.0_144\jre\classes"/>
    <property name="user.script" value=""/>
    <property name="sun.management.compiler" value="HotSpot 64-Bit Tiered Compilers"/>
    <property name="java.runtime.version" value="1.8.0_144-b01"/>
    <property name="user.name" value="kiril"/>
    <property name="path.separator" value=";"/>
    <property name="os.version" value="10.0"/>
    <property name="java.endorsed.dirs" value="C:\Program Files\Java\jdk1.8.0_144\jre\lib\endorsed"/>
    <property name="java.runtime.name" value="Java(TM) SE Runtime Environment"/>
    <property name="file.encoding" value="Cp1252"/>
    <property name="java.vm.name" value="Java HotSpot(TM) 64-Bit Server VM"/>
    <property name="localRepository" value="C:\Users\kiril\.m2\repository"/>
    <property name="java.vendor.url.bug" value="http://bugreport.sun.com/bugreport/"/>
    <property name="java.io.tmpdir" value="C:\Users\kiril\AppData\Local\Temp\"/>
    <property name="java.version" value="1.8.0_144"/>
    <property name="user.dir" value="C:\LeadBasketsVr2\affilomnia.leadbaskets"/>
    <property name="os.arch" value="amd64"/>
    <property name="java.vm.specification.name" value="Java Virtual Machine Specification"/>
    <property name="java.awt.printerjob" value="sun.awt.windows.WPrinterJob"/>
    <property name="sun.os.patch.level" value=""/>
    <property name="java.library.path" value="C:\Program Files\Java\jdk1.8.0_144\jre\bin;C:\WINDOWS\Sun\Java\bin;C:\WINDOWS\system32;C:\WINDOWS;C:\Users\kiril\bin;C:\Program Files\Git\mingw64\bin;C:\Program Files\Git\usr\local\bin;C:\Program Files\Git\usr\bin;C:\Program Files\Git\usr\bin;C:\Program Files\Git\mingw64\bin;C:\Program Files\Git\usr\bin;C:\Users\kiril\bin;C:\Program Files\Docker\Docker\Resources\bin;C:\apache-maven-3.5.2\bin;C:\Users\kiril\scoop\apps\allure\2.5.0\bin;C:\WINDOWS\system32;C:\WINDOWS;C:\WINDOWS\System32\Wbem;C:\WINDOWS\System32\WindowsPowerShell\v1.0;C:\Program Files\Git\cmd;C:\Program Files\Java\jdk1.8.0_144\bin;C:\Program Files (x86)\Java\jre1.8.0_144\lib;C:\Users\kiril\scoop\apps\allure\current\bin;C:\Users\kiril\Desktop;C:\Users\kiril\AppData\Local\Android\Sdk\tools\bin;C:\Users\kiril\AppData\Local\Android\Sdk\tools;C:\Program Files\nodejs;C:\Program Files\nodejs\node_modules\npm\bin;C:\Users\kiril\scoop\shims;C:\Users\kiril\AppData\Local\Microsoft\WindowsApps;C:\Program Files (x86)\HMA! Pro VPN\bin;C:\Users\kiril\AppData\Local\Microsoft\WindowsApps;C:\Users\kiril\AppData\Roaming\npm;C:\Program Files\Git\usr\bin\vendor_perl;C:\Program Files\Git\usr\bin\core_perl;."/>
    <property name="java.vm.info" value="mixed mode"/>
    <property name="java.vendor" value="Oracle Corporation"/>
    <property name="java.vm.version" value="25.144-b01"/>
    <property name="java.ext.dirs" value="C:\Program Files\Java\jdk1.8.0_144\jre\lib\ext;C:\WINDOWS\Sun\Java\lib\ext"/>
    <property name="sun.io.unicode.encoding" value="UnicodeLittle"/>
    <property name="java.class.version" value="52.0"/>
  </properties>
  <testcase name="sellerRegistrtion" classname="com.affilomnia.leadbaskets.SellerTest" time="52.521"/>
  <testcase name="creteCampaign" classname="com.affilomnia.leadbaskets.BuyerTest" time="18.334"/>
  <testcase name="disputeLead" classname="com.affilomnia.leadbaskets.BuyerTest" time="14.048"/>
  <testcase name="testBuyerRegistrtion" classname="com.affilomnia.leadbaskets.BuyerTest" time="12.426"/>
  <testcase name="testdownloadIntegrtionPDF" classname="com.affilomnia.leadbaskets.BuyerTest" time="3.39"/>
  <testcase name="adminAcceptDispute" classname="com.affilomnia.leadbaskets.AdminTest" time="19.975">
    <failure message=": expected: = 1, actual: 2, collection: tr[ng-repeat*=&apos;displayedSellerList&apos;]&#10;Elements: [&#10;	&lt;tr class=&quot;lead-row ng-scope&quot; ng-class=&quot;{selected : lead.is_checked, update_selected: lead.is_checked &amp;&amp; changedActions, expand: lead.id == expandedLeadId }&quot; ng-click=&quot;expandLead(lead.id, $event)&quot; ng-repeat=&quot;lead in displayedSellerList&quot;&gt;18750&#10;Fake name&#10;12/04/2018 | 09:55 12/04/2018 | 09:55 - AutomationLead Selenide ibvpbe1u2b@dispute.com (+972) 531415926 - $36.00 $36.00 Israel biddertest - 133 bidder test Unique Lead&#10;Active&#10;Lead Info&lt;/tr&gt;,&#10;	&lt;tr class=&quot;lead-row ng-scope&quot; ng-class=&quot;{selected : lead.is_checked, update_selected: lead.is_checked &amp;&amp; changedActions, expand: lead.id == expandedLeadId }&quot; ng-click=&quot;expandLead(lead.id, $event)&quot; ng-repeat=&quot;lead in displayedSellerList&quot;&gt;18749&#10;Wrong geo-location&#10;12/04/2018 | 09:11 12/04/2018 | 09:11 - AutomationLead Selenide bqbrgberqh@dispute.com (+972) 531415926 - $36.00 $36.00 Israel biddertest - 133 bidder test Unique Lead&#10;Active&#10;Lead Info&lt;/tr&gt;&#10;]" type="com.codeborne.selenide.ex.ListSizeMismatch"><![CDATA[com.codeborne.selenide.ex.ListSizeMismatch: 
: expected: = 1, actual: 2, collection: tr[ng-repeat*='displayedSellerList']
Elements: [
	<tr class="lead-row ng-scope" ng-class="{selected : lead.is_checked, update_selected: lead.is_checked && changedActions, expand: lead.id == expandedLeadId }" ng-click="expandLead(lead.id, $event)" ng-repeat="lead in displayedSellerList">18750
Fake name
12/04/2018 | 09:55 12/04/2018 | 09:55 - AutomationLead Selenide ibvpbe1u2b@dispute.com (+972) 531415926 - $36.00 $36.00 Israel biddertest - 133 bidder test Unique Lead
Active
Lead Info</tr>,
	<tr class="lead-row ng-scope" ng-class="{selected : lead.is_checked, update_selected: lead.is_checked && changedActions, expand: lead.id == expandedLeadId }" ng-click="expandLead(lead.id, $event)" ng-repeat="lead in displayedSellerList">18749
Wrong geo-location
12/04/2018 | 09:11 12/04/2018 | 09:11 - AutomationLead Selenide bqbrgberqh@dispute.com (+972) 531415926 - $36.00 $36.00 Israel biddertest - 133 bidder test Unique Lead
Active
Lead Info</tr>
]
	at com.affilomnia.leadbaskets.AdminTest.adminAcceptDispute(AdminTest.java:58)
]]></failure>
    <system-out><![CDATA[[TestHTMLReporter] The system cannot find the path specified
Report for adminAcceptDispute
+-------------------------------------+----------------------------------------------------------------------+----------+----------+
|Element                              |Subject                                                               |Status    |ms.       |
+-------------------------------------+----------------------------------------------------------------------+----------+----------+
|open                                 |https://test_staff.leadsbasket.com                                    |PASS      |1048      |
|input[name='email']                  |send keys(kirill3@gmx.com)                                            |PASS      |495       |
|#password                            |send keys(Test123456@)                                                |PASS      |110       |
|button[type='submit']                |press enter()                                                         |PASS      |61        |
|a[href*='system-management']         |click()                                                               |PASS      |65        |
|a[ui-sref='system.dispute']          |click()                                                               |PASS      |442       |
|input[placeholder*='Email']          |set value(dispute.com)                                                |PASS      |96        |
|tr[ng-repeat*='displayedSellerList'] |should have(size(1))                                                  |FAIL      |6214      |
+-------------------------------------+----------------------------------------------------------------------+----------+----------+

]]></system-out>
  </testcase>
  <testcase name="logs" classname="com.affilomnia.leadbaskets.AdminTest" time="25.475">
    <failure message="Element not found {div.drop_userInfo&gt;ul&gt;li:nth-child(5)&gt;a}&#10;Expected: visible" type="com.codeborne.selenide.ex.ElementNotFound">com.codeborne.selenide.ex.ElementNotFound: 
Element not found {div.drop_userInfo>ul>li:nth-child(5)>a}
Expected: visible
Caused by: org.openqa.selenium.NoSuchElementException: 
no such element: Unable to locate element: {"method":"css selector","selector":"div.drop_userInfo>ul>li:nth-child(5)>a"}
  (Session info: chrome=65.0.3325.181)
  (Driver info: chromedriver=2.37.543627 (63642262d9fb93fb4ab52398be4286d844092a5e),platform=Windows NT 10.0.16299 x86_64) (WARNING: The server did not provide any stacktrace information)
Command duration or timeout: 0 milliseconds
For documentation on this error, please visit: http://seleniumhq.org/exceptions/no_such_element.html
Build info: version: '3.8.1', revision: '6e95a6684b', time: '2017-12-01T18:33:54.468Z'
System info: host: 'RG-W-KIRIL', ip: '169.254.62.74', os.name: 'Windows 10', os.arch: 'amd64', os.version: '10.0', java.version: '1.8.0_144'
Driver info: org.openqa.selenium.chrome.ChromeDriver
Capabilities {acceptInsecureCerts: false, acceptSslCerts: false, applicationCacheEnabled: false, browserConnectionEnabled: false, browserName: chrome, chrome: {chromedriverVersion: 2.37.543627 (63642262d9fb93..., userDataDir: C:\Users\kiril\AppData\Loca...}, cssSelectorsEnabled: true, databaseEnabled: false, handlesAlerts: true, hasTouchScreen: false, javascriptEnabled: true, locationContextEnabled: true, mobileEmulationEnabled: false, nativeEvents: true, networkConnectionEnabled: false, pageLoadStrategy: normal, platform: XP, platformName: XP, rotatable: false, setWindowRect: true, takesHeapSnapshot: true, takesScreenshot: true, unexpectedAlertBehaviour: , unhandledPromptBehavior: , version: 65.0.3325.181, webStorageEnabled: true}
Session ID: 74321f61b0d65321bbcda9a127eb928a
*** Element info: {Using=css selector, value=div.drop_userInfo>ul>li:nth-child(5)>a}
</failure>
  </testcase>
  <testcase name="logs" classname="com.affilomnia.leadbaskets.AdminTest" time="31.241">
    <failure message="Element not found {div.drop_userInfo&gt;ul&gt;li:nth-child(5)&gt;a}&#10;Expected: visible" type="com.codeborne.selenide.ex.ElementNotFound">com.codeborne.selenide.ex.ElementNotFound: 
Element not found {div.drop_userInfo>ul>li:nth-child(5)>a}
Expected: visible
Caused by: org.openqa.selenium.NoSuchElementException: 
no such element: Unable to locate element: {"method":"css selector","selector":"div.drop_userInfo>ul>li:nth-child(5)>a"}
  (Session info: chrome=65.0.3325.181)
  (Driver info: chromedriver=2.37.543627 (63642262d9fb93fb4ab52398be4286d844092a5e),platform=Windows NT 10.0.16299 x86_64) (WARNING: The server did not provide any stacktrace information)
Command duration or timeout: 0 milliseconds
For documentation on this error, please visit: http://seleniumhq.org/exceptions/no_such_element.html
Build info: version: '3.8.1', revision: '6e95a6684b', time: '2017-12-01T18:33:54.468Z'
System info: host: 'RG-W-KIRIL', ip: '169.254.62.74', os.name: 'Windows 10', os.arch: 'amd64', os.version: '10.0', java.version: '1.8.0_144'
Driver info: org.openqa.selenium.chrome.ChromeDriver
Capabilities {acceptInsecureCerts: false, acceptSslCerts: false, applicationCacheEnabled: false, browserConnectionEnabled: false, browserName: chrome, chrome: {chromedriverVersion: 2.37.543627 (63642262d9fb93..., userDataDir: C:\Users\kiril\AppData\Loca...}, cssSelectorsEnabled: true, databaseEnabled: false, handlesAlerts: true, hasTouchScreen: false, javascriptEnabled: true, locationContextEnabled: true, mobileEmulationEnabled: false, nativeEvents: true, networkConnectionEnabled: false, pageLoadStrategy: normal, platform: XP, platformName: XP, rotatable: false, setWindowRect: true, takesHeapSnapshot: true, takesScreenshot: true, unexpectedAlertBehaviour: , unhandledPromptBehavior: , version: 65.0.3325.181, webStorageEnabled: true}
Session ID: 74321f61b0d65321bbcda9a127eb928a
*** Element info: {Using=css selector, value=div.drop_userInfo>ul>li:nth-child(5)>a}
</failure>
    <system-out><![CDATA[Report for null
+--------------------+----------------------------------------------------------------------+----------+----------+
|Element             |Subject                                                               |Status    |ms.       |
+--------------------+----------------------------------------------------------------------+----------+----------+
+--------------------+----------------------------------------------------------------------+----------+----------+

]]></system-out>
  </testcase>
  <testcase name="logs" classname="com.affilomnia.leadbaskets.AdminTest" time="10.69">
    <failure message="Element not found {div.drop_userInfo&gt;ul&gt;li:nth-child(5)&gt;a}&#10;Expected: visible" type="com.codeborne.selenide.ex.ElementNotFound">com.codeborne.selenide.ex.ElementNotFound: 
Element not found {div.drop_userInfo>ul>li:nth-child(5)>a}
Expected: visible
Caused by: org.openqa.selenium.NoSuchElementException: 
no such element: Unable to locate element: {"method":"css selector","selector":"div.drop_userInfo>ul>li:nth-child(5)>a"}
  (Session info: chrome=65.0.3325.181)
  (Driver info: chromedriver=2.37.543627 (63642262d9fb93fb4ab52398be4286d844092a5e),platform=Windows NT 10.0.16299 x86_64) (WARNING: The server did not provide any stacktrace information)
Command duration or timeout: 0 milliseconds
For documentation on this error, please visit: http://seleniumhq.org/exceptions/no_such_element.html
Build info: version: '3.8.1', revision: '6e95a6684b', time: '2017-12-01T18:33:54.468Z'
System info: host: 'RG-W-KIRIL', ip: '169.254.62.74', os.name: 'Windows 10', os.arch: 'amd64', os.version: '10.0', java.version: '1.8.0_144'
Driver info: org.openqa.selenium.chrome.ChromeDriver
Capabilities {acceptInsecureCerts: false, acceptSslCerts: false, applicationCacheEnabled: false, browserConnectionEnabled: false, browserName: chrome, chrome: {chromedriverVersion: 2.37.543627 (63642262d9fb93..., userDataDir: C:\Users\kiril\AppData\Loca...}, cssSelectorsEnabled: true, databaseEnabled: false, handlesAlerts: true, hasTouchScreen: false, javascriptEnabled: true, locationContextEnabled: true, mobileEmulationEnabled: false, nativeEvents: true, networkConnectionEnabled: false, pageLoadStrategy: normal, platform: XP, platformName: XP, rotatable: false, setWindowRect: true, takesHeapSnapshot: true, takesScreenshot: true, unexpectedAlertBehaviour: , unhandledPromptBehavior: , version: 65.0.3325.181, webStorageEnabled: true}
Session ID: 74321f61b0d65321bbcda9a127eb928a
*** Element info: {Using=css selector, value=div.drop_userInfo>ul>li:nth-child(5)>a}
</failure>
  </testcase>
  <testcase name="adminDeclinedDispute" classname="com.affilomnia.leadbaskets.AdminTest" time="0">
    <skipped message="Element not found {div.drop_userInfo&gt;ul&gt;li:nth-child(5)&gt;a}&#10;Expected: visible"/>
  </testcase>
  <testcase name="LoginAsSellerAndSendLead" classname="com.affilomnia.leadbaskets.FormLbTest" time="15.133"/>
  <testcase name="EmbeddedForm" classname="com.affilomnia.leadbaskets.FormLbTest" time="14.03">
    <failure message="Element should be text &apos;Registration done!&apos; {H1}&#10;Element: &apos;&lt;h1 id=&quot;app1&quot; displayed:false&gt;&lt;/h1&gt;&apos;" type="com.codeborne.selenide.ex.ElementShould"><![CDATA[com.codeborne.selenide.ex.ElementShould: 
Element should be text 'Registration done!' {H1}
Element: '<h1 id="app1" displayed:false></h1>'
	at com.affilomnia.leadbaskets.FormLbTest.EmbeddedForm(FormLbTest.java:77)
]]></failure>
    <system-out><![CDATA[Report for EmbeddedForm
+------------------------+----------------------------------------------------------------------+----------+----------+
|Element                 |Subject                                                               |Status    |ms.       |
+------------------------+----------------------------------------------------------------------+----------+----------+
|open                    |http://52.17.171.159/EmbeddedOffer/                                   |PASS      |882       |
|input[id*='first_name'] |set value(AutomationLead)                                             |PASS      |62        |
|input[id*='last_name']  |set value(selenide)                                                   |PASS      |53        |
|input[id*='email']      |set value(EFNVwIAHYP@lb.com)                                          |PASS      |45        |
|input[type='tel']       |set value(531415926)                                                  |PASS      |32        |
|input[type='submit']    |click()                                                               |PASS      |58        |
|p[class='error']        |text()                                                                |PASS      |29        |
|p[class='error']        |text()                                                                |PASS      |15        |
|H1                      |wait until([text 'Registration done!', 10000])                        |FAIL      |10178     |
+------------------------+----------------------------------------------------------------------+----------+----------+

]]></system-out>
  </testcase>
  <testcase name="testLoginTotalSpentAndLeads" classname="com.affilomnia.leadbaskets.BuyerTest" time="45.096"/>
  <testcase name="testTotalLeadTotalSpentAvgcplParCamp" classname="com.affilomnia.leadbaskets.BuyerTest" time="58.939"/>
  <testcase name="testTotalLeadTotalCpl" classname="com.affilomnia.leadbaskets.SellerTest" time="45.637">
    <failure message="The following asserts failed:&#10;	Total Leads expected [188.0] but found [0.0],&#10;	total Revenues expected [6176.92] but found [0.0]" type="java.lang.AssertionError">java.lang.AssertionError: 
The following asserts failed:
	Total Leads expected [188.0] but found [0.0],
	total Revenues expected [6176.92] but found [0.0]
	at com.affilomnia.leadbaskets.SellerTest.testTotalLeadTotalCpl(SellerTest.java:44)
</failure>
    <system-out><![CDATA[[TestHTMLReporter] The system cannot find the path specified
Report for testTotalLeadTotalCpl
+-----------------------------------------------+----------------------------------------------------------------------+----------+----------+
|Element                                        |Subject                                                               |Status    |ms.       |
+-----------------------------------------------+----------------------------------------------------------------------+----------+----------+
|open                                           |https://test_app.leadsbasket.com                                      |PASS      |288       |
|input[name='email']                            |send keys(kirilk+webdriver1@affilomania.com)                          |PASS      |176       |
|#password                                      |send keys(0546474985Ko)                                               |PASS      |107       |
|button[type='submit']                          |press enter()                                                         |PASS      |68        |
|by text: Report                                |click()                                                               |PASS      |86        |
|by text: 200                                   |wait until([visible, 20000])                                          |PASS      |39        |
|by text: 200                                   |click()                                                               |PASS      |76        |
|By.xpath: //tr[@class='ng-scope']//td[5][0]    |get text()                                                            |PASS      |34        |
|By.xpath: //tr[@class='ng-scope']//td[6][0]    |get text()                                                            |PASS      |37        |
|By.xpath: //tr[@class='ng-scope']//td[14][0]   |get text()                                                            |PASS      |43        |
|By.xpath: //tr[@class='ng-scope']//td[5][1]    |get text()                                                            |PASS      |33        |
|By.xpath: //tr[@class='ng-scope']//td[6][1]    |get text()                                                            |PASS      |29        |
|By.xpath: //tr[@class='ng-scope']//td[14][1]   |get text()                                                            |PASS      |31        |
|By.xpath: //tr[@class='ng-scope']//td[5][2]    |get text()                                                            |PASS      |48        |
|By.xpath: //tr[@class='ng-scope']//td[6][2]    |get text()                                                            |PASS      |31        |
|By.xpath: //tr[@class='ng-scope']//td[14][2]   |get text()                                                            |PASS      |42        |
|By.xpath: //tr[@class='ng-scope']//td[5][3]    |get text()                                                            |PASS      |35        |
|By.xpath: //tr[@class='ng-scope']//td[6][3]    |get text()                                                            |PASS      |50        |
|By.xpath: //tr[@class='ng-scope']//td[14][3]   |get text()                                                            |PASS      |27        |
|By.xpath: //tr[@class='ng-scope']//td[5][4]    |get text()                                                            |PASS      |62        |
|By.xpath: //tr[@class='ng-scope']//td[6][4]    |get text()                                                            |PASS      |43        |
|By.xpath: //tr[@class='ng-scope']//td[14][4]   |get text()                                                            |PASS      |32        |
|By.xpath: //tr[@class='ng-scope']//td[5][5]    |get text()                                                            |PASS      |30        |
|By.xpath: //tr[@class='ng-scope']//td[6][5]    |get text()                                                            |PASS      |24        |
|By.xpath: //tr[@class='ng-scope']//td[14][5]   |get text()                                                            |PASS      |28        |
|By.xpath: //tr[@class='ng-scope']//td[5][6]    |get text()                                                            |PASS      |30        |
|By.xpath: //tr[@class='ng-scope']//td[6][6]    |get text()                                                            |PASS      |29        |
|By.xpath: //tr[@class='ng-scope']//td[14][6]   |get text()                                                            |PASS      |29        |
|By.xpath: //tr[@class='ng-scope']//td[5][7]    |get text()                                                            |PASS      |32        |
|By.xpath: //tr[@class='ng-scope']//td[6][7]    |get text()                                                            |PASS      |34        |
|By.xpath: //tr[@class='ng-scope']//td[14][7]   |get text()                                                            |PASS      |34        |
|By.xpath: //tr[@class='ng-scope']//td[5][8]    |get text()                                                            |PASS      |58        |
|By.xpath: //tr[@class='ng-scope']//td[6][8]    |get text()                                                            |PASS      |26        |
|By.xpath: //tr[@class='ng-scope']//td[14][8]   |get text()                                                            |PASS      |35        |
|By.xpath: //tr[@class='ng-scope']//td[5][9]    |get text()                                                            |PASS      |39        |
|By.xpath: //tr[@class='ng-scope']//td[6][9]    |get text()                                                            |PASS      |31        |
|By.xpath: //tr[@class='ng-scope']//td[14][9]   |get text()                                                            |PASS      |52        |
|By.xpath: //tr[@class='ng-scope']//td[5][10]   |get text()                                                            |PASS      |49        |
|By.xpath: //tr[@class='ng-scope']//td[6][10]   |get text()                                                            |PASS      |31        |
|By.xpath: //tr[@class='ng-scope']//td[14][10]  |get text()                                                            |PASS      |36        |
|By.xpath: //tr[@class='ng-scope']//td[5][11]   |get text()                                                            |PASS      |34        |
|By.xpath: //tr[@class='ng-scope']//td[6][11]   |get text()                                                            |PASS      |30        |
|By.xpath: //tr[@class='ng-scope']//td[14][11]  |get text()                                                            |PASS      |26        |
|By.xpath: //tr[@class='ng-scope']//td[5][12]   |get text()                                                            |PASS      |44        |
|By.xpath: //tr[@class='ng-scope']//td[6][12]   |get text()                                                            |PASS      |35        |
|By.xpath: //tr[@class='ng-scope']//td[14][12]  |get text()                                                            |PASS      |32        |
|By.xpath: //tr[@class='ng-scope']//td[5][13]   |get text()                                                            |PASS      |33        |
|By.xpath: //tr[@class='ng-scope']//td[6][13]   |get text()                                                            |PASS      |32        |
|By.xpath: //tr[@class='ng-scope']//td[14][13]  |get text()                                                            |PASS      |33        |
|By.xpath: //tr[@class='ng-scope']//td[5][14]   |get text()                                                            |PASS      |31        |
|By.xpath: //tr[@class='ng-scope']//td[6][14]   |get text()                                                            |PASS      |25        |
|By.xpath: //tr[@class='ng-scope']//td[14][14]  |get text()                                                            |PASS      |32        |
|By.xpath: //tr[@class='ng-scope']//td[5][15]   |get text()                                                            |PASS      |31        |
|By.xpath: //tr[@class='ng-scope']//td[6][15]   |get text()                                                            |PASS      |34        |
|By.xpath: //tr[@class='ng-scope']//td[14][15]  |get text()                                                            |PASS      |31        |
|By.xpath: //tr[@class='ng-scope']//td[5][16]   |get text()                                                            |PASS      |53        |
|By.xpath: //tr[@class='ng-scope']//td[6][16]   |get text()                                                            |PASS      |36        |
|By.xpath: //tr[@class='ng-scope']//td[14][16]  |get text()                                                            |PASS      |28        |
|By.xpath: //tr[@class='ng-scope']//td[5][17]   |get text()                                                            |PASS      |30        |
|By.xpath: //tr[@class='ng-scope']//td[6][17]   |get text()                                                            |PASS      |72        |
|By.xpath: //tr[@class='ng-scope']//td[14][17]  |get text()                                                            |PASS      |35        |
|By.xpath: //tr[@class='ng-scope']//td[5][18]   |get text()                                                            |PASS      |31        |
|By.xpath: //tr[@class='ng-scope']//td[6][18]   |get text()                                                            |PASS      |32        |
|By.xpath: //tr[@class='ng-scope']//td[14][18]  |get text()                                                            |PASS      |33        |
|By.xpath: //tr[@class='ng-scope']//td[5][19]   |get text()                                                            |PASS      |34        |
|By.xpath: //tr[@class='ng-scope']//td[6][19]   |get text()                                                            |PASS      |31        |
|By.xpath: //tr[@class='ng-scope']//td[14][19]  |get text()                                                            |PASS      |26        |
|By.xpath: //tr[@class='ng-scope']//td[5][20]   |get text()                                                            |PASS      |30        |
|By.xpath: //tr[@class='ng-scope']//td[6][20]   |get text()                                                            |PASS      |23        |
|By.xpath: //tr[@class='ng-scope']//td[14][20]  |get text()                                                            |PASS      |27        |
|By.xpath: //tr[@class='ng-scope']//td[5][21]   |get text()                                                            |PASS      |26        |
|By.xpath: //tr[@class='ng-scope']//td[6][21]   |get text()                                                            |PASS      |25        |
|By.xpath: //tr[@class='ng-scope']//td[14][21]  |get text()                                                            |PASS      |30        |
|By.xpath: //tr[@class='ng-scope']//td[5][22]   |get text()                                                            |PASS      |27        |
|By.xpath: //tr[@class='ng-scope']//td[6][22]   |get text()                                                            |PASS      |27        |
|By.xpath: //tr[@class='ng-scope']//td[14][22]  |get text()                                                            |PASS      |25        |
|By.xpath: //tr[@class='ng-scope']//td[5][23]   |get text()                                                            |PASS      |29        |
|By.xpath: //tr[@class='ng-scope']//td[6][23]   |get text()                                                            |PASS      |29        |
|By.xpath: //tr[@class='ng-scope']//td[14][23]  |get text()                                                            |PASS      |47        |
|By.xpath: //tr[@class='ng-scope']//td[5][24]   |get text()                                                            |PASS      |25        |
|By.xpath: //tr[@class='ng-scope']//td[6][24]   |get text()                                                            |PASS      |28        |
|By.xpath: //tr[@class='ng-scope']//td[14][24]  |get text()                                                            |PASS      |33        |
|By.xpath: //tr[@class='ng-scope']//td[5][25]   |get text()                                                            |PASS      |23        |
|By.xpath: //tr[@class='ng-scope']//td[6][25]   |get text()                                                            |PASS      |28        |
|By.xpath: //tr[@class='ng-scope']//td[14][25]  |get text()                                                            |PASS      |30        |
|By.xpath: //tr[@class='ng-scope']//td[5][26]   |get text()                                                            |PASS      |28        |
|By.xpath: //tr[@class='ng-scope']//td[6][26]   |get text()                                                            |PASS      |36        |
|By.xpath: //tr[@class='ng-scope']//td[14][26]  |get text()                                                            |PASS      |28        |
|By.xpath: //tr[@class='ng-scope']//td[5][27]   |get text()                                                            |PASS      |31        |
|By.xpath: //tr[@class='ng-scope']//td[6][27]   |get text()                                                            |PASS      |36        |
|By.xpath: //tr[@class='ng-scope']//td[14][27]  |get text()                                                            |PASS      |28        |
|By.xpath: //tr[@class='ng-scope']//td[5][28]   |get text()                                                            |PASS      |35        |
|By.xpath: //tr[@class='ng-scope']//td[6][28]   |get text()                                                            |PASS      |28        |
|By.xpath: //tr[@class='ng-scope']//td[14][28]  |get text()                                                            |PASS      |31        |
|By.xpath: //tr[@class='ng-scope']//td[5][29]   |get text()                                                            |PASS      |33        |
|By.xpath: //tr[@class='ng-scope']//td[6][29]   |get text()                                                            |PASS      |32        |
|By.xpath: //tr[@class='ng-scope']//td[14][29]  |get text()                                                            |PASS      |31        |
|By.xpath: //tr[@class='ng-scope']//td[5][30]   |get text()                                                            |PASS      |48        |
|By.xpath: //tr[@class='ng-scope']//td[6][30]   |get text()                                                            |PASS      |35        |
|By.xpath: //tr[@class='ng-scope']//td[14][30]  |get text()                                                            |PASS      |31        |
|By.xpath: //tr[@class='ng-scope']//td[5][31]   |get text()                                                            |PASS      |31        |
|By.xpath: //tr[@class='ng-scope']//td[6][31]   |get text()                                                            |PASS      |33        |
|By.xpath: //tr[@class='ng-scope']//td[14][31]  |get text()                                                            |PASS      |29        |
|By.xpath: //tr[@class='ng-scope']//td[5][32]   |get text()                                                            |PASS      |30        |
|By.xpath: //tr[@class='ng-scope']//td[6][32]   |get text()                                                            |PASS      |27        |
|By.xpath: //tr[@class='ng-scope']//td[14][32]  |get text()                                                            |PASS      |29        |
|By.xpath: //tr[@class='ng-scope']//td[5][33]   |get text()                                                            |PASS      |27        |
|By.xpath: //tr[@class='ng-scope']//td[6][33]   |get text()                                                            |PASS      |28        |
|By.xpath: //tr[@class='ng-scope']//td[14][33]  |get text()                                                            |PASS      |29        |
|By.xpath: //tr[@class='ng-scope']//td[5][34]   |get text()                                                            |PASS      |27        |
|By.xpath: //tr[@class='ng-scope']//td[6][34]   |get text()                                                            |PASS      |32        |
|By.xpath: //tr[@class='ng-scope']//td[14][34]  |get text()                                                            |PASS      |30        |
|By.xpath: //tr[@class='ng-scope']//td[5][35]   |get text()                                                            |PASS      |27        |
|By.xpath: //tr[@class='ng-scope']//td[6][35]   |get text()                                                            |PASS      |25        |
|By.xpath: //tr[@class='ng-scope']//td[14][35]  |get text()                                                            |PASS      |30        |
|By.xpath: //tr[@class='ng-scope']//td[5][36]   |get text()                                                            |PASS      |31        |
|By.xpath: //tr[@class='ng-scope']//td[6][36]   |get text()                                                            |PASS      |26        |
|By.xpath: //tr[@class='ng-scope']//td[14][36]  |get text()                                                            |PASS      |32        |
|By.xpath: //tr[@class='ng-scope']//td[5][37]   |get text()                                                            |PASS      |26        |
|By.xpath: //tr[@class='ng-scope']//td[6][37]   |get text()                                                            |PASS      |56        |
|By.xpath: //tr[@class='ng-scope']//td[14][37]  |get text()                                                            |PASS      |55        |
|By.xpath: //tr[@class='ng-scope']//td[5][38]   |get text()                                                            |PASS      |64        |
|By.xpath: //tr[@class='ng-scope']//td[6][38]   |get text()                                                            |PASS      |50        |
|By.xpath: //tr[@class='ng-scope']//td[14][38]  |get text()                                                            |PASS      |62        |
|By.xpath: //tr[@class='ng-scope']//td[5][39]   |get text()                                                            |PASS      |30        |
|By.xpath: //tr[@class='ng-scope']//td[6][39]   |get text()                                                            |PASS      |24        |
|By.xpath: //tr[@class='ng-scope']//td[14][39]  |get text()                                                            |PASS      |47        |
|By.xpath: //tr[@class='ng-scope']//td[5][40]   |get text()                                                            |PASS      |32        |
|By.xpath: //tr[@class='ng-scope']//td[6][40]   |get text()                                                            |PASS      |33        |
|By.xpath: //tr[@class='ng-scope']//td[14][40]  |get text()                                                            |PASS      |34        |
|By.xpath: //tr[@class='ng-scope']//td[5][41]   |get text()                                                            |PASS      |39        |
|By.xpath: //tr[@class='ng-scope']//td[6][41]   |get text()                                                            |PASS      |36        |
|By.xpath: //tr[@class='ng-scope']//td[14][41]  |get text()                                                            |PASS      |32        |
|By.xpath: //tr[@class='ng-scope']//td[5][42]   |get text()                                                            |PASS      |30        |
|By.xpath: //tr[@class='ng-scope']//td[6][42]   |get text()                                                            |PASS      |27        |
|By.xpath: //tr[@class='ng-scope']//td[14][42]  |get text()                                                            |PASS      |30        |
|By.xpath: //tr[@class='ng-scope']//td[5][43]   |get text()                                                            |PASS      |30        |
|By.xpath: //tr[@class='ng-scope']//td[6][43]   |get text()                                                            |PASS      |33        |
|By.xpath: //tr[@class='ng-scope']//td[14][43]  |get text()                                                            |PASS      |35        |
|By.xpath: //tr[@class='ng-scope']//td[5][44]   |get text()                                                            |PASS      |28        |
|By.xpath: //tr[@class='ng-scope']//td[6][44]   |get text()                                                            |PASS      |41        |
|By.xpath: //tr[@class='ng-scope']//td[14][44]  |get text()                                                            |PASS      |39        |
|By.xpath: //tr[@class='ng-scope']//td[5][45]   |get text()                                                            |PASS      |31        |
|By.xpath: //tr[@class='ng-scope']//td[6][45]   |get text()                                                            |PASS      |29        |
|By.xpath: //tr[@class='ng-scope']//td[14][45]  |get text()                                                            |PASS      |26        |
|By.xpath: //tr[@class='ng-scope']//td[5][46]   |get text()                                                            |PASS      |30        |
|By.xpath: //tr[@class='ng-scope']//td[6][46]   |get text()                                                            |PASS      |34        |
|By.xpath: //tr[@class='ng-scope']//td[14][46]  |get text()                                                            |PASS      |33        |
|By.xpath: //tr[@class='ng-scope']//td[5][47]   |get text()                                                            |PASS      |41        |
|By.xpath: //tr[@class='ng-scope']//td[6][47]   |get text()                                                            |PASS      |60        |
|By.xpath: //tr[@class='ng-scope']//td[14][47]  |get text()                                                            |PASS      |35        |
|By.xpath: //tr[@class='ng-scope']//td[5][48]   |get text()                                                            |PASS      |47        |
|By.xpath: //tr[@class='ng-scope']//td[6][48]   |get text()                                                            |PASS      |34        |
|By.xpath: //tr[@class='ng-scope']//td[14][48]  |get text()                                                            |PASS      |48        |
|By.xpath: //tr[@class='ng-scope']//td[5][49]   |get text()                                                            |PASS      |45        |
|By.xpath: //tr[@class='ng-scope']//td[6][49]   |get text()                                                            |PASS      |35        |
|By.xpath: //tr[@class='ng-scope']//td[14][49]  |get text()                                                            |PASS      |34        |
|By.xpath: //tr[@class='ng-scope']//td[5][50]   |get text()                                                            |PASS      |30        |
|By.xpath: //tr[@class='ng-scope']//td[6][50]   |get text()                                                            |PASS      |43        |
|By.xpath: //tr[@class='ng-scope']//td[14][50]  |get text()                                                            |PASS      |48        |
|By.xpath: //tr[@class='ng-scope']//td[5][51]   |get text()                                                            |PASS      |48        |
|By.xpath: //tr[@class='ng-scope']//td[6][51]   |get text()                                                            |PASS      |43        |
|By.xpath: //tr[@class='ng-scope']//td[14][51]  |get text()                                                            |PASS      |31        |
|By.xpath: //tr[@class='ng-scope']//td[5][52]   |get text()                                                            |PASS      |25        |
|By.xpath: //tr[@class='ng-scope']//td[6][52]   |get text()                                                            |PASS      |34        |
|By.xpath: //tr[@class='ng-scope']//td[14][52]  |get text()                                                            |PASS      |31        |
|By.xpath: //tr[@class='ng-scope']//td[5][53]   |get text()                                                            |PASS      |31        |
|By.xpath: //tr[@class='ng-scope']//td[6][53]   |get text()                                                            |PASS      |44        |
|By.xpath: //tr[@class='ng-scope']//td[14][53]  |get text()                                                            |PASS      |37        |
|By.xpath: //tr[@class='ng-scope']//td[5][54]   |get text()                                                            |PASS      |41        |
|By.xpath: //tr[@class='ng-scope']//td[6][54]   |get text()                                                            |PASS      |30        |
|By.xpath: //tr[@class='ng-scope']//td[14][54]  |get text()                                                            |PASS      |60        |
|By.xpath: //tr[@class='ng-scope']//td[5][55]   |get text()                                                            |PASS      |26        |
|By.xpath: //tr[@class='ng-scope']//td[6][55]   |get text()                                                            |PASS      |35        |
|By.xpath: //tr[@class='ng-scope']//td[14][55]  |get text()                                                            |PASS      |40        |
|By.xpath: //tr[@class='ng-scope']//td[5][56]   |get text()                                                            |PASS      |31        |
|By.xpath: //tr[@class='ng-scope']//td[6][56]   |get text()                                                            |PASS      |33        |
|By.xpath: //tr[@class='ng-scope']//td[14][56]  |get text()                                                            |PASS      |28        |
|By.xpath: //tr[@class='ng-scope']//td[5][57]   |get text()                                                            |PASS      |28        |
|By.xpath: //tr[@class='ng-scope']//td[6][57]   |get text()                                                            |PASS      |32        |
|By.xpath: //tr[@class='ng-scope']//td[14][57]  |get text()                                                            |PASS      |67        |
|By.xpath: //tr[@class='ng-scope']//td[5][58]   |get text()                                                            |PASS      |57        |
|By.xpath: //tr[@class='ng-scope']//td[6][58]   |get text()                                                            |PASS      |50        |
|By.xpath: //tr[@class='ng-scope']//td[14][58]  |get text()                                                            |PASS      |62        |
|By.xpath: //tr[@class='ng-scope']//td[5][59]   |get text()                                                            |PASS      |78        |
|By.xpath: //tr[@class='ng-scope']//td[6][59]   |get text()                                                            |PASS      |29        |
|By.xpath: //tr[@class='ng-scope']//td[14][59]  |get text()                                                            |PASS      |49        |
|By.xpath: //tr[@class='ng-scope']//td[5][60]   |get text()                                                            |PASS      |34        |
|By.xpath: //tr[@class='ng-scope']//td[6][60]   |get text()                                                            |PASS      |49        |
|By.xpath: //tr[@class='ng-scope']//td[14][60]  |get text()                                                            |PASS      |46        |
|By.xpath: //tr[@class='ng-scope']//td[5][61]   |get text()                                                            |PASS      |50        |
|By.xpath: //tr[@class='ng-scope']//td[6][61]   |get text()                                                            |PASS      |59        |
|By.xpath: //tr[@class='ng-scope']//td[14][61]  |get text()                                                            |PASS      |43        |
|By.xpath: //tr[@class='ng-scope']//td[5][62]   |get text()                                                            |PASS      |58        |
|By.xpath: //tr[@class='ng-scope']//td[6][62]   |get text()                                                            |PASS      |32        |
|By.xpath: //tr[@class='ng-scope']//td[14][62]  |get text()                                                            |PASS      |62        |
|By.xpath: //tr[@class='ng-scope']//td[5][63]   |get text()                                                            |PASS      |50        |
|By.xpath: //tr[@class='ng-scope']//td[6][63]   |get text()                                                            |PASS      |54        |
|By.xpath: //tr[@class='ng-scope']//td[14][63]  |get text()                                                            |PASS      |42        |
|By.xpath: //tr[@class='ng-scope']//td[5][64]   |get text()                                                            |PASS      |60        |
|By.xpath: //tr[@class='ng-scope']//td[6][64]   |get text()                                                            |PASS      |30        |
|By.xpath: //tr[@class='ng-scope']//td[14][64]  |get text()                                                            |PASS      |35        |
|By.xpath: //tr[@class='ng-scope']//td[5][65]   |get text()                                                            |PASS      |32        |
|By.xpath: //tr[@class='ng-scope']//td[6][65]   |get text()                                                            |PASS      |29        |
|By.xpath: //tr[@class='ng-scope']//td[14][65]  |get text()                                                            |PASS      |28        |
|By.xpath: //tr[@class='ng-scope']//td[5][66]   |get text()                                                            |PASS      |71        |
|By.xpath: //tr[@class='ng-scope']//td[6][66]   |get text()                                                            |PASS      |52        |
|By.xpath: //tr[@class='ng-scope']//td[14][66]  |get text()                                                            |PASS      |55        |
|By.xpath: //tr[@class='ng-scope']//td[5][67]   |get text()                                                            |PASS      |30        |
|By.xpath: //tr[@class='ng-scope']//td[6][67]   |get text()                                                            |PASS      |77        |
|By.xpath: //tr[@class='ng-scope']//td[14][67]  |get text()                                                            |PASS      |32        |
|By.xpath: //tr[@class='ng-scope']//td[5][68]   |get text()                                                            |PASS      |57        |
|By.xpath: //tr[@class='ng-scope']//td[6][68]   |get text()                                                            |PASS      |44        |
|By.xpath: //tr[@class='ng-scope']//td[14][68]  |get text()                                                            |PASS      |55        |
|By.xpath: //tr[@class='ng-scope']//td[5][69]   |get text()                                                            |PASS      |74        |
|By.xpath: //tr[@class='ng-scope']//td[6][69]   |get text()                                                            |PASS      |32        |
|By.xpath: //tr[@class='ng-scope']//td[14][69]  |get text()                                                            |PASS      |67        |
|By.xpath: //tr[@class='ng-scope']//td[5][70]   |get text()                                                            |PASS      |48        |
|By.xpath: //tr[@class='ng-scope']//td[6][70]   |get text()                                                            |PASS      |39        |
|By.xpath: //tr[@class='ng-scope']//td[14][70]  |get text()                                                            |PASS      |45        |
|By.xpath: //tr[@class='ng-scope']//td[5][71]   |get text()                                                            |PASS      |30        |
|By.xpath: //tr[@class='ng-scope']//td[6][71]   |get text()                                                            |PASS      |42        |
|By.xpath: //tr[@class='ng-scope']//td[14][71]  |get text()                                                            |PASS      |51        |
|By.xpath: //tr[@class='ng-scope']//td[5][72]   |get text()                                                            |PASS      |72        |
|By.xpath: //tr[@class='ng-scope']//td[6][72]   |get text()                                                            |PASS      |28        |
|By.xpath: //tr[@class='ng-scope']//td[14][72]  |get text()                                                            |PASS      |52        |
|By.xpath: //tr[@class='ng-scope']//td[5][73]   |get text()                                                            |PASS      |28        |
|By.xpath: //tr[@class='ng-scope']//td[6][73]   |get text()                                                            |PASS      |51        |
|By.xpath: //tr[@class='ng-scope']//td[14][73]  |get text()                                                            |PASS      |33        |
|By.xpath: //tr[@class='ng-scope']//td[5][74]   |get text()                                                            |PASS      |47        |
|By.xpath: //tr[@class='ng-scope']//td[6][74]   |get text()                                                            |PASS      |47        |
|By.xpath: //tr[@class='ng-scope']//td[14][74]  |get text()                                                            |PASS      |56        |
|By.xpath: //tr[@class='ng-scope']//td[5][75]   |get text()                                                            |PASS      |31        |
|By.xpath: //tr[@class='ng-scope']//td[6][75]   |get text()                                                            |PASS      |60        |
|By.xpath: //tr[@class='ng-scope']//td[14][75]  |get text()                                                            |PASS      |31        |
|By.xpath: //tr[@class='ng-scope']//td[5][76]   |get text()                                                            |PASS      |60        |
|By.xpath: //tr[@class='ng-scope']//td[6][76]   |get text()                                                            |PASS      |30        |
|By.xpath: //tr[@class='ng-scope']//td[14][76]  |get text()                                                            |PASS      |32        |
|By.xpath: //tr[@class='ng-scope']//td[5][77]   |get text()                                                            |PASS      |58        |
|By.xpath: //tr[@class='ng-scope']//td[6][77]   |get text()                                                            |PASS      |79        |
|By.xpath: //tr[@class='ng-scope']//td[14][77]  |get text()                                                            |PASS      |28        |
|By.xpath: //tr[@class='ng-scope']//td[5][78]   |get text()                                                            |PASS      |48        |
|By.xpath: //tr[@class='ng-scope']//td[6][78]   |get text()                                                            |PASS      |49        |
|By.xpath: //tr[@class='ng-scope']//td[14][78]  |get text()                                                            |PASS      |37        |
|By.xpath: //tr[@class='ng-scope']//td[5][79]   |get text()                                                            |PASS      |51        |
|By.xpath: //tr[@class='ng-scope']//td[6][79]   |get text()                                                            |PASS      |35        |
|By.xpath: //tr[@class='ng-scope']//td[14][79]  |get text()                                                            |PASS      |51        |
|By.xpath: //tr[@class='ng-scope']//td[5][80]   |get text()                                                            |PASS      |27        |
|By.xpath: //tr[@class='ng-scope']//td[6][80]   |get text()                                                            |PASS      |66        |
|By.xpath: //tr[@class='ng-scope']//td[14][80]  |get text()                                                            |PASS      |76        |
|By.xpath: //tr[@class='ng-scope']//td[5][81]   |get text()                                                            |PASS      |66        |
|By.xpath: //tr[@class='ng-scope']//td[6][81]   |get text()                                                            |PASS      |48        |
|By.xpath: //tr[@class='ng-scope']//td[14][81]  |get text()                                                            |PASS      |57        |
|By.xpath: //tr[@class='ng-scope']//td[5][82]   |get text()                                                            |PASS      |29        |
|By.xpath: //tr[@class='ng-scope']//td[6][82]   |get text()                                                            |PASS      |28        |
|By.xpath: //tr[@class='ng-scope']//td[14][82]  |get text()                                                            |PASS      |60        |
|By.xpath: //tr[@class='ng-scope']//td[5][83]   |get text()                                                            |PASS      |45        |
|By.xpath: //tr[@class='ng-scope']//td[6][83]   |get text()                                                            |PASS      |69        |
|By.xpath: //tr[@class='ng-scope']//td[14][83]  |get text()                                                            |PASS      |59        |
|By.xpath: //tr[@class='ng-scope']//td[5][84]   |get text()                                                            |PASS      |67        |
|By.xpath: //tr[@class='ng-scope']//td[6][84]   |get text()                                                            |PASS      |58        |
|By.xpath: //tr[@class='ng-scope']//td[14][84]  |get text()                                                            |PASS      |39        |
|By.xpath: //tr[@class='ng-scope']//td[5][85]   |get text()                                                            |PASS      |55        |
|By.xpath: //tr[@class='ng-scope']//td[6][85]   |get text()                                                            |PASS      |63        |
|By.xpath: //tr[@class='ng-scope']//td[14][85]  |get text()                                                            |PASS      |48        |
|By.xpath: //tr[@class='ng-scope']//td[5][86]   |get text()                                                            |PASS      |57        |
|By.xpath: //tr[@class='ng-scope']//td[6][86]   |get text()                                                            |PASS      |69        |
|By.xpath: //tr[@class='ng-scope']//td[14][86]  |get text()                                                            |PASS      |64        |
|By.xpath: //tr[@class='ng-scope']//td[5][87]   |get text()                                                            |PASS      |31        |
|By.xpath: //tr[@class='ng-scope']//td[6][87]   |get text()                                                            |PASS      |33        |
|By.xpath: //tr[@class='ng-scope']//td[14][87]  |get text()                                                            |PASS      |45        |
|By.xpath: //tr[@class='ng-scope']//td[5][88]   |get text()                                                            |PASS      |62        |
|By.xpath: //tr[@class='ng-scope']//td[6][88]   |get text()                                                            |PASS      |66        |
|By.xpath: //tr[@class='ng-scope']//td[14][88]  |get text()                                                            |PASS      |60        |
|By.xpath: //tr[@class='ng-scope']//td[5][89]   |get text()                                                            |PASS      |44        |
|By.xpath: //tr[@class='ng-scope']//td[6][89]   |get text()                                                            |PASS      |47        |
|By.xpath: //tr[@class='ng-scope']//td[14][89]  |get text()                                                            |PASS      |48        |
|By.xpath: //tr[@class='ng-scope']//td[5][90]   |get text()                                                            |PASS      |48        |
|By.xpath: //tr[@class='ng-scope']//td[6][90]   |get text()                                                            |PASS      |68        |
|By.xpath: //tr[@class='ng-scope']//td[14][90]  |get text()                                                            |PASS      |60        |
|By.xpath: //tr[@class='ng-scope']//td[5][91]   |get text()                                                            |PASS      |43        |
|By.xpath: //tr[@class='ng-scope']//td[6][91]   |get text()                                                            |PASS      |64        |
|By.xpath: //tr[@class='ng-scope']//td[14][91]  |get text()                                                            |PASS      |64        |
|By.xpath: //tr[@class='ng-scope']//td[5][92]   |get text()                                                            |PASS      |32        |
|By.xpath: //tr[@class='ng-scope']//td[6][92]   |get text()                                                            |PASS      |54        |
|By.xpath: //tr[@class='ng-scope']//td[14][92]  |get text()                                                            |PASS      |47        |
|By.xpath: //tr[@class='ng-scope']//td[5][93]   |get text()                                                            |PASS      |68        |
|By.xpath: //tr[@class='ng-scope']//td[6][93]   |get text()                                                            |PASS      |52        |
|By.xpath: //tr[@class='ng-scope']//td[14][93]  |get text()                                                            |PASS      |67        |
|By.xpath: //tr[@class='ng-scope']//td[5][94]   |get text()                                                            |PASS      |51        |
|By.xpath: //tr[@class='ng-scope']//td[6][94]   |get text()                                                            |PASS      |66        |
|By.xpath: //tr[@class='ng-scope']//td[14][94]  |get text()                                                            |PASS      |36        |
|By.xpath: //tr[@class='ng-scope']//td[5][95]   |get text()                                                            |PASS      |56        |
|By.xpath: //tr[@class='ng-scope']//td[6][95]   |get text()                                                            |PASS      |47        |
|By.xpath: //tr[@class='ng-scope']//td[14][95]  |get text()                                                            |PASS      |48        |
|By.xpath: //tr[@class='ng-scope']//td[5][96]   |get text()                                                            |PASS      |76        |
|By.xpath: //tr[@class='ng-scope']//td[6][96]   |get text()                                                            |PASS      |33        |
|By.xpath: //tr[@class='ng-scope']//td[14][96]  |get text()                                                            |PASS      |60        |
|By.xpath: //tr[@class='ng-scope']//td[5][97]   |get text()                                                            |PASS      |33        |
|By.xpath: //tr[@class='ng-scope']//td[6][97]   |get text()                                                            |PASS      |77        |
|By.xpath: //tr[@class='ng-scope']//td[14][97]  |get text()                                                            |PASS      |63        |
|By.xpath: //tr[@class='ng-scope']//td[5][98]   |get text()                                                            |PASS      |48        |
|By.xpath: //tr[@class='ng-scope']//td[6][98]   |get text()                                                            |PASS      |53        |
|By.xpath: //tr[@class='ng-scope']//td[14][98]  |get text()                                                            |PASS      |70        |
|By.xpath: //tr[@class='ng-scope']//td[5][99]   |get text()                                                            |PASS      |68        |
|By.xpath: //tr[@class='ng-scope']//td[6][99]   |get text()                                                            |PASS      |75        |
|By.xpath: //tr[@class='ng-scope']//td[14][99]  |get text()                                                            |PASS      |42        |
|By.xpath: //tr[@class='ng-scope']//td[5][100]  |get text()                                                            |PASS      |74        |
|By.xpath: //tr[@class='ng-scope']//td[6][100]  |get text()                                                            |PASS      |56        |
|By.xpath: //tr[@class='ng-scope']//td[14][100] |get text()                                                            |PASS      |58        |
|By.xpath: //tr[@class='ng-scope']//td[5][101]  |get text()                                                            |PASS      |55        |
|By.xpath: //tr[@class='ng-scope']//td[6][101]  |get text()                                                            |PASS      |48        |
|By.xpath: //tr[@class='ng-scope']//td[14][101] |get text()                                                            |PASS      |27        |
|By.xpath: //tr[@class='ng-scope']//td[5][102]  |get text()                                                            |PASS      |49        |
|By.xpath: //tr[@class='ng-scope']//td[6][102]  |get text()                                                            |PASS      |30        |
|By.xpath: //tr[@class='ng-scope']//td[14][102] |get text()                                                            |PASS      |54        |
|By.xpath: //tr[@class='ng-scope']//td[5][103]  |get text()                                                            |PASS      |37        |
|By.xpath: //tr[@class='ng-scope']//td[6][103]  |get text()                                                            |PASS      |46        |
|By.xpath: //tr[@class='ng-scope']//td[14][103] |get text()                                                            |PASS      |46        |
|By.xpath: //tr[@class='ng-scope']//td[5][104]  |get text()                                                            |PASS      |30        |
|By.xpath: //tr[@class='ng-scope']//td[6][104]  |get text()                                                            |PASS      |31        |
|By.xpath: //tr[@class='ng-scope']//td[14][104] |get text()                                                            |PASS      |28        |
|By.xpath: //tr[@class='ng-scope']//td[5][105]  |get text()                                                            |PASS      |37        |
|By.xpath: //tr[@class='ng-scope']//td[6][105]  |get text()                                                            |PASS      |30        |
|By.xpath: //tr[@class='ng-scope']//td[14][105] |get text()                                                            |PASS      |28        |
|By.xpath: //tr[@class='ng-scope']//td[5][106]  |get text()                                                            |PASS      |30        |
|By.xpath: //tr[@class='ng-scope']//td[6][106]  |get text()                                                            |PASS      |30        |
|By.xpath: //tr[@class='ng-scope']//td[14][106] |get text()                                                            |PASS      |31        |
|By.xpath: //tr[@class='ng-scope']//td[5][107]  |get text()                                                            |PASS      |31        |
|By.xpath: //tr[@class='ng-scope']//td[6][107]  |get text()                                                            |PASS      |28        |
|By.xpath: //tr[@class='ng-scope']//td[14][107] |get text()                                                            |PASS      |33        |
|By.xpath: //tr[@class='ng-scope']//td[5][108]  |get text()                                                            |PASS      |32        |
|By.xpath: //tr[@class='ng-scope']//td[6][108]  |get text()                                                            |PASS      |60        |
|By.xpath: //tr[@class='ng-scope']//td[14][108] |get text()                                                            |PASS      |33        |
|By.xpath: //tr[@class='ng-scope']//td[5][109]  |get text()                                                            |PASS      |38        |
|By.xpath: //tr[@class='ng-scope']//td[6][109]  |get text()                                                            |PASS      |32        |
|By.xpath: //tr[@class='ng-scope']//td[14][109] |get text()                                                            |PASS      |36        |
|By.xpath: //tr[@class='ng-scope']//td[5][110]  |get text()                                                            |PASS      |28        |
|By.xpath: //tr[@class='ng-scope']//td[6][110]  |get text()                                                            |PASS      |25        |
|By.xpath: //tr[@class='ng-scope']//td[14][110] |get text()                                                            |PASS      |36        |
|By.xpath: //tr[@class='ng-scope']//td[5][111]  |get text()                                                            |PASS      |37        |
|By.xpath: //tr[@class='ng-scope']//td[6][111]  |get text()                                                            |PASS      |39        |
|By.xpath: //tr[@class='ng-scope']//td[14][111] |get text()                                                            |PASS      |40        |
|By.xpath: //tr[@class='ng-scope']//td[5][112]  |get text()                                                            |PASS      |39        |
|By.xpath: //tr[@class='ng-scope']//td[6][112]  |get text()                                                            |PASS      |33        |
|By.xpath: //tr[@class='ng-scope']//td[14][112] |get text()                                                            |PASS      |33        |
|By.xpath: //tr[@class='ng-scope']//td[5][113]  |get text()                                                            |PASS      |28        |
|By.xpath: //tr[@class='ng-scope']//td[6][113]  |get text()                                                            |PASS      |53        |
|By.xpath: //tr[@class='ng-scope']//td[14][113] |get text()                                                            |PASS      |32        |
|By.xpath: //tr[@class='ng-scope']//td[5][114]  |get text()                                                            |PASS      |41        |
|By.xpath: //tr[@class='ng-scope']//td[6][114]  |get text()                                                            |PASS      |39        |
|By.xpath: //tr[@class='ng-scope']//td[14][114] |get text()                                                            |PASS      |36        |
|By.xpath: //tr[@class='ng-scope']//td[5][115]  |get text()                                                            |PASS      |36        |
|By.xpath: //tr[@class='ng-scope']//td[6][115]  |get text()                                                            |PASS      |35        |
|By.xpath: //tr[@class='ng-scope']//td[14][115] |get text()                                                            |PASS      |35        |
|By.xpath: //tr[@class='ng-scope']//td[5][116]  |get text()                                                            |PASS      |40        |
|By.xpath: //tr[@class='ng-scope']//td[6][116]  |get text()                                                            |PASS      |32        |
|By.xpath: //tr[@class='ng-scope']//td[14][116] |get text()                                                            |PASS      |33        |
|By.xpath: //tr[@class='ng-scope']//td[5][117]  |get text()                                                            |PASS      |48        |
|By.xpath: //tr[@class='ng-scope']//td[6][117]  |get text()                                                            |PASS      |39        |
|By.xpath: //tr[@class='ng-scope']//td[14][117] |get text()                                                            |PASS      |29        |
|By.xpath: //tr[@class='ng-scope']//td[5][118]  |get text()                                                            |PASS      |35        |
|By.xpath: //tr[@class='ng-scope']//td[6][118]  |get text()                                                            |PASS      |43        |
|By.xpath: //tr[@class='ng-scope']//td[14][118] |get text()                                                            |PASS      |54        |
|By.xpath: //tr[@class='ng-scope']//td[5][119]  |get text()                                                            |PASS      |73        |
|By.xpath: //tr[@class='ng-scope']//td[6][119]  |get text()                                                            |PASS      |43        |
|By.xpath: //tr[@class='ng-scope']//td[14][119] |get text()                                                            |PASS      |48        |
|By.xpath: //tr[@class='ng-scope']//td[5][120]  |get text()                                                            |PASS      |75        |
|By.xpath: //tr[@class='ng-scope']//td[6][120]  |get text()                                                            |PASS      |52        |
|By.xpath: //tr[@class='ng-scope']//td[14][120] |get text()                                                            |PASS      |57        |
|By.xpath: //tr[@class='ng-scope']//td[5][121]  |get text()                                                            |PASS      |36        |
|By.xpath: //tr[@class='ng-scope']//td[6][121]  |get text()                                                            |PASS      |40        |
|By.xpath: //tr[@class='ng-scope']//td[14][121] |get text()                                                            |PASS      |30        |
|By.xpath: //tr[@class='ng-scope']//td[5][122]  |get text()                                                            |PASS      |42        |
|By.xpath: //tr[@class='ng-scope']//td[6][122]  |get text()                                                            |PASS      |27        |
|By.xpath: //tr[@class='ng-scope']//td[14][122] |get text()                                                            |PASS      |35        |
|By.xpath: //tr[@class='ng-scope']//td[5][123]  |get text()                                                            |PASS      |33        |
|By.xpath: //tr[@class='ng-scope']//td[6][123]  |get text()                                                            |PASS      |35        |
|By.xpath: //tr[@class='ng-scope']//td[14][123] |get text()                                                            |PASS      |43        |
|By.xpath: //tr[@class='ng-scope']//td[5][124]  |get text()                                                            |PASS      |39        |
|By.xpath: //tr[@class='ng-scope']//td[6][124]  |get text()                                                            |PASS      |33        |
|By.xpath: //tr[@class='ng-scope']//td[14][124] |get text()                                                            |PASS      |37        |
|By.xpath: //tr[@class='ng-scope']//td[5][125]  |get text()                                                            |PASS      |39        |
|By.xpath: //tr[@class='ng-scope']//td[6][125]  |get text()                                                            |PASS      |27        |
|By.xpath: //tr[@class='ng-scope']//td[14][125] |get text()                                                            |PASS      |28        |
|By.xpath: //tr[@class='ng-scope']//td[5][126]  |get text()                                                            |PASS      |36        |
|By.xpath: //tr[@class='ng-scope']//td[6][126]  |get text()                                                            |PASS      |59        |
|By.xpath: //tr[@class='ng-scope']//td[14][126] |get text()                                                            |PASS      |65        |
|By.xpath: //tr[@class='ng-scope']//td[5][127]  |get text()                                                            |PASS      |34        |
|By.xpath: //tr[@class='ng-scope']//td[6][127]  |get text()                                                            |PASS      |33        |
|By.xpath: //tr[@class='ng-scope']//td[14][127] |get text()                                                            |PASS      |28        |
|By.xpath: //tr[@class='ng-scope']//td[5][128]  |get text()                                                            |PASS      |31        |
|By.xpath: //tr[@class='ng-scope']//td[6][128]  |get text()                                                            |PASS      |57        |
|By.xpath: //tr[@class='ng-scope']//td[14][128] |get text()                                                            |PASS      |59        |
|By.xpath: //tr[@class='ng-scope']//td[5][129]  |get text()                                                            |PASS      |38        |
|By.xpath: //tr[@class='ng-scope']//td[6][129]  |get text()                                                            |PASS      |34        |
|By.xpath: //tr[@class='ng-scope']//td[14][129] |get text()                                                            |PASS      |68        |
|By.xpath: //tr[@class='ng-scope']//td[5][130]  |get text()                                                            |PASS      |58        |
|By.xpath: //tr[@class='ng-scope']//td[6][130]  |get text()                                                            |PASS      |50        |
|By.xpath: //tr[@class='ng-scope']//td[14][130] |get text()                                                            |PASS      |45        |
|By.xpath: //tr[@class='ng-scope']//td[5][131]  |get text()                                                            |PASS      |57        |
|By.xpath: //tr[@class='ng-scope']//td[6][131]  |get text()                                                            |PASS      |32        |
|By.xpath: //tr[@class='ng-scope']//td[14][131] |get text()                                                            |PASS      |54        |
|By.xpath: //tr[@class='ng-scope']//td[5][132]  |get text()                                                            |PASS      |31        |
|By.xpath: //tr[@class='ng-scope']//td[6][132]  |get text()                                                            |PASS      |64        |
|By.xpath: //tr[@class='ng-scope']//td[14][132] |get text()                                                            |PASS      |45        |
|By.xpath: //tr[@class='ng-scope']//td[5][133]  |get text()                                                            |PASS      |36        |
|By.xpath: //tr[@class='ng-scope']//td[6][133]  |get text()                                                            |PASS      |33        |
|By.xpath: //tr[@class='ng-scope']//td[14][133] |get text()                                                            |PASS      |32        |
|By.xpath: //tr[@class='ng-scope']//td[5][134]  |get text()                                                            |PASS      |32        |
|By.xpath: //tr[@class='ng-scope']//td[6][134]  |get text()                                                            |PASS      |36        |
|By.xpath: //tr[@class='ng-scope']//td[14][134] |get text()                                                            |PASS      |40        |
|By.xpath: //tr[@class='ng-scope']//td[5][135]  |get text()                                                            |PASS      |34        |
|By.xpath: //tr[@class='ng-scope']//td[6][135]  |get text()                                                            |PASS      |29        |
|By.xpath: //tr[@class='ng-scope']//td[14][135] |get text()                                                            |PASS      |44        |
|By.xpath: //tr[@class='ng-scope']//td[5][136]  |get text()                                                            |PASS      |52        |
|By.xpath: //tr[@class='ng-scope']//td[6][136]  |get text()                                                            |PASS      |51        |
|By.xpath: //tr[@class='ng-scope']//td[14][136] |get text()                                                            |PASS      |48        |
|By.xpath: //tr[@class='ng-scope']//td[5][137]  |get text()                                                            |PASS      |32        |
|By.xpath: //tr[@class='ng-scope']//td[6][137]  |get text()                                                            |PASS      |58        |
|By.xpath: //tr[@class='ng-scope']//td[14][137] |get text()                                                            |PASS      |48        |
|By.xpath: //tr[@class='ng-scope']//td[5][138]  |get text()                                                            |PASS      |36        |
|By.xpath: //tr[@class='ng-scope']//td[6][138]  |get text()                                                            |PASS      |70        |
|By.xpath: //tr[@class='ng-scope']//td[14][138] |get text()                                                            |PASS      |29        |
|By.xpath: //tr[@class='ng-scope']//td[5][139]  |get text()                                                            |PASS      |82        |
|By.xpath: //tr[@class='ng-scope']//td[6][139]  |get text()                                                            |PASS      |40        |
|By.xpath: //tr[@class='ng-scope']//td[14][139] |get text()                                                            |PASS      |29        |
|By.xpath: //tr[@class='ng-scope']//td[5][140]  |get text()                                                            |PASS      |30        |
|By.xpath: //tr[@class='ng-scope']//td[6][140]  |get text()                                                            |PASS      |40        |
|By.xpath: //tr[@class='ng-scope']//td[14][140] |get text()                                                            |PASS      |35        |
|By.xpath: //tr[@class='ng-scope']//td[5][141]  |get text()                                                            |PASS      |35        |
|By.xpath: //tr[@class='ng-scope']//td[6][141]  |get text()                                                            |PASS      |41        |
|By.xpath: //tr[@class='ng-scope']//td[14][141] |get text()                                                            |PASS      |28        |
|By.xpath: //tr[@class='ng-scope']//td[5][142]  |get text()                                                            |PASS      |29        |
|By.xpath: //tr[@class='ng-scope']//td[6][142]  |get text()                                                            |PASS      |36        |
|By.xpath: //tr[@class='ng-scope']//td[14][142] |get text()                                                            |PASS      |30        |
|By.xpath: //tr[@class='ng-scope']//td[5][143]  |get text()                                                            |PASS      |44        |
|By.xpath: //tr[@class='ng-scope']//td[6][143]  |get text()                                                            |PASS      |29        |
|By.xpath: //tr[@class='ng-scope']//td[14][143] |get text()                                                            |PASS      |26        |
|By.xpath: //tr[@class='ng-scope']//td[5][144]  |get text()                                                            |PASS      |30        |
|By.xpath: //tr[@class='ng-scope']//td[6][144]  |get text()                                                            |PASS      |34        |
|By.xpath: //tr[@class='ng-scope']//td[14][144] |get text()                                                            |PASS      |51        |
|By.xpath: //tr[@class='ng-scope']//td[5][145]  |get text()                                                            |PASS      |46        |
|By.xpath: //tr[@class='ng-scope']//td[6][145]  |get text()                                                            |PASS      |54        |
|By.xpath: //tr[@class='ng-scope']//td[14][145] |get text()                                                            |PASS      |34        |
|By.xpath: //tr[@class='ng-scope']//td[5][146]  |get text()                                                            |PASS      |27        |
|By.xpath: //tr[@class='ng-scope']//td[6][146]  |get text()                                                            |PASS      |30        |
|By.xpath: //tr[@class='ng-scope']//td[14][146] |get text()                                                            |PASS      |32        |
|By.xpath: //tr[@class='ng-scope']//td[5][147]  |get text()                                                            |PASS      |35        |
|By.xpath: //tr[@class='ng-scope']//td[6][147]  |get text()                                                            |PASS      |35        |
|By.xpath: //tr[@class='ng-scope']//td[14][147] |get text()                                                            |PASS      |37        |
|By.xpath: //tr[@class='ng-scope']//td[5][148]  |get text()                                                            |PASS      |30        |
|By.xpath: //tr[@class='ng-scope']//td[6][148]  |get text()                                                            |PASS      |30        |
|By.xpath: //tr[@class='ng-scope']//td[14][148] |get text()                                                            |PASS      |34        |
|By.xpath: //tr[@class='ng-scope']//td[5][149]  |get text()                                                            |PASS      |33        |
|By.xpath: //tr[@class='ng-scope']//td[6][149]  |get text()                                                            |PASS      |33        |
|By.xpath: //tr[@class='ng-scope']//td[14][149] |get text()                                                            |PASS      |35        |
|By.xpath: //tr[@class='ng-scope']//td[5][150]  |get text()                                                            |PASS      |49        |
|By.xpath: //tr[@class='ng-scope']//td[6][150]  |get text()                                                            |PASS      |35        |
|By.xpath: //tr[@class='ng-scope']//td[14][150] |get text()                                                            |PASS      |36        |
|By.xpath: //tr[@class='ng-scope']//td[5][151]  |get text()                                                            |PASS      |49        |
|By.xpath: //tr[@class='ng-scope']//td[6][151]  |get text()                                                            |PASS      |32        |
|By.xpath: //tr[@class='ng-scope']//td[14][151] |get text()                                                            |PASS      |28        |
|By.xpath: //tr[@class='ng-scope']//td[5][152]  |get text()                                                            |PASS      |39        |
|By.xpath: //tr[@class='ng-scope']//td[6][152]  |get text()                                                            |PASS      |37        |
|By.xpath: //tr[@class='ng-scope']//td[14][152] |get text()                                                            |PASS      |42        |
|By.xpath: //tr[@class='ng-scope']//td[5][153]  |get text()                                                            |PASS      |44        |
|By.xpath: //tr[@class='ng-scope']//td[6][153]  |get text()                                                            |PASS      |33        |
|By.xpath: //tr[@class='ng-scope']//td[14][153] |get text()                                                            |PASS      |30        |
|By.xpath: //tr[@class='ng-scope']//td[5][154]  |get text()                                                            |PASS      |41        |
|By.xpath: //tr[@class='ng-scope']//td[6][154]  |get text()                                                            |PASS      |41        |
|By.xpath: //tr[@class='ng-scope']//td[14][154] |get text()                                                            |PASS      |44        |
|By.xpath: //tr[@class='ng-scope']//td[5][155]  |get text()                                                            |PASS      |29        |
|By.xpath: //tr[@class='ng-scope']//td[6][155]  |get text()                                                            |PASS      |29        |
|By.xpath: //tr[@class='ng-scope']//td[14][155] |get text()                                                            |PASS      |39        |
|By.xpath: //tr[@class='ng-scope']//td[5][156]  |get text()                                                            |PASS      |50        |
|By.xpath: //tr[@class='ng-scope']//td[6][156]  |get text()                                                            |PASS      |42        |
|By.xpath: //tr[@class='ng-scope']//td[14][156] |get text()                                                            |PASS      |31        |
|By.xpath: //tr[@class='ng-scope']//td[5][157]  |get text()                                                            |PASS      |48        |
|By.xpath: //tr[@class='ng-scope']//td[6][157]  |get text()                                                            |PASS      |57        |
|By.xpath: //tr[@class='ng-scope']//td[14][157] |get text()                                                            |PASS      |41        |
|By.xpath: //tr[@class='ng-scope']//td[5][158]  |get text()                                                            |PASS      |73        |
|By.xpath: //tr[@class='ng-scope']//td[6][158]  |get text()                                                            |PASS      |37        |
|By.xpath: //tr[@class='ng-scope']//td[14][158] |get text()                                                            |PASS      |32        |
|By.xpath: //tr[@class='ng-scope']//td[5][159]  |get text()                                                            |PASS      |28        |
|By.xpath: //tr[@class='ng-scope']//td[6][159]  |get text()                                                            |PASS      |31        |
|By.xpath: //tr[@class='ng-scope']//td[14][159] |get text()                                                            |PASS      |28        |
|By.xpath: //tr[@class='ng-scope']//td[5][160]  |get text()                                                            |PASS      |33        |
|By.xpath: //tr[@class='ng-scope']//td[6][160]  |get text()                                                            |PASS      |34        |
|By.xpath: //tr[@class='ng-scope']//td[14][160] |get text()                                                            |PASS      |41        |
|By.xpath: //tr[@class='ng-scope']//td[5][161]  |get text()                                                            |PASS      |34        |
|By.xpath: //tr[@class='ng-scope']//td[6][161]  |get text()                                                            |PASS      |37        |
|By.xpath: //tr[@class='ng-scope']//td[14][161] |get text()                                                            |PASS      |28        |
|By.xpath: //tr[@class='ng-scope']//td[5][162]  |get text()                                                            |PASS      |38        |
|By.xpath: //tr[@class='ng-scope']//td[6][162]  |get text()                                                            |PASS      |33        |
|By.xpath: //tr[@class='ng-scope']//td[14][162] |get text()                                                            |PASS      |45        |
|By.xpath: //tr[@class='ng-scope']//td[5][163]  |get text()                                                            |PASS      |32        |
|By.xpath: //tr[@class='ng-scope']//td[6][163]  |get text()                                                            |PASS      |30        |
|By.xpath: //tr[@class='ng-scope']//td[14][163] |get text()                                                            |PASS      |41        |
|By.xpath: //tr[@class='ng-scope']//td[5][164]  |get text()                                                            |PASS      |48        |
|By.xpath: //tr[@class='ng-scope']//td[6][164]  |get text()                                                            |PASS      |34        |
|By.xpath: //tr[@class='ng-scope']//td[14][164] |get text()                                                            |PASS      |39        |
|By.xpath: //tr[@class='ng-scope']//td[5][165]  |get text()                                                            |PASS      |33        |
|By.xpath: //tr[@class='ng-scope']//td[6][165]  |get text()                                                            |PASS      |37        |
|By.xpath: //tr[@class='ng-scope']//td[14][165] |get text()                                                            |PASS      |33        |
|By.xpath: //tr[@class='ng-scope']//td[5][166]  |get text()                                                            |PASS      |32        |
|By.xpath: //tr[@class='ng-scope']//td[6][166]  |get text()                                                            |PASS      |33        |
|By.xpath: //tr[@class='ng-scope']//td[14][166] |get text()                                                            |PASS      |35        |
|By.xpath: //tr[@class='ng-scope']//td[5][167]  |get text()                                                            |PASS      |51        |
|By.xpath: //tr[@class='ng-scope']//td[6][167]  |get text()                                                            |PASS      |38        |
|By.xpath: //tr[@class='ng-scope']//td[14][167] |get text()                                                            |PASS      |49        |
|By.xpath: //tr[@class='ng-scope']//td[5][168]  |get text()                                                            |PASS      |31        |
|By.xpath: //tr[@class='ng-scope']//td[6][168]  |get text()                                                            |PASS      |34        |
|By.xpath: //tr[@class='ng-scope']//td[14][168] |get text()                                                            |PASS      |30        |
|By.xpath: //tr[@class='ng-scope']//td[5][169]  |get text()                                                            |PASS      |38        |
|By.xpath: //tr[@class='ng-scope']//td[6][169]  |get text()                                                            |PASS      |39        |
|By.xpath: //tr[@class='ng-scope']//td[14][169] |get text()                                                            |PASS      |43        |
|By.xpath: //tr[@class='ng-scope']//td[5][170]  |get text()                                                            |PASS      |30        |
|By.xpath: //tr[@class='ng-scope']//td[6][170]  |get text()                                                            |PASS      |26        |
|By.xpath: //tr[@class='ng-scope']//td[14][170] |get text()                                                            |PASS      |32        |
|By.xpath: //tr[@class='ng-scope']//td[5][171]  |get text()                                                            |PASS      |30        |
|By.xpath: //tr[@class='ng-scope']//td[6][171]  |get text()                                                            |PASS      |32        |
|By.xpath: //tr[@class='ng-scope']//td[14][171] |get text()                                                            |PASS      |33        |
|By.xpath: //tr[@class='ng-scope']//td[5][172]  |get text()                                                            |PASS      |37        |
|By.xpath: //tr[@class='ng-scope']//td[6][172]  |get text()                                                            |PASS      |37        |
|By.xpath: //tr[@class='ng-scope']//td[14][172] |get text()                                                            |PASS      |35        |
|By.xpath: //tr[@class='ng-scope']//td[5][173]  |get text()                                                            |PASS      |34        |
|By.xpath: //tr[@class='ng-scope']//td[6][173]  |get text()                                                            |PASS      |30        |
|By.xpath: //tr[@class='ng-scope']//td[14][173] |get text()                                                            |PASS      |31        |
|By.xpath: //tr[@class='ng-scope']//td[5][174]  |get text()                                                            |PASS      |33        |
|By.xpath: //tr[@class='ng-scope']//td[6][174]  |get text()                                                            |PASS      |31        |
|By.xpath: //tr[@class='ng-scope']//td[14][174] |get text()                                                            |PASS      |37        |
|By.xpath: //tr[@class='ng-scope']//td[5][175]  |get text()                                                            |PASS      |35        |
|By.xpath: //tr[@class='ng-scope']//td[6][175]  |get text()                                                            |PASS      |25        |
|By.xpath: //tr[@class='ng-scope']//td[14][175] |get text()                                                            |PASS      |26        |
|By.xpath: //tr[@class='ng-scope']//td[5][176]  |get text()                                                            |PASS      |27        |
|By.xpath: //tr[@class='ng-scope']//td[6][176]  |get text()                                                            |PASS      |26        |
|By.xpath: //tr[@class='ng-scope']//td[14][176] |get text()                                                            |PASS      |30        |
|By.xpath: //tr[@class='ng-scope']//td[5][177]  |get text()                                                            |PASS      |41        |
|By.xpath: //tr[@class='ng-scope']//td[6][177]  |get text()                                                            |PASS      |30        |
|By.xpath: //tr[@class='ng-scope']//td[14][177] |get text()                                                            |PASS      |35        |
|By.xpath: //tr[@class='ng-scope']//td[5][178]  |get text()                                                            |PASS      |48        |
|By.xpath: //tr[@class='ng-scope']//td[6][178]  |get text()                                                            |PASS      |59        |
|By.xpath: //tr[@class='ng-scope']//td[14][178] |get text()                                                            |PASS      |33        |
|By.xpath: //tr[@class='ng-scope']//td[5][179]  |get text()                                                            |PASS      |48        |
|By.xpath: //tr[@class='ng-scope']//td[6][179]  |get text()                                                            |PASS      |36        |
|By.xpath: //tr[@class='ng-scope']//td[14][179] |get text()                                                            |PASS      |36        |
|By.xpath: //tr[@class='ng-scope']//td[5][180]  |get text()                                                            |PASS      |43        |
|By.xpath: //tr[@class='ng-scope']//td[6][180]  |get text()                                                            |PASS      |33        |
|By.xpath: //tr[@class='ng-scope']//td[14][180] |get text()                                                            |PASS      |34        |
|By.xpath: //tr[@class='ng-scope']//td[5][181]  |get text()                                                            |PASS      |33        |
|By.xpath: //tr[@class='ng-scope']//td[6][181]  |get text()                                                            |PASS      |69        |
|By.xpath: //tr[@class='ng-scope']//td[14][181] |get text()                                                            |PASS      |31        |
|By.xpath: //tr[@class='ng-scope']//td[5][182]  |get text()                                                            |PASS      |44        |
|By.xpath: //tr[@class='ng-scope']//td[6][182]  |get text()                                                            |PASS      |54        |
|By.xpath: //tr[@class='ng-scope']//td[14][182] |get text()                                                            |PASS      |32        |
|By.xpath: //tr[@class='ng-scope']//td[5][183]  |get text()                                                            |PASS      |61        |
|By.xpath: //tr[@class='ng-scope']//td[6][183]  |get text()                                                            |PASS      |44        |
|By.xpath: //tr[@class='ng-scope']//td[14][183] |get text()                                                            |PASS      |68        |
|By.xpath: //tr[@class='ng-scope']//td[5][184]  |get text()                                                            |PASS      |63        |
|By.xpath: //tr[@class='ng-scope']//td[6][184]  |get text()                                                            |PASS      |41        |
|By.xpath: //tr[@class='ng-scope']//td[14][184] |get text()                                                            |PASS      |58        |
|By.xpath: //tr[@class='ng-scope']//td[5][185]  |get text()                                                            |PASS      |43        |
|By.xpath: //tr[@class='ng-scope']//td[6][185]  |get text()                                                            |PASS      |59        |
|By.xpath: //tr[@class='ng-scope']//td[14][185] |get text()                                                            |PASS      |32        |
|By.xpath: //tr[@class='ng-scope']//td[5][186]  |get text()                                                            |PASS      |45        |
|By.xpath: //tr[@class='ng-scope']//td[6][186]  |get text()                                                            |PASS      |59        |
|By.xpath: //tr[@class='ng-scope']//td[14][186] |get text()                                                            |PASS      |45        |
|By.xpath: //tr[@class='ng-scope']//td[5][187]  |get text()                                                            |PASS      |34        |
|By.xpath: //tr[@class='ng-scope']//td[6][187]  |get text()                                                            |PASS      |32        |
|By.xpath: //tr[@class='ng-scope']//td[14][187] |get text()                                                            |PASS      |30        |
|By.xpath: //tr[@class='ng-scope']//td[5][188]  |get text()                                                            |PASS      |30        |
|By.xpath: //tr[@class='ng-scope']//td[6][188]  |get text()                                                            |PASS      |38        |
|By.xpath: //tr[@class='ng-scope']//td[14][188] |get text()                                                            |PASS      |36        |
|By.xpath: //tr[@class='ng-scope']//td[5][189]  |get text()                                                            |PASS      |40        |
|By.xpath: //tr[@class='ng-scope']//td[6][189]  |get text()                                                            |PASS      |27        |
|By.xpath: //tr[@class='ng-scope']//td[14][189] |get text()                                                            |PASS      |38        |
|By.xpath: //tr[@class='ng-scope']//td[5][190]  |get text()                                                            |PASS      |31        |
|By.xpath: //tr[@class='ng-scope']//td[6][190]  |get text()                                                            |PASS      |32        |
|By.xpath: //tr[@class='ng-scope']//td[14][190] |get text()                                                            |PASS      |39        |
|By.xpath: //tr[@class='ng-scope']//td[5][191]  |get text()                                                            |PASS      |42        |
|By.xpath: //tr[@class='ng-scope']//td[6][191]  |get text()                                                            |PASS      |33        |
|By.xpath: //tr[@class='ng-scope']//td[14][191] |get text()                                                            |PASS      |40        |
|By.xpath: //tr[@class='ng-scope']//td[5][192]  |get text()                                                            |PASS      |31        |
|By.xpath: //tr[@class='ng-scope']//td[6][192]  |get text()                                                            |PASS      |27        |
|By.xpath: //tr[@class='ng-scope']//td[14][192] |get text()                                                            |PASS      |32        |
|By.xpath: //tr[@class='ng-scope']//td[5][193]  |get text()                                                            |PASS      |67        |
|By.xpath: //tr[@class='ng-scope']//td[6][193]  |get text()                                                            |PASS      |65        |
|By.xpath: //tr[@class='ng-scope']//td[14][193] |get text()                                                            |PASS      |37        |
|By.xpath: //tr[@class='ng-scope']//td[5][194]  |get text()                                                            |PASS      |57        |
|By.xpath: //tr[@class='ng-scope']//td[6][194]  |get text()                                                            |PASS      |55        |
|By.xpath: //tr[@class='ng-scope']//td[14][194] |get text()                                                            |PASS      |52        |
|By.xpath: //tr[@class='ng-scope']//td[5][195]  |get text()                                                            |PASS      |33        |
|By.xpath: //tr[@class='ng-scope']//td[6][195]  |get text()                                                            |PASS      |47        |
|By.xpath: //tr[@class='ng-scope']//td[14][195] |get text()                                                            |PASS      |37        |
|By.xpath: //tr[@class='ng-scope']//td[5][196]  |get text()                                                            |PASS      |58        |
|By.xpath: //tr[@class='ng-scope']//td[6][196]  |get text()                                                            |PASS      |49        |
|By.xpath: //tr[@class='ng-scope']//td[14][196] |get text()                                                            |PASS      |30        |
|By.xpath: //tr[@class='ng-scope']//td[5][197]  |get text()                                                            |PASS      |64        |
|By.xpath: //tr[@class='ng-scope']//td[6][197]  |get text()                                                            |PASS      |64        |
|By.xpath: //tr[@class='ng-scope']//td[14][197] |get text()                                                            |PASS      |44        |
|By.xpath: //tr[@class='ng-scope']//td[5][198]  |get text()                                                            |PASS      |49        |
|By.xpath: //tr[@class='ng-scope']//td[6][198]  |get text()                                                            |PASS      |29        |
|By.xpath: //tr[@class='ng-scope']//td[14][198] |get text()                                                            |PASS      |49        |
|By.xpath: //tr[@class='ng-scope']//td[5][199]  |get text()                                                            |PASS      |32        |
|By.xpath: //tr[@class='ng-scope']//td[6][199]  |get text()                                                            |PASS      |26        |
|By.xpath: //tr[@class='ng-scope']//td[14][199] |get text()                                                            |PASS      |69        |
|a[ng-click='selectPage(page + 1, $event)']     |click()                                                               |PASS      |151       |
|By.xpath: //tr[@class='ng-scope']//td[5][0]    |get text()                                                            |PASS      |34        |
|By.xpath: //tr[@class='ng-scope']//td[6][0]    |get text()                                                            |PASS      |57        |
|By.xpath: //tr[@class='ng-scope']//td[14][0]   |get text()                                                            |PASS      |59        |
|By.xpath: //tr[@class='ng-scope']//td[5][1]    |get text()                                                            |PASS      |39        |
|By.xpath: //tr[@class='ng-scope']//td[6][1]    |get text()                                                            |PASS      |63        |
|By.xpath: //tr[@class='ng-scope']//td[14][1]   |get text()                                                            |PASS      |43        |
|By.xpath: //tr[@class='ng-scope']//td[5][2]    |get text()                                                            |PASS      |48        |
|By.xpath: //tr[@class='ng-scope']//td[6][2]    |get text()                                                            |PASS      |41        |
|By.xpath: //tr[@class='ng-scope']//td[14][2]   |get text()                                                            |PASS      |85        |
|a[ng-click='selectPage(page + 1, $event)']     |click()                                                               |PASS      |41        |
|a[ui-sref*='dashboardSeller']                  |click()                                                               |PASS      |84        |
|html[ng-app='leadsBasket']                     |scroll to()                                                           |PASS      |100       |
|#date_range                                    |click()                                                               |PASS      |97        |
|input[name='daterangepicker_start']            |clear()                                                               |PASS      |79        |
|input[name='daterangepicker_start']            |set value(13/11/16)                                                   |PASS      |56        |
|by text: Apply                                 |click()                                                               |PASS      |86        |
|span[class*='value ng-scope'][1]               |get text()                                                            |PASS      |35        |
|span[class*='value ng-scope'][3]               |get text()                                                            |PASS      |26        |
|span[class*='value ng-scope'][5]               |get text()                                                            |PASS      |59        |
|span[class*='value ng-scope'][4]               |get text()                                                            |PASS      |28        |
+-----------------------------------------------+----------------------------------------------------------------------+----------+----------+

]]></system-out>
  </testcase>
  <testcase name="testStatisticParOffer" classname="com.affilomnia.leadbaskets.SellerTest" time="134.451">
    <failure message="The following asserts failed:&#10;	Total Leads expected [188.0] but found [0.0],&#10;	total Revenues expected [6176.92] but found [0.0],&#10;	DashBoard Total clicks expected [350.0] but found [78.0],&#10;	DashBoard Avg. EPC expected [2.44] but found [10.93]" type="java.lang.AssertionError">java.lang.AssertionError: 
The following asserts failed:
	Total Leads expected [188.0] but found [0.0],
	total Revenues expected [6176.92] but found [0.0],
	DashBoard Total clicks expected [350.0] but found [78.0],
	DashBoard Avg. EPC expected [2.44] but found [10.93]
	at com.affilomnia.leadbaskets.SellerTest.testStatisticParOffer(SellerTest.java:55)
</failure>
    <system-out><![CDATA[
OfferName: Home security>Number leads:1.0>Revenues: 22.0>Avg. CPL: 22.0EPC: 11.0

OfferName: selenium Webdriver(don't use!!!)>Number leads:187.0>Revenues: 6154.92>Avg. CPL: 32.91EPC: 17.69
Report for testStatisticParOffer
+------------------------------------------------+----------------------------------------------------------------------+----------+----------+
|Element                                         |Subject                                                               |Status    |ms.       |
+------------------------------------------------+----------------------------------------------------------------------+----------+----------+
|open                                            |https://test_app.leadsbasket.com                                      |PASS      |248       |
|input[name='email']                             |send keys(kirilk+webdriver1@affilomania.com)                          |PASS      |201       |
|#password                                       |send keys(0546474985Ko)                                               |PASS      |87        |
|button[type='submit']                           |press enter()                                                         |PASS      |92        |
|a[ui-sref*='live_offers']                       |click()                                                               |PASS      |81        |
|tbody.ng-scope>tr:nth-child(1)>td:nth-child(2)  |get text()                                                            |PASS      |46        |
|tbody.ng-scope>tr:nth-child(1)>td:nth-child(7)  |get text()                                                            |PASS      |23        |
|tbody.ng-scope>tr:nth-child(1)>td:nth-child(9)  |text()                                                                |PASS      |63        |
|tbody.ng-scope>tr:nth-child(1)>td:nth-child(14) |get text()                                                            |PASS      |34        |
|tbody.ng-scope>tr:nth-child(1)>td:nth-child(6)  |get text()                                                            |PASS      |29        |
|tbody.ng-scope>tr:nth-child(1)>td:nth-child(15) |get text()                                                            |PASS      |36        |
|tbody.ng-scope>tr:nth-child(1)>td:nth-child(2)  |click()                                                               |PASS      |64        |
|by text: See Report                             |click()                                                               |PASS      |7038      |
|by text: 200                                    |wait until([visible, 20000])                                          |PASS      |28        |
|by text: 200                                    |click()                                                               |PASS      |5046      |
|By.xpath: //tr[@class='ng-scope']//td[5][0]     |get text()                                                            |PASS      |31        |
|By.xpath: //tr[@class='ng-scope']//td[6][0]     |get text()                                                            |PASS      |68        |
|By.xpath: //tr[@class='ng-scope']//td[14][0]    |get text()                                                            |PASS      |34        |
|a[ui-sref*='live_offers'][0]                    |click()                                                               |PASS      |5057      |
|tbody.ng-scope>tr:nth-child(2)>td:nth-child(2)  |get text()                                                            |PASS      |2391      |
|tbody.ng-scope>tr:nth-child(2)>td:nth-child(7)  |get text()                                                            |PASS      |37        |
|tbody.ng-scope>tr:nth-child(2)>td:nth-child(9)  |text()                                                                |PASS      |36        |
|tbody.ng-scope>tr:nth-child(2)>td:nth-child(14) |get text()                                                            |PASS      |36        |
|tbody.ng-scope>tr:nth-child(2)>td:nth-child(6)  |get text()                                                            |PASS      |33        |
|tbody.ng-scope>tr:nth-child(2)>td:nth-child(15) |get text()                                                            |PASS      |34        |
|tbody.ng-scope>tr:nth-child(2)>td:nth-child(2)  |click()                                                               |PASS      |5070      |
|by text: See Report                             |click()                                                               |PASS      |6456      |
|by text: 200                                    |wait until([visible, 20000])                                          |PASS      |28        |
|by text: 200                                    |click()                                                               |PASS      |6073      |
|By.xpath: //tr[@class='ng-scope']//td[5][0]     |get text()                                                            |PASS      |224       |
|By.xpath: //tr[@class='ng-scope']//td[6][0]     |get text()                                                            |PASS      |77        |
|By.xpath: //tr[@class='ng-scope']//td[14][0]    |get text()                                                            |PASS      |90        |
|By.xpath: //tr[@class='ng-scope']//td[5][1]     |get text()                                                            |PASS      |55        |
|By.xpath: //tr[@class='ng-scope']//td[6][1]     |get text()                                                            |PASS      |88        |
|By.xpath: //tr[@class='ng-scope']//td[14][1]    |get text()                                                            |PASS      |69        |
|By.xpath: //tr[@class='ng-scope']//td[5][2]     |get text()                                                            |PASS      |72        |
|By.xpath: //tr[@class='ng-scope']//td[6][2]     |get text()                                                            |PASS      |69        |
|By.xpath: //tr[@class='ng-scope']//td[14][2]    |get text()                                                            |PASS      |89        |
|By.xpath: //tr[@class='ng-scope']//td[5][3]     |get text()                                                            |PASS      |68        |
|By.xpath: //tr[@class='ng-scope']//td[6][3]     |get text()                                                            |PASS      |99        |
|By.xpath: //tr[@class='ng-scope']//td[14][3]    |get text()                                                            |PASS      |55        |
|By.xpath: //tr[@class='ng-scope']//td[5][4]     |get text()                                                            |PASS      |61        |
|By.xpath: //tr[@class='ng-scope']//td[6][4]     |get text()                                                            |PASS      |84        |
|By.xpath: //tr[@class='ng-scope']//td[14][4]    |get text()                                                            |PASS      |94        |
|By.xpath: //tr[@class='ng-scope']//td[5][5]     |get text()                                                            |PASS      |58        |
|By.xpath: //tr[@class='ng-scope']//td[6][5]     |get text()                                                            |PASS      |70        |
|By.xpath: //tr[@class='ng-scope']//td[14][5]    |get text()                                                            |PASS      |66        |
|By.xpath: //tr[@class='ng-scope']//td[5][6]     |get text()                                                            |PASS      |65        |
|By.xpath: //tr[@class='ng-scope']//td[6][6]     |get text()                                                            |PASS      |85        |
|By.xpath: //tr[@class='ng-scope']//td[14][6]    |get text()                                                            |PASS      |78        |
|By.xpath: //tr[@class='ng-scope']//td[5][7]     |get text()                                                            |PASS      |60        |
|By.xpath: //tr[@class='ng-scope']//td[6][7]     |get text()                                                            |PASS      |121       |
|By.xpath: //tr[@class='ng-scope']//td[14][7]    |get text()                                                            |PASS      |65        |
|By.xpath: //tr[@class='ng-scope']//td[5][8]     |get text()                                                            |PASS      |44        |
|By.xpath: //tr[@class='ng-scope']//td[6][8]     |get text()                                                            |PASS      |83        |
|By.xpath: //tr[@class='ng-scope']//td[14][8]    |get text()                                                            |PASS      |83        |
|By.xpath: //tr[@class='ng-scope']//td[5][9]     |get text()                                                            |PASS      |70        |
|By.xpath: //tr[@class='ng-scope']//td[6][9]     |get text()                                                            |PASS      |74        |
|By.xpath: //tr[@class='ng-scope']//td[14][9]    |get text()                                                            |PASS      |76        |
|By.xpath: //tr[@class='ng-scope']//td[5][10]    |get text()                                                            |PASS      |130       |
|By.xpath: //tr[@class='ng-scope']//td[6][10]    |get text()                                                            |PASS      |67        |
|By.xpath: //tr[@class='ng-scope']//td[14][10]   |get text()                                                            |PASS      |79        |
|By.xpath: //tr[@class='ng-scope']//td[5][11]    |get text()                                                            |PASS      |83        |
|By.xpath: //tr[@class='ng-scope']//td[6][11]    |get text()                                                            |PASS      |57        |
|By.xpath: //tr[@class='ng-scope']//td[14][11]   |get text()                                                            |PASS      |85        |
|By.xpath: //tr[@class='ng-scope']//td[5][12]    |get text()                                                            |PASS      |70        |
|By.xpath: //tr[@class='ng-scope']//td[6][12]    |get text()                                                            |PASS      |73        |
|By.xpath: //tr[@class='ng-scope']//td[14][12]   |get text()                                                            |PASS      |59        |
|By.xpath: //tr[@class='ng-scope']//td[5][13]    |get text()                                                            |PASS      |55        |
|By.xpath: //tr[@class='ng-scope']//td[6][13]    |get text()                                                            |PASS      |62        |
|By.xpath: //tr[@class='ng-scope']//td[14][13]   |get text()                                                            |PASS      |66        |
|By.xpath: //tr[@class='ng-scope']//td[5][14]    |get text()                                                            |PASS      |62        |
|By.xpath: //tr[@class='ng-scope']//td[6][14]    |get text()                                                            |PASS      |60        |
|By.xpath: //tr[@class='ng-scope']//td[14][14]   |get text()                                                            |PASS      |82        |
|By.xpath: //tr[@class='ng-scope']//td[5][15]    |get text()                                                            |PASS      |57        |
|By.xpath: //tr[@class='ng-scope']//td[6][15]    |get text()                                                            |PASS      |77        |
|By.xpath: //tr[@class='ng-scope']//td[14][15]   |get text()                                                            |PASS      |99        |
|By.xpath: //tr[@class='ng-scope']//td[5][16]    |get text()                                                            |PASS      |92        |
|By.xpath: //tr[@class='ng-scope']//td[6][16]    |get text()                                                            |PASS      |55        |
|By.xpath: //tr[@class='ng-scope']//td[14][16]   |get text()                                                            |PASS      |66        |
|By.xpath: //tr[@class='ng-scope']//td[5][17]    |get text()                                                            |PASS      |105       |
|By.xpath: //tr[@class='ng-scope']//td[6][17]    |get text()                                                            |PASS      |80        |
|By.xpath: //tr[@class='ng-scope']//td[14][17]   |get text()                                                            |PASS      |79        |
|By.xpath: //tr[@class='ng-scope']//td[5][18]    |get text()                                                            |PASS      |94        |
|By.xpath: //tr[@class='ng-scope']//td[6][18]    |get text()                                                            |PASS      |68        |
|By.xpath: //tr[@class='ng-scope']//td[14][18]   |get text()                                                            |PASS      |76        |
|By.xpath: //tr[@class='ng-scope']//td[5][19]    |get text()                                                            |PASS      |88        |
|By.xpath: //tr[@class='ng-scope']//td[6][19]    |get text()                                                            |PASS      |59        |
|By.xpath: //tr[@class='ng-scope']//td[14][19]   |get text()                                                            |PASS      |74        |
|By.xpath: //tr[@class='ng-scope']//td[5][20]    |get text()                                                            |PASS      |71        |
|By.xpath: //tr[@class='ng-scope']//td[6][20]    |get text()                                                            |PASS      |54        |
|By.xpath: //tr[@class='ng-scope']//td[14][20]   |get text()                                                            |PASS      |102       |
|By.xpath: //tr[@class='ng-scope']//td[5][21]    |get text()                                                            |PASS      |82        |
|By.xpath: //tr[@class='ng-scope']//td[6][21]    |get text()                                                            |PASS      |59        |
|By.xpath: //tr[@class='ng-scope']//td[14][21]   |get text()                                                            |PASS      |106       |
|By.xpath: //tr[@class='ng-scope']//td[5][22]    |get text()                                                            |PASS      |91        |
|By.xpath: //tr[@class='ng-scope']//td[6][22]    |get text()                                                            |PASS      |83        |
|By.xpath: //tr[@class='ng-scope']//td[14][22]   |get text()                                                            |PASS      |106       |
|By.xpath: //tr[@class='ng-scope']//td[5][23]    |get text()                                                            |PASS      |54        |
|By.xpath: //tr[@class='ng-scope']//td[6][23]    |get text()                                                            |PASS      |94        |
|By.xpath: //tr[@class='ng-scope']//td[14][23]   |get text()                                                            |PASS      |81        |
|By.xpath: //tr[@class='ng-scope']//td[5][24]    |get text()                                                            |PASS      |53        |
|By.xpath: //tr[@class='ng-scope']//td[6][24]    |get text()                                                            |PASS      |77        |
|By.xpath: //tr[@class='ng-scope']//td[14][24]   |get text()                                                            |PASS      |67        |
|By.xpath: //tr[@class='ng-scope']//td[5][25]    |get text()                                                            |PASS      |95        |
|By.xpath: //tr[@class='ng-scope']//td[6][25]    |get text()                                                            |PASS      |51        |
|By.xpath: //tr[@class='ng-scope']//td[14][25]   |get text()                                                            |PASS      |102       |
|By.xpath: //tr[@class='ng-scope']//td[5][26]    |get text()                                                            |PASS      |96        |
|By.xpath: //tr[@class='ng-scope']//td[6][26]    |get text()                                                            |PASS      |76        |
|By.xpath: //tr[@class='ng-scope']//td[14][26]   |get text()                                                            |PASS      |63        |
|By.xpath: //tr[@class='ng-scope']//td[5][27]    |get text()                                                            |PASS      |66        |
|By.xpath: //tr[@class='ng-scope']//td[6][27]    |get text()                                                            |PASS      |70        |
|By.xpath: //tr[@class='ng-scope']//td[14][27]   |get text()                                                            |PASS      |57        |
|By.xpath: //tr[@class='ng-scope']//td[5][28]    |get text()                                                            |PASS      |96        |
|By.xpath: //tr[@class='ng-scope']//td[6][28]    |get text()                                                            |PASS      |80        |
|By.xpath: //tr[@class='ng-scope']//td[14][28]   |get text()                                                            |PASS      |90        |
|By.xpath: //tr[@class='ng-scope']//td[5][29]    |get text()                                                            |PASS      |78        |
|By.xpath: //tr[@class='ng-scope']//td[6][29]    |get text()                                                            |PASS      |75        |
|By.xpath: //tr[@class='ng-scope']//td[14][29]   |get text()                                                            |PASS      |57        |
|By.xpath: //tr[@class='ng-scope']//td[5][30]    |get text()                                                            |PASS      |118       |
|By.xpath: //tr[@class='ng-scope']//td[6][30]    |get text()                                                            |PASS      |90        |
|By.xpath: //tr[@class='ng-scope']//td[14][30]   |get text()                                                            |PASS      |86        |
|By.xpath: //tr[@class='ng-scope']//td[5][31]    |get text()                                                            |PASS      |78        |
|By.xpath: //tr[@class='ng-scope']//td[6][31]    |get text()                                                            |PASS      |57        |
|By.xpath: //tr[@class='ng-scope']//td[14][31]   |get text()                                                            |PASS      |64        |
|By.xpath: //tr[@class='ng-scope']//td[5][32]    |get text()                                                            |PASS      |65        |
|By.xpath: //tr[@class='ng-scope']//td[6][32]    |get text()                                                            |PASS      |59        |
|By.xpath: //tr[@class='ng-scope']//td[14][32]   |get text()                                                            |PASS      |97        |
|By.xpath: //tr[@class='ng-scope']//td[5][33]    |get text()                                                            |PASS      |51        |
|By.xpath: //tr[@class='ng-scope']//td[6][33]    |get text()                                                            |PASS      |64        |
|By.xpath: //tr[@class='ng-scope']//td[14][33]   |get text()                                                            |PASS      |58        |
|By.xpath: //tr[@class='ng-scope']//td[5][34]    |get text()                                                            |PASS      |105       |
|By.xpath: //tr[@class='ng-scope']//td[6][34]    |get text()                                                            |PASS      |56        |
|By.xpath: //tr[@class='ng-scope']//td[14][34]   |get text()                                                            |PASS      |63        |
|By.xpath: //tr[@class='ng-scope']//td[5][35]    |get text()                                                            |PASS      |67        |
|By.xpath: //tr[@class='ng-scope']//td[6][35]    |get text()                                                            |PASS      |78        |
|By.xpath: //tr[@class='ng-scope']//td[14][35]   |get text()                                                            |PASS      |92        |
|By.xpath: //tr[@class='ng-scope']//td[5][36]    |get text()                                                            |PASS      |80        |
|By.xpath: //tr[@class='ng-scope']//td[6][36]    |get text()                                                            |PASS      |62        |
|By.xpath: //tr[@class='ng-scope']//td[14][36]   |get text()                                                            |PASS      |94        |
|By.xpath: //tr[@class='ng-scope']//td[5][37]    |get text()                                                            |PASS      |81        |
|By.xpath: //tr[@class='ng-scope']//td[6][37]    |get text()                                                            |PASS      |79        |
|By.xpath: //tr[@class='ng-scope']//td[14][37]   |get text()                                                            |PASS      |110       |
|By.xpath: //tr[@class='ng-scope']//td[5][38]    |get text()                                                            |PASS      |65        |
|By.xpath: //tr[@class='ng-scope']//td[6][38]    |get text()                                                            |PASS      |64        |
|By.xpath: //tr[@class='ng-scope']//td[14][38]   |get text()                                                            |PASS      |60        |
|By.xpath: //tr[@class='ng-scope']//td[5][39]    |get text()                                                            |PASS      |147       |
|By.xpath: //tr[@class='ng-scope']//td[6][39]    |get text()                                                            |PASS      |97        |
|By.xpath: //tr[@class='ng-scope']//td[14][39]   |get text()                                                            |PASS      |66        |
|By.xpath: //tr[@class='ng-scope']//td[5][40]    |get text()                                                            |PASS      |67        |
|By.xpath: //tr[@class='ng-scope']//td[6][40]    |get text()                                                            |PASS      |62        |
|By.xpath: //tr[@class='ng-scope']//td[14][40]   |get text()                                                            |PASS      |80        |
|By.xpath: //tr[@class='ng-scope']//td[5][41]    |get text()                                                            |PASS      |104       |
|By.xpath: //tr[@class='ng-scope']//td[6][41]    |get text()                                                            |PASS      |72        |
|By.xpath: //tr[@class='ng-scope']//td[14][41]   |get text()                                                            |PASS      |63        |
|By.xpath: //tr[@class='ng-scope']//td[5][42]    |get text()                                                            |PASS      |66        |
|By.xpath: //tr[@class='ng-scope']//td[6][42]    |get text()                                                            |PASS      |67        |
|By.xpath: //tr[@class='ng-scope']//td[14][42]   |get text()                                                            |PASS      |58        |
|By.xpath: //tr[@class='ng-scope']//td[5][43]    |get text()                                                            |PASS      |77        |
|By.xpath: //tr[@class='ng-scope']//td[6][43]    |get text()                                                            |PASS      |89        |
|By.xpath: //tr[@class='ng-scope']//td[14][43]   |get text()                                                            |PASS      |94        |
|By.xpath: //tr[@class='ng-scope']//td[5][44]    |get text()                                                            |PASS      |60        |
|By.xpath: //tr[@class='ng-scope']//td[6][44]    |get text()                                                            |PASS      |60        |
|By.xpath: //tr[@class='ng-scope']//td[14][44]   |get text()                                                            |PASS      |69        |
|By.xpath: //tr[@class='ng-scope']//td[5][45]    |get text()                                                            |PASS      |58        |
|By.xpath: //tr[@class='ng-scope']//td[6][45]    |get text()                                                            |PASS      |100       |
|By.xpath: //tr[@class='ng-scope']//td[14][45]   |get text()                                                            |PASS      |61        |
|By.xpath: //tr[@class='ng-scope']//td[5][46]    |get text()                                                            |PASS      |65        |
|By.xpath: //tr[@class='ng-scope']//td[6][46]    |get text()                                                            |PASS      |63        |
|By.xpath: //tr[@class='ng-scope']//td[14][46]   |get text()                                                            |PASS      |59        |
|By.xpath: //tr[@class='ng-scope']//td[5][47]    |get text()                                                            |PASS      |93        |
|By.xpath: //tr[@class='ng-scope']//td[6][47]    |get text()                                                            |PASS      |64        |
|By.xpath: //tr[@class='ng-scope']//td[14][47]   |get text()                                                            |PASS      |64        |
|By.xpath: //tr[@class='ng-scope']//td[5][48]    |get text()                                                            |PASS      |78        |
|By.xpath: //tr[@class='ng-scope']//td[6][48]    |get text()                                                            |PASS      |74        |
|By.xpath: //tr[@class='ng-scope']//td[14][48]   |get text()                                                            |PASS      |58        |
|By.xpath: //tr[@class='ng-scope']//td[5][49]    |get text()                                                            |PASS      |77        |
|By.xpath: //tr[@class='ng-scope']//td[6][49]    |get text()                                                            |PASS      |99        |
|By.xpath: //tr[@class='ng-scope']//td[14][49]   |get text()                                                            |PASS      |60        |
|By.xpath: //tr[@class='ng-scope']//td[5][50]    |get text()                                                            |PASS      |87        |
|By.xpath: //tr[@class='ng-scope']//td[6][50]    |get text()                                                            |PASS      |94        |
|By.xpath: //tr[@class='ng-scope']//td[14][50]   |get text()                                                            |PASS      |67        |
|By.xpath: //tr[@class='ng-scope']//td[5][51]    |get text()                                                            |PASS      |59        |
|By.xpath: //tr[@class='ng-scope']//td[6][51]    |get text()                                                            |PASS      |77        |
|By.xpath: //tr[@class='ng-scope']//td[14][51]   |get text()                                                            |PASS      |63        |
|By.xpath: //tr[@class='ng-scope']//td[5][52]    |get text()                                                            |PASS      |87        |
|By.xpath: //tr[@class='ng-scope']//td[6][52]    |get text()                                                            |PASS      |63        |
|By.xpath: //tr[@class='ng-scope']//td[14][52]   |get text()                                                            |PASS      |85        |
|By.xpath: //tr[@class='ng-scope']//td[5][53]    |get text()                                                            |PASS      |74        |
|By.xpath: //tr[@class='ng-scope']//td[6][53]    |get text()                                                            |PASS      |80        |
|By.xpath: //tr[@class='ng-scope']//td[14][53]   |get text()                                                            |PASS      |54        |
|By.xpath: //tr[@class='ng-scope']//td[5][54]    |get text()                                                            |PASS      |66        |
|By.xpath: //tr[@class='ng-scope']//td[6][54]    |get text()                                                            |PASS      |80        |
|By.xpath: //tr[@class='ng-scope']//td[14][54]   |get text()                                                            |PASS      |62        |
|By.xpath: //tr[@class='ng-scope']//td[5][55]    |get text()                                                            |PASS      |100       |
|By.xpath: //tr[@class='ng-scope']//td[6][55]    |get text()                                                            |PASS      |76        |
|By.xpath: //tr[@class='ng-scope']//td[14][55]   |get text()                                                            |PASS      |70        |
|By.xpath: //tr[@class='ng-scope']//td[5][56]    |get text()                                                            |PASS      |79        |
|By.xpath: //tr[@class='ng-scope']//td[6][56]    |get text()                                                            |PASS      |59        |
|By.xpath: //tr[@class='ng-scope']//td[14][56]   |get text()                                                            |PASS      |64        |
|By.xpath: //tr[@class='ng-scope']//td[5][57]    |get text()                                                            |PASS      |76        |
|By.xpath: //tr[@class='ng-scope']//td[6][57]    |get text()                                                            |PASS      |90        |
|By.xpath: //tr[@class='ng-scope']//td[14][57]   |get text()                                                            |PASS      |68        |
|By.xpath: //tr[@class='ng-scope']//td[5][58]    |get text()                                                            |PASS      |73        |
|By.xpath: //tr[@class='ng-scope']//td[6][58]    |get text()                                                            |PASS      |60        |
|By.xpath: //tr[@class='ng-scope']//td[14][58]   |get text()                                                            |PASS      |71        |
|By.xpath: //tr[@class='ng-scope']//td[5][59]    |get text()                                                            |PASS      |79        |
|By.xpath: //tr[@class='ng-scope']//td[6][59]    |get text()                                                            |PASS      |64        |
|By.xpath: //tr[@class='ng-scope']//td[14][59]   |get text()                                                            |PASS      |64        |
|By.xpath: //tr[@class='ng-scope']//td[5][60]    |get text()                                                            |PASS      |53        |
|By.xpath: //tr[@class='ng-scope']//td[6][60]    |get text()                                                            |PASS      |64        |
|By.xpath: //tr[@class='ng-scope']//td[14][60]   |get text()                                                            |PASS      |59        |
|By.xpath: //tr[@class='ng-scope']//td[5][61]    |get text()                                                            |PASS      |56        |
|By.xpath: //tr[@class='ng-scope']//td[6][61]    |get text()                                                            |PASS      |73        |
|By.xpath: //tr[@class='ng-scope']//td[14][61]   |get text()                                                            |PASS      |53        |
|By.xpath: //tr[@class='ng-scope']//td[5][62]    |get text()                                                            |PASS      |72        |
|By.xpath: //tr[@class='ng-scope']//td[6][62]    |get text()                                                            |PASS      |55        |
|By.xpath: //tr[@class='ng-scope']//td[14][62]   |get text()                                                            |PASS      |106       |
|By.xpath: //tr[@class='ng-scope']//td[5][63]    |get text()                                                            |PASS      |60        |
|By.xpath: //tr[@class='ng-scope']//td[6][63]    |get text()                                                            |PASS      |83        |
|By.xpath: //tr[@class='ng-scope']//td[14][63]   |get text()                                                            |PASS      |88        |
|By.xpath: //tr[@class='ng-scope']//td[5][64]    |get text()                                                            |PASS      |100       |
|By.xpath: //tr[@class='ng-scope']//td[6][64]    |get text()                                                            |PASS      |78        |
|By.xpath: //tr[@class='ng-scope']//td[14][64]   |get text()                                                            |PASS      |87        |
|By.xpath: //tr[@class='ng-scope']//td[5][65]    |get text()                                                            |PASS      |95        |
|By.xpath: //tr[@class='ng-scope']//td[6][65]    |get text()                                                            |PASS      |62        |
|By.xpath: //tr[@class='ng-scope']//td[14][65]   |get text()                                                            |PASS      |56        |
|By.xpath: //tr[@class='ng-scope']//td[5][66]    |get text()                                                            |PASS      |55        |
|By.xpath: //tr[@class='ng-scope']//td[6][66]    |get text()                                                            |PASS      |65        |
|By.xpath: //tr[@class='ng-scope']//td[14][66]   |get text()                                                            |PASS      |75        |
|By.xpath: //tr[@class='ng-scope']//td[5][67]    |get text()                                                            |PASS      |55        |
|By.xpath: //tr[@class='ng-scope']//td[6][67]    |get text()                                                            |PASS      |62        |
|By.xpath: //tr[@class='ng-scope']//td[14][67]   |get text()                                                            |PASS      |56        |
|By.xpath: //tr[@class='ng-scope']//td[5][68]    |get text()                                                            |PASS      |64        |
|By.xpath: //tr[@class='ng-scope']//td[6][68]    |get text()                                                            |PASS      |82        |
|By.xpath: //tr[@class='ng-scope']//td[14][68]   |get text()                                                            |PASS      |59        |
|By.xpath: //tr[@class='ng-scope']//td[5][69]    |get text()                                                            |PASS      |55        |
|By.xpath: //tr[@class='ng-scope']//td[6][69]    |get text()                                                            |PASS      |103       |
|By.xpath: //tr[@class='ng-scope']//td[14][69]   |get text()                                                            |PASS      |49        |
|By.xpath: //tr[@class='ng-scope']//td[5][70]    |get text()                                                            |PASS      |63        |
|By.xpath: //tr[@class='ng-scope']//td[6][70]    |get text()                                                            |PASS      |57        |
|By.xpath: //tr[@class='ng-scope']//td[14][70]   |get text()                                                            |PASS      |54        |
|By.xpath: //tr[@class='ng-scope']//td[5][71]    |get text()                                                            |PASS      |75        |
|By.xpath: //tr[@class='ng-scope']//td[6][71]    |get text()                                                            |PASS      |50        |
|By.xpath: //tr[@class='ng-scope']//td[14][71]   |get text()                                                            |PASS      |64        |
|By.xpath: //tr[@class='ng-scope']//td[5][72]    |get text()                                                            |PASS      |59        |
|By.xpath: //tr[@class='ng-scope']//td[6][72]    |get text()                                                            |PASS      |78        |
|By.xpath: //tr[@class='ng-scope']//td[14][72]   |get text()                                                            |PASS      |68        |
|By.xpath: //tr[@class='ng-scope']//td[5][73]    |get text()                                                            |PASS      |59        |
|By.xpath: //tr[@class='ng-scope']//td[6][73]    |get text()                                                            |PASS      |63        |
|By.xpath: //tr[@class='ng-scope']//td[14][73]   |get text()                                                            |PASS      |75        |
|By.xpath: //tr[@class='ng-scope']//td[5][74]    |get text()                                                            |PASS      |50        |
|By.xpath: //tr[@class='ng-scope']//td[6][74]    |get text()                                                            |PASS      |63        |
|By.xpath: //tr[@class='ng-scope']//td[14][74]   |get text()                                                            |PASS      |60        |
|By.xpath: //tr[@class='ng-scope']//td[5][75]    |get text()                                                            |PASS      |72        |
|By.xpath: //tr[@class='ng-scope']//td[6][75]    |get text()                                                            |PASS      |50        |
|By.xpath: //tr[@class='ng-scope']//td[14][75]   |get text()                                                            |PASS      |58        |
|By.xpath: //tr[@class='ng-scope']//td[5][76]    |get text()                                                            |PASS      |55        |
|By.xpath: //tr[@class='ng-scope']//td[6][76]    |get text()                                                            |PASS      |53        |
|By.xpath: //tr[@class='ng-scope']//td[14][76]   |get text()                                                            |PASS      |104       |
|By.xpath: //tr[@class='ng-scope']//td[5][77]    |get text()                                                            |PASS      |61        |
|By.xpath: //tr[@class='ng-scope']//td[6][77]    |get text()                                                            |PASS      |52        |
|By.xpath: //tr[@class='ng-scope']//td[14][77]   |get text()                                                            |PASS      |58        |
|By.xpath: //tr[@class='ng-scope']//td[5][78]    |get text()                                                            |PASS      |62        |
|By.xpath: //tr[@class='ng-scope']//td[6][78]    |get text()                                                            |PASS      |89        |
|By.xpath: //tr[@class='ng-scope']//td[14][78]   |get text()                                                            |PASS      |61        |
|By.xpath: //tr[@class='ng-scope']//td[5][79]    |get text()                                                            |PASS      |52        |
|By.xpath: //tr[@class='ng-scope']//td[6][79]    |get text()                                                            |PASS      |57        |
|By.xpath: //tr[@class='ng-scope']//td[14][79]   |get text()                                                            |PASS      |63        |
|By.xpath: //tr[@class='ng-scope']//td[5][80]    |get text()                                                            |PASS      |70        |
|By.xpath: //tr[@class='ng-scope']//td[6][80]    |get text()                                                            |PASS      |59        |
|By.xpath: //tr[@class='ng-scope']//td[14][80]   |get text()                                                            |PASS      |55        |
|By.xpath: //tr[@class='ng-scope']//td[5][81]    |get text()                                                            |PASS      |76        |
|By.xpath: //tr[@class='ng-scope']//td[6][81]    |get text()                                                            |PASS      |90        |
|By.xpath: //tr[@class='ng-scope']//td[14][81]   |get text()                                                            |PASS      |86        |
|By.xpath: //tr[@class='ng-scope']//td[5][82]    |get text()                                                            |PASS      |58        |
|By.xpath: //tr[@class='ng-scope']//td[6][82]    |get text()                                                            |PASS      |76        |
|By.xpath: //tr[@class='ng-scope']//td[14][82]   |get text()                                                            |PASS      |79        |
|By.xpath: //tr[@class='ng-scope']//td[5][83]    |get text()                                                            |PASS      |62        |
|By.xpath: //tr[@class='ng-scope']//td[6][83]    |get text()                                                            |PASS      |73        |
|By.xpath: //tr[@class='ng-scope']//td[14][83]   |get text()                                                            |PASS      |59        |
|By.xpath: //tr[@class='ng-scope']//td[5][84]    |get text()                                                            |PASS      |69        |
|By.xpath: //tr[@class='ng-scope']//td[6][84]    |get text()                                                            |PASS      |66        |
|By.xpath: //tr[@class='ng-scope']//td[14][84]   |get text()                                                            |PASS      |62        |
|By.xpath: //tr[@class='ng-scope']//td[5][85]    |get text()                                                            |PASS      |60        |
|By.xpath: //tr[@class='ng-scope']//td[6][85]    |get text()                                                            |PASS      |53        |
|By.xpath: //tr[@class='ng-scope']//td[14][85]   |get text()                                                            |PASS      |51        |
|By.xpath: //tr[@class='ng-scope']//td[5][86]    |get text()                                                            |PASS      |78        |
|By.xpath: //tr[@class='ng-scope']//td[6][86]    |get text()                                                            |PASS      |88        |
|By.xpath: //tr[@class='ng-scope']//td[14][86]   |get text()                                                            |PASS      |92        |
|By.xpath: //tr[@class='ng-scope']//td[5][87]    |get text()                                                            |PASS      |52        |
|By.xpath: //tr[@class='ng-scope']//td[6][87]    |get text()                                                            |PASS      |62        |
|By.xpath: //tr[@class='ng-scope']//td[14][87]   |get text()                                                            |PASS      |58        |
|By.xpath: //tr[@class='ng-scope']//td[5][88]    |get text()                                                            |PASS      |54        |
|By.xpath: //tr[@class='ng-scope']//td[6][88]    |get text()                                                            |PASS      |56        |
|By.xpath: //tr[@class='ng-scope']//td[14][88]   |get text()                                                            |PASS      |57        |
|By.xpath: //tr[@class='ng-scope']//td[5][89]    |get text()                                                            |PASS      |53        |
|By.xpath: //tr[@class='ng-scope']//td[6][89]    |get text()                                                            |PASS      |86        |
|By.xpath: //tr[@class='ng-scope']//td[14][89]   |get text()                                                            |PASS      |76        |
|By.xpath: //tr[@class='ng-scope']//td[5][90]    |get text()                                                            |PASS      |64        |
|By.xpath: //tr[@class='ng-scope']//td[6][90]    |get text()                                                            |PASS      |75        |
|By.xpath: //tr[@class='ng-scope']//td[14][90]   |get text()                                                            |PASS      |60        |
|By.xpath: //tr[@class='ng-scope']//td[5][91]    |get text()                                                            |PASS      |76        |
|By.xpath: //tr[@class='ng-scope']//td[6][91]    |get text()                                                            |PASS      |105       |
|By.xpath: //tr[@class='ng-scope']//td[14][91]   |get text()                                                            |PASS      |56        |
|By.xpath: //tr[@class='ng-scope']//td[5][92]    |get text()                                                            |PASS      |74        |
|By.xpath: //tr[@class='ng-scope']//td[6][92]    |get text()                                                            |PASS      |64        |
|By.xpath: //tr[@class='ng-scope']//td[14][92]   |get text()                                                            |PASS      |58        |
|By.xpath: //tr[@class='ng-scope']//td[5][93]    |get text()                                                            |PASS      |56        |
|By.xpath: //tr[@class='ng-scope']//td[6][93]    |get text()                                                            |PASS      |54        |
|By.xpath: //tr[@class='ng-scope']//td[14][93]   |get text()                                                            |PASS      |58        |
|By.xpath: //tr[@class='ng-scope']//td[5][94]    |get text()                                                            |PASS      |53        |
|By.xpath: //tr[@class='ng-scope']//td[6][94]    |get text()                                                            |PASS      |54        |
|By.xpath: //tr[@class='ng-scope']//td[14][94]   |get text()                                                            |PASS      |56        |
|By.xpath: //tr[@class='ng-scope']//td[5][95]    |get text()                                                            |PASS      |53        |
|By.xpath: //tr[@class='ng-scope']//td[6][95]    |get text()                                                            |PASS      |72        |
|By.xpath: //tr[@class='ng-scope']//td[14][95]   |get text()                                                            |PASS      |81        |
|By.xpath: //tr[@class='ng-scope']//td[5][96]    |get text()                                                            |PASS      |57        |
|By.xpath: //tr[@class='ng-scope']//td[6][96]    |get text()                                                            |PASS      |66        |
|By.xpath: //tr[@class='ng-scope']//td[14][96]   |get text()                                                            |PASS      |59        |
|By.xpath: //tr[@class='ng-scope']//td[5][97]    |get text()                                                            |PASS      |69        |
|By.xpath: //tr[@class='ng-scope']//td[6][97]    |get text()                                                            |PASS      |74        |
|By.xpath: //tr[@class='ng-scope']//td[14][97]   |get text()                                                            |PASS      |63        |
|By.xpath: //tr[@class='ng-scope']//td[5][98]    |get text()                                                            |PASS      |63        |
|By.xpath: //tr[@class='ng-scope']//td[6][98]    |get text()                                                            |PASS      |72        |
|By.xpath: //tr[@class='ng-scope']//td[14][98]   |get text()                                                            |PASS      |54        |
|By.xpath: //tr[@class='ng-scope']//td[5][99]    |get text()                                                            |PASS      |56        |
|By.xpath: //tr[@class='ng-scope']//td[6][99]    |get text()                                                            |PASS      |57        |
|By.xpath: //tr[@class='ng-scope']//td[14][99]   |get text()                                                            |PASS      |59        |
|By.xpath: //tr[@class='ng-scope']//td[5][100]   |get text()                                                            |PASS      |105       |
|By.xpath: //tr[@class='ng-scope']//td[6][100]   |get text()                                                            |PASS      |57        |
|By.xpath: //tr[@class='ng-scope']//td[14][100]  |get text()                                                            |PASS      |55        |
|By.xpath: //tr[@class='ng-scope']//td[5][101]   |get text()                                                            |PASS      |105       |
|By.xpath: //tr[@class='ng-scope']//td[6][101]   |get text()                                                            |PASS      |78        |
|By.xpath: //tr[@class='ng-scope']//td[14][101]  |get text()                                                            |PASS      |67        |
|By.xpath: //tr[@class='ng-scope']//td[5][102]   |get text()                                                            |PASS      |88        |
|By.xpath: //tr[@class='ng-scope']//td[6][102]   |get text()                                                            |PASS      |60        |
|By.xpath: //tr[@class='ng-scope']//td[14][102]  |get text()                                                            |PASS      |90        |
|By.xpath: //tr[@class='ng-scope']//td[5][103]   |get text()                                                            |PASS      |94        |
|By.xpath: //tr[@class='ng-scope']//td[6][103]   |get text()                                                            |PASS      |77        |
|By.xpath: //tr[@class='ng-scope']//td[14][103]  |get text()                                                            |PASS      |81        |
|By.xpath: //tr[@class='ng-scope']//td[5][104]   |get text()                                                            |PASS      |78        |
|By.xpath: //tr[@class='ng-scope']//td[6][104]   |get text()                                                            |PASS      |65        |
|By.xpath: //tr[@class='ng-scope']//td[14][104]  |get text()                                                            |PASS      |83        |
|By.xpath: //tr[@class='ng-scope']//td[5][105]   |get text()                                                            |PASS      |80        |
|By.xpath: //tr[@class='ng-scope']//td[6][105]   |get text()                                                            |PASS      |114       |
|By.xpath: //tr[@class='ng-scope']//td[14][105]  |get text()                                                            |PASS      |96        |
|By.xpath: //tr[@class='ng-scope']//td[5][106]   |get text()                                                            |PASS      |80        |
|By.xpath: //tr[@class='ng-scope']//td[6][106]   |get text()                                                            |PASS      |85        |
|By.xpath: //tr[@class='ng-scope']//td[14][106]  |get text()                                                            |PASS      |107       |
|By.xpath: //tr[@class='ng-scope']//td[5][107]   |get text()                                                            |PASS      |91        |
|By.xpath: //tr[@class='ng-scope']//td[6][107]   |get text()                                                            |PASS      |82        |
|By.xpath: //tr[@class='ng-scope']//td[14][107]  |get text()                                                            |PASS      |80        |
|By.xpath: //tr[@class='ng-scope']//td[5][108]   |get text()                                                            |PASS      |91        |
|By.xpath: //tr[@class='ng-scope']//td[6][108]   |get text()                                                            |PASS      |80        |
|By.xpath: //tr[@class='ng-scope']//td[14][108]  |get text()                                                            |PASS      |138       |
|By.xpath: //tr[@class='ng-scope']//td[5][109]   |get text()                                                            |PASS      |97        |
|By.xpath: //tr[@class='ng-scope']//td[6][109]   |get text()                                                            |PASS      |74        |
|By.xpath: //tr[@class='ng-scope']//td[14][109]  |get text()                                                            |PASS      |101       |
|By.xpath: //tr[@class='ng-scope']//td[5][110]   |get text()                                                            |PASS      |78        |
|By.xpath: //tr[@class='ng-scope']//td[6][110]   |get text()                                                            |PASS      |90        |
|By.xpath: //tr[@class='ng-scope']//td[14][110]  |get text()                                                            |PASS      |81        |
|By.xpath: //tr[@class='ng-scope']//td[5][111]   |get text()                                                            |PASS      |67        |
|By.xpath: //tr[@class='ng-scope']//td[6][111]   |get text()                                                            |PASS      |88        |
|By.xpath: //tr[@class='ng-scope']//td[14][111]  |get text()                                                            |PASS      |101       |
|By.xpath: //tr[@class='ng-scope']//td[5][112]   |get text()                                                            |PASS      |83        |
|By.xpath: //tr[@class='ng-scope']//td[6][112]   |get text()                                                            |PASS      |110       |
|By.xpath: //tr[@class='ng-scope']//td[14][112]  |get text()                                                            |PASS      |78        |
|By.xpath: //tr[@class='ng-scope']//td[5][113]   |get text()                                                            |PASS      |97        |
|By.xpath: //tr[@class='ng-scope']//td[6][113]   |get text()                                                            |PASS      |85        |
|By.xpath: //tr[@class='ng-scope']//td[14][113]  |get text()                                                            |PASS      |73        |
|By.xpath: //tr[@class='ng-scope']//td[5][114]   |get text()                                                            |PASS      |68        |
|By.xpath: //tr[@class='ng-scope']//td[6][114]   |get text()                                                            |PASS      |53        |
|By.xpath: //tr[@class='ng-scope']//td[14][114]  |get text()                                                            |PASS      |64        |
|By.xpath: //tr[@class='ng-scope']//td[5][115]   |get text()                                                            |PASS      |65        |
|By.xpath: //tr[@class='ng-scope']//td[6][115]   |get text()                                                            |PASS      |56        |
|By.xpath: //tr[@class='ng-scope']//td[14][115]  |get text()                                                            |PASS      |67        |
|By.xpath: //tr[@class='ng-scope']//td[5][116]   |get text()                                                            |PASS      |79        |
|By.xpath: //tr[@class='ng-scope']//td[6][116]   |get text()                                                            |PASS      |90        |
|By.xpath: //tr[@class='ng-scope']//td[14][116]  |get text()                                                            |PASS      |83        |
|By.xpath: //tr[@class='ng-scope']//td[5][117]   |get text()                                                            |PASS      |104       |
|By.xpath: //tr[@class='ng-scope']//td[6][117]   |get text()                                                            |PASS      |94        |
|By.xpath: //tr[@class='ng-scope']//td[14][117]  |get text()                                                            |PASS      |102       |
|By.xpath: //tr[@class='ng-scope']//td[5][118]   |get text()                                                            |PASS      |92        |
|By.xpath: //tr[@class='ng-scope']//td[6][118]   |get text()                                                            |PASS      |83        |
|By.xpath: //tr[@class='ng-scope']//td[14][118]  |get text()                                                            |PASS      |76        |
|By.xpath: //tr[@class='ng-scope']//td[5][119]   |get text()                                                            |PASS      |92        |
|By.xpath: //tr[@class='ng-scope']//td[6][119]   |get text()                                                            |PASS      |71        |
|By.xpath: //tr[@class='ng-scope']//td[14][119]  |get text()                                                            |PASS      |108       |
|By.xpath: //tr[@class='ng-scope']//td[5][120]   |get text()                                                            |PASS      |67        |
|By.xpath: //tr[@class='ng-scope']//td[6][120]   |get text()                                                            |PASS      |80        |
|By.xpath: //tr[@class='ng-scope']//td[14][120]  |get text()                                                            |PASS      |96        |
|By.xpath: //tr[@class='ng-scope']//td[5][121]   |get text()                                                            |PASS      |87        |
|By.xpath: //tr[@class='ng-scope']//td[6][121]   |get text()                                                            |PASS      |52        |
|By.xpath: //tr[@class='ng-scope']//td[14][121]  |get text()                                                            |PASS      |82        |
|By.xpath: //tr[@class='ng-scope']//td[5][122]   |get text()                                                            |PASS      |91        |
|By.xpath: //tr[@class='ng-scope']//td[6][122]   |get text()                                                            |PASS      |79        |
|By.xpath: //tr[@class='ng-scope']//td[14][122]  |get text()                                                            |PASS      |82        |
|By.xpath: //tr[@class='ng-scope']//td[5][123]   |get text()                                                            |PASS      |111       |
|By.xpath: //tr[@class='ng-scope']//td[6][123]   |get text()                                                            |PASS      |88        |
|By.xpath: //tr[@class='ng-scope']//td[14][123]  |get text()                                                            |PASS      |78        |
|By.xpath: //tr[@class='ng-scope']//td[5][124]   |get text()                                                            |PASS      |71        |
|By.xpath: //tr[@class='ng-scope']//td[6][124]   |get text()                                                            |PASS      |101       |
|By.xpath: //tr[@class='ng-scope']//td[14][124]  |get text()                                                            |PASS      |139       |
|By.xpath: //tr[@class='ng-scope']//td[5][125]   |get text()                                                            |PASS      |79        |
|By.xpath: //tr[@class='ng-scope']//td[6][125]   |get text()                                                            |PASS      |68        |
|By.xpath: //tr[@class='ng-scope']//td[14][125]  |get text()                                                            |PASS      |94        |
|By.xpath: //tr[@class='ng-scope']//td[5][126]   |get text()                                                            |PASS      |99        |
|By.xpath: //tr[@class='ng-scope']//td[6][126]   |get text()                                                            |PASS      |97        |
|By.xpath: //tr[@class='ng-scope']//td[14][126]  |get text()                                                            |PASS      |77        |
|By.xpath: //tr[@class='ng-scope']//td[5][127]   |get text()                                                            |PASS      |65        |
|By.xpath: //tr[@class='ng-scope']//td[6][127]   |get text()                                                            |PASS      |48        |
|By.xpath: //tr[@class='ng-scope']//td[14][127]  |get text()                                                            |PASS      |62        |
|By.xpath: //tr[@class='ng-scope']//td[5][128]   |get text()                                                            |PASS      |61        |
|By.xpath: //tr[@class='ng-scope']//td[6][128]   |get text()                                                            |PASS      |72        |
|By.xpath: //tr[@class='ng-scope']//td[14][128]  |get text()                                                            |PASS      |69        |
|By.xpath: //tr[@class='ng-scope']//td[5][129]   |get text()                                                            |PASS      |56        |
|By.xpath: //tr[@class='ng-scope']//td[6][129]   |get text()                                                            |PASS      |60        |
|By.xpath: //tr[@class='ng-scope']//td[14][129]  |get text()                                                            |PASS      |59        |
|By.xpath: //tr[@class='ng-scope']//td[5][130]   |get text()                                                            |PASS      |73        |
|By.xpath: //tr[@class='ng-scope']//td[6][130]   |get text()                                                            |PASS      |60        |
|By.xpath: //tr[@class='ng-scope']//td[14][130]  |get text()                                                            |PASS      |57        |
|By.xpath: //tr[@class='ng-scope']//td[5][131]   |get text()                                                            |PASS      |58        |
|By.xpath: //tr[@class='ng-scope']//td[6][131]   |get text()                                                            |PASS      |51        |
|By.xpath: //tr[@class='ng-scope']//td[14][131]  |get text()                                                            |PASS      |87        |
|By.xpath: //tr[@class='ng-scope']//td[5][132]   |get text()                                                            |PASS      |65        |
|By.xpath: //tr[@class='ng-scope']//td[6][132]   |get text()                                                            |PASS      |66        |
|By.xpath: //tr[@class='ng-scope']//td[14][132]  |get text()                                                            |PASS      |85        |
|By.xpath: //tr[@class='ng-scope']//td[5][133]   |get text()                                                            |PASS      |74        |
|By.xpath: //tr[@class='ng-scope']//td[6][133]   |get text()                                                            |PASS      |113       |
|By.xpath: //tr[@class='ng-scope']//td[14][133]  |get text()                                                            |PASS      |55        |
|By.xpath: //tr[@class='ng-scope']//td[5][134]   |get text()                                                            |PASS      |69        |
|By.xpath: //tr[@class='ng-scope']//td[6][134]   |get text()                                                            |PASS      |98        |
|By.xpath: //tr[@class='ng-scope']//td[14][134]  |get text()                                                            |PASS      |61        |
|By.xpath: //tr[@class='ng-scope']//td[5][135]   |get text()                                                            |PASS      |84        |
|By.xpath: //tr[@class='ng-scope']//td[6][135]   |get text()                                                            |PASS      |99        |
|By.xpath: //tr[@class='ng-scope']//td[14][135]  |get text()                                                            |PASS      |76        |
|By.xpath: //tr[@class='ng-scope']//td[5][136]   |get text()                                                            |PASS      |59        |
|By.xpath: //tr[@class='ng-scope']//td[6][136]   |get text()                                                            |PASS      |68        |
|By.xpath: //tr[@class='ng-scope']//td[14][136]  |get text()                                                            |PASS      |64        |
|By.xpath: //tr[@class='ng-scope']//td[5][137]   |get text()                                                            |PASS      |53        |
|By.xpath: //tr[@class='ng-scope']//td[6][137]   |get text()                                                            |PASS      |81        |
|By.xpath: //tr[@class='ng-scope']//td[14][137]  |get text()                                                            |PASS      |54        |
|By.xpath: //tr[@class='ng-scope']//td[5][138]   |get text()                                                            |PASS      |59        |
|By.xpath: //tr[@class='ng-scope']//td[6][138]   |get text()                                                            |PASS      |63        |
|By.xpath: //tr[@class='ng-scope']//td[14][138]  |get text()                                                            |PASS      |84        |
|By.xpath: //tr[@class='ng-scope']//td[5][139]   |get text()                                                            |PASS      |84        |
|By.xpath: //tr[@class='ng-scope']//td[6][139]   |get text()                                                            |PASS      |77        |
|By.xpath: //tr[@class='ng-scope']//td[14][139]  |get text()                                                            |PASS      |69        |
|By.xpath: //tr[@class='ng-scope']//td[5][140]   |get text()                                                            |PASS      |81        |
|By.xpath: //tr[@class='ng-scope']//td[6][140]   |get text()                                                            |PASS      |76        |
|By.xpath: //tr[@class='ng-scope']//td[14][140]  |get text()                                                            |PASS      |84        |
|By.xpath: //tr[@class='ng-scope']//td[5][141]   |get text()                                                            |PASS      |106       |
|By.xpath: //tr[@class='ng-scope']//td[6][141]   |get text()                                                            |PASS      |76        |
|By.xpath: //tr[@class='ng-scope']//td[14][141]  |get text()                                                            |PASS      |85        |
|By.xpath: //tr[@class='ng-scope']//td[5][142]   |get text()                                                            |PASS      |91        |
|By.xpath: //tr[@class='ng-scope']//td[6][142]   |get text()                                                            |PASS      |118       |
|By.xpath: //tr[@class='ng-scope']//td[14][142]  |get text()                                                            |PASS      |89        |
|By.xpath: //tr[@class='ng-scope']//td[5][143]   |get text()                                                            |PASS      |55        |
|By.xpath: //tr[@class='ng-scope']//td[6][143]   |get text()                                                            |PASS      |52        |
|By.xpath: //tr[@class='ng-scope']//td[14][143]  |get text()                                                            |PASS      |54        |
|By.xpath: //tr[@class='ng-scope']//td[5][144]   |get text()                                                            |PASS      |57        |
|By.xpath: //tr[@class='ng-scope']//td[6][144]   |get text()                                                            |PASS      |93        |
|By.xpath: //tr[@class='ng-scope']//td[14][144]  |get text()                                                            |PASS      |55        |
|By.xpath: //tr[@class='ng-scope']//td[5][145]   |get text()                                                            |PASS      |85        |
|By.xpath: //tr[@class='ng-scope']//td[6][145]   |get text()                                                            |PASS      |58        |
|By.xpath: //tr[@class='ng-scope']//td[14][145]  |get text()                                                            |PASS      |74        |
|By.xpath: //tr[@class='ng-scope']//td[5][146]   |get text()                                                            |PASS      |111       |
|By.xpath: //tr[@class='ng-scope']//td[6][146]   |get text()                                                            |PASS      |106       |
|By.xpath: //tr[@class='ng-scope']//td[14][146]  |get text()                                                            |PASS      |116       |
|By.xpath: //tr[@class='ng-scope']//td[5][147]   |get text()                                                            |PASS      |89        |
|By.xpath: //tr[@class='ng-scope']//td[6][147]   |get text()                                                            |PASS      |75        |
|By.xpath: //tr[@class='ng-scope']//td[14][147]  |get text()                                                            |PASS      |76        |
|By.xpath: //tr[@class='ng-scope']//td[5][148]   |get text()                                                            |PASS      |86        |
|By.xpath: //tr[@class='ng-scope']//td[6][148]   |get text()                                                            |PASS      |70        |
|By.xpath: //tr[@class='ng-scope']//td[14][148]  |get text()                                                            |PASS      |70        |
|By.xpath: //tr[@class='ng-scope']//td[5][149]   |get text()                                                            |PASS      |113       |
|By.xpath: //tr[@class='ng-scope']//td[6][149]   |get text()                                                            |PASS      |59        |
|By.xpath: //tr[@class='ng-scope']//td[14][149]  |get text()                                                            |PASS      |56        |
|By.xpath: //tr[@class='ng-scope']//td[5][150]   |get text()                                                            |PASS      |57        |
|By.xpath: //tr[@class='ng-scope']//td[6][150]   |get text()                                                            |PASS      |54        |
|By.xpath: //tr[@class='ng-scope']//td[14][150]  |get text()                                                            |PASS      |60        |
|By.xpath: //tr[@class='ng-scope']//td[5][151]   |get text()                                                            |PASS      |56        |
|By.xpath: //tr[@class='ng-scope']//td[6][151]   |get text()                                                            |PASS      |53        |
|By.xpath: //tr[@class='ng-scope']//td[14][151]  |get text()                                                            |PASS      |63        |
|By.xpath: //tr[@class='ng-scope']//td[5][152]   |get text()                                                            |PASS      |70        |
|By.xpath: //tr[@class='ng-scope']//td[6][152]   |get text()                                                            |PASS      |59        |
|By.xpath: //tr[@class='ng-scope']//td[14][152]  |get text()                                                            |PASS      |79        |
|By.xpath: //tr[@class='ng-scope']//td[5][153]   |get text()                                                            |PASS      |88        |
|By.xpath: //tr[@class='ng-scope']//td[6][153]   |get text()                                                            |PASS      |76        |
|By.xpath: //tr[@class='ng-scope']//td[14][153]  |get text()                                                            |PASS      |96        |
|By.xpath: //tr[@class='ng-scope']//td[5][154]   |get text()                                                            |PASS      |60        |
|By.xpath: //tr[@class='ng-scope']//td[6][154]   |get text()                                                            |PASS      |52        |
|By.xpath: //tr[@class='ng-scope']//td[14][154]  |get text()                                                            |PASS      |59        |
|By.xpath: //tr[@class='ng-scope']//td[5][155]   |get text()                                                            |PASS      |72        |
|By.xpath: //tr[@class='ng-scope']//td[6][155]   |get text()                                                            |PASS      |67        |
|By.xpath: //tr[@class='ng-scope']//td[14][155]  |get text()                                                            |PASS      |74        |
|By.xpath: //tr[@class='ng-scope']//td[5][156]   |get text()                                                            |PASS      |99        |
|By.xpath: //tr[@class='ng-scope']//td[6][156]   |get text()                                                            |PASS      |51        |
|By.xpath: //tr[@class='ng-scope']//td[14][156]  |get text()                                                            |PASS      |60        |
|By.xpath: //tr[@class='ng-scope']//td[5][157]   |get text()                                                            |PASS      |56        |
|By.xpath: //tr[@class='ng-scope']//td[6][157]   |get text()                                                            |PASS      |67        |
|By.xpath: //tr[@class='ng-scope']//td[14][157]  |get text()                                                            |PASS      |78        |
|By.xpath: //tr[@class='ng-scope']//td[5][158]   |get text()                                                            |PASS      |53        |
|By.xpath: //tr[@class='ng-scope']//td[6][158]   |get text()                                                            |PASS      |58        |
|By.xpath: //tr[@class='ng-scope']//td[14][158]  |get text()                                                            |PASS      |60        |
|By.xpath: //tr[@class='ng-scope']//td[5][159]   |get text()                                                            |PASS      |53        |
|By.xpath: //tr[@class='ng-scope']//td[6][159]   |get text()                                                            |PASS      |59        |
|By.xpath: //tr[@class='ng-scope']//td[14][159]  |get text()                                                            |PASS      |55        |
|By.xpath: //tr[@class='ng-scope']//td[5][160]   |get text()                                                            |PASS      |52        |
|By.xpath: //tr[@class='ng-scope']//td[6][160]   |get text()                                                            |PASS      |54        |
|By.xpath: //tr[@class='ng-scope']//td[14][160]  |get text()                                                            |PASS      |68        |
|By.xpath: //tr[@class='ng-scope']//td[5][161]   |get text()                                                            |PASS      |53        |
|By.xpath: //tr[@class='ng-scope']//td[6][161]   |get text()                                                            |PASS      |57        |
|By.xpath: //tr[@class='ng-scope']//td[14][161]  |get text()                                                            |PASS      |59        |
|By.xpath: //tr[@class='ng-scope']//td[5][162]   |get text()                                                            |PASS      |64        |
|By.xpath: //tr[@class='ng-scope']//td[6][162]   |get text()                                                            |PASS      |63        |
|By.xpath: //tr[@class='ng-scope']//td[14][162]  |get text()                                                            |PASS      |53        |
|By.xpath: //tr[@class='ng-scope']//td[5][163]   |get text()                                                            |PASS      |49        |
|By.xpath: //tr[@class='ng-scope']//td[6][163]   |get text()                                                            |PASS      |58        |
|By.xpath: //tr[@class='ng-scope']//td[14][163]  |get text()                                                            |PASS      |54        |
|By.xpath: //tr[@class='ng-scope']//td[5][164]   |get text()                                                            |PASS      |58        |
|By.xpath: //tr[@class='ng-scope']//td[6][164]   |get text()                                                            |PASS      |59        |
|By.xpath: //tr[@class='ng-scope']//td[14][164]  |get text()                                                            |PASS      |59        |
|By.xpath: //tr[@class='ng-scope']//td[5][165]   |get text()                                                            |PASS      |54        |
|By.xpath: //tr[@class='ng-scope']//td[6][165]   |get text()                                                            |PASS      |62        |
|By.xpath: //tr[@class='ng-scope']//td[14][165]  |get text()                                                            |PASS      |71        |
|By.xpath: //tr[@class='ng-scope']//td[5][166]   |get text()                                                            |PASS      |53        |
|By.xpath: //tr[@class='ng-scope']//td[6][166]   |get text()                                                            |PASS      |66        |
|By.xpath: //tr[@class='ng-scope']//td[14][166]  |get text()                                                            |PASS      |79        |
|By.xpath: //tr[@class='ng-scope']//td[5][167]   |get text()                                                            |PASS      |56        |
|By.xpath: //tr[@class='ng-scope']//td[6][167]   |get text()                                                            |PASS      |60        |
|By.xpath: //tr[@class='ng-scope']//td[14][167]  |get text()                                                            |PASS      |56        |
|By.xpath: //tr[@class='ng-scope']//td[5][168]   |get text()                                                            |PASS      |61        |
|By.xpath: //tr[@class='ng-scope']//td[6][168]   |get text()                                                            |PASS      |53        |
|By.xpath: //tr[@class='ng-scope']//td[14][168]  |get text()                                                            |PASS      |54        |
|By.xpath: //tr[@class='ng-scope']//td[5][169]   |get text()                                                            |PASS      |57        |
|By.xpath: //tr[@class='ng-scope']//td[6][169]   |get text()                                                            |PASS      |65        |
|By.xpath: //tr[@class='ng-scope']//td[14][169]  |get text()                                                            |PASS      |61        |
|By.xpath: //tr[@class='ng-scope']//td[5][170]   |get text()                                                            |PASS      |55        |
|By.xpath: //tr[@class='ng-scope']//td[6][170]   |get text()                                                            |PASS      |77        |
|By.xpath: //tr[@class='ng-scope']//td[14][170]  |get text()                                                            |PASS      |63        |
|By.xpath: //tr[@class='ng-scope']//td[5][171]   |get text()                                                            |PASS      |58        |
|By.xpath: //tr[@class='ng-scope']//td[6][171]   |get text()                                                            |PASS      |65        |
|By.xpath: //tr[@class='ng-scope']//td[14][171]  |get text()                                                            |PASS      |58        |
|By.xpath: //tr[@class='ng-scope']//td[5][172]   |get text()                                                            |PASS      |65        |
|By.xpath: //tr[@class='ng-scope']//td[6][172]   |get text()                                                            |PASS      |53        |
|By.xpath: //tr[@class='ng-scope']//td[14][172]  |get text()                                                            |PASS      |53        |
|By.xpath: //tr[@class='ng-scope']//td[5][173]   |get text()                                                            |PASS      |56        |
|By.xpath: //tr[@class='ng-scope']//td[6][173]   |get text()                                                            |PASS      |60        |
|By.xpath: //tr[@class='ng-scope']//td[14][173]  |get text()                                                            |PASS      |59        |
|By.xpath: //tr[@class='ng-scope']//td[5][174]   |get text()                                                            |PASS      |64        |
|By.xpath: //tr[@class='ng-scope']//td[6][174]   |get text()                                                            |PASS      |54        |
|By.xpath: //tr[@class='ng-scope']//td[14][174]  |get text()                                                            |PASS      |55        |
|By.xpath: //tr[@class='ng-scope']//td[5][175]   |get text()                                                            |PASS      |78        |
|By.xpath: //tr[@class='ng-scope']//td[6][175]   |get text()                                                            |PASS      |50        |
|By.xpath: //tr[@class='ng-scope']//td[14][175]  |get text()                                                            |PASS      |53        |
|By.xpath: //tr[@class='ng-scope']//td[5][176]   |get text()                                                            |PASS      |51        |
|By.xpath: //tr[@class='ng-scope']//td[6][176]   |get text()                                                            |PASS      |70        |
|By.xpath: //tr[@class='ng-scope']//td[14][176]  |get text()                                                            |PASS      |66        |
|By.xpath: //tr[@class='ng-scope']//td[5][177]   |get text()                                                            |PASS      |87        |
|By.xpath: //tr[@class='ng-scope']//td[6][177]   |get text()                                                            |PASS      |62        |
|By.xpath: //tr[@class='ng-scope']//td[14][177]  |get text()                                                            |PASS      |57        |
|By.xpath: //tr[@class='ng-scope']//td[5][178]   |get text()                                                            |PASS      |60        |
|By.xpath: //tr[@class='ng-scope']//td[6][178]   |get text()                                                            |PASS      |63        |
|By.xpath: //tr[@class='ng-scope']//td[14][178]  |get text()                                                            |PASS      |58        |
|By.xpath: //tr[@class='ng-scope']//td[5][179]   |get text()                                                            |PASS      |60        |
|By.xpath: //tr[@class='ng-scope']//td[6][179]   |get text()                                                            |PASS      |52        |
|By.xpath: //tr[@class='ng-scope']//td[14][179]  |get text()                                                            |PASS      |77        |
|By.xpath: //tr[@class='ng-scope']//td[5][180]   |get text()                                                            |PASS      |68        |
|By.xpath: //tr[@class='ng-scope']//td[6][180]   |get text()                                                            |PASS      |53        |
|By.xpath: //tr[@class='ng-scope']//td[14][180]  |get text()                                                            |PASS      |57        |
|By.xpath: //tr[@class='ng-scope']//td[5][181]   |get text()                                                            |PASS      |55        |
|By.xpath: //tr[@class='ng-scope']//td[6][181]   |get text()                                                            |PASS      |65        |
|By.xpath: //tr[@class='ng-scope']//td[14][181]  |get text()                                                            |PASS      |70        |
|By.xpath: //tr[@class='ng-scope']//td[5][182]   |get text()                                                            |PASS      |61        |
|By.xpath: //tr[@class='ng-scope']//td[6][182]   |get text()                                                            |PASS      |48        |
|By.xpath: //tr[@class='ng-scope']//td[14][182]  |get text()                                                            |PASS      |61        |
|By.xpath: //tr[@class='ng-scope']//td[5][183]   |get text()                                                            |PASS      |60        |
|By.xpath: //tr[@class='ng-scope']//td[6][183]   |get text()                                                            |PASS      |62        |
|By.xpath: //tr[@class='ng-scope']//td[14][183]  |get text()                                                            |PASS      |65        |
|By.xpath: //tr[@class='ng-scope']//td[5][184]   |get text()                                                            |PASS      |51        |
|By.xpath: //tr[@class='ng-scope']//td[6][184]   |get text()                                                            |PASS      |71        |
|By.xpath: //tr[@class='ng-scope']//td[14][184]  |get text()                                                            |PASS      |55        |
|By.xpath: //tr[@class='ng-scope']//td[5][185]   |get text()                                                            |PASS      |54        |
|By.xpath: //tr[@class='ng-scope']//td[6][185]   |get text()                                                            |PASS      |53        |
|By.xpath: //tr[@class='ng-scope']//td[14][185]  |get text()                                                            |PASS      |58        |
|By.xpath: //tr[@class='ng-scope']//td[5][186]   |get text()                                                            |PASS      |52        |
|By.xpath: //tr[@class='ng-scope']//td[6][186]   |get text()                                                            |PASS      |64        |
|By.xpath: //tr[@class='ng-scope']//td[14][186]  |get text()                                                            |PASS      |56        |
|By.xpath: //tr[@class='ng-scope']//td[5][187]   |get text()                                                            |PASS      |64        |
|By.xpath: //tr[@class='ng-scope']//td[6][187]   |get text()                                                            |PASS      |53        |
|By.xpath: //tr[@class='ng-scope']//td[14][187]  |get text()                                                            |PASS      |63        |
|By.xpath: //tr[@class='ng-scope']//td[5][188]   |get text()                                                            |PASS      |63        |
|By.xpath: //tr[@class='ng-scope']//td[6][188]   |get text()                                                            |PASS      |72        |
|By.xpath: //tr[@class='ng-scope']//td[14][188]  |get text()                                                            |PASS      |55        |
|By.xpath: //tr[@class='ng-scope']//td[5][189]   |get text()                                                            |PASS      |62        |
|By.xpath: //tr[@class='ng-scope']//td[6][189]   |get text()                                                            |PASS      |70        |
|By.xpath: //tr[@class='ng-scope']//td[14][189]  |get text()                                                            |PASS      |62        |
|By.xpath: //tr[@class='ng-scope']//td[5][190]   |get text()                                                            |PASS      |55        |
|By.xpath: //tr[@class='ng-scope']//td[6][190]   |get text()                                                            |PASS      |55        |
|By.xpath: //tr[@class='ng-scope']//td[14][190]  |get text()                                                            |PASS      |65        |
|By.xpath: //tr[@class='ng-scope']//td[5][191]   |get text()                                                            |PASS      |54        |
|By.xpath: //tr[@class='ng-scope']//td[6][191]   |get text()                                                            |PASS      |59        |
|By.xpath: //tr[@class='ng-scope']//td[14][191]  |get text()                                                            |PASS      |67        |
|By.xpath: //tr[@class='ng-scope']//td[5][192]   |get text()                                                            |PASS      |63        |
|By.xpath: //tr[@class='ng-scope']//td[6][192]   |get text()                                                            |PASS      |52        |
|By.xpath: //tr[@class='ng-scope']//td[14][192]  |get text()                                                            |PASS      |59        |
|By.xpath: //tr[@class='ng-scope']//td[5][193]   |get text()                                                            |PASS      |59        |
|By.xpath: //tr[@class='ng-scope']//td[6][193]   |get text()                                                            |PASS      |54        |
|By.xpath: //tr[@class='ng-scope']//td[14][193]  |get text()                                                            |PASS      |61        |
|By.xpath: //tr[@class='ng-scope']//td[5][194]   |get text()                                                            |PASS      |78        |
|By.xpath: //tr[@class='ng-scope']//td[6][194]   |get text()                                                            |PASS      |57        |
|By.xpath: //tr[@class='ng-scope']//td[14][194]  |get text()                                                            |PASS      |62        |
|By.xpath: //tr[@class='ng-scope']//td[5][195]   |get text()                                                            |PASS      |53        |
|By.xpath: //tr[@class='ng-scope']//td[6][195]   |get text()                                                            |PASS      |48        |
|By.xpath: //tr[@class='ng-scope']//td[14][195]  |get text()                                                            |PASS      |60        |
|By.xpath: //tr[@class='ng-scope']//td[5][196]   |get text()                                                            |PASS      |54        |
|By.xpath: //tr[@class='ng-scope']//td[6][196]   |get text()                                                            |PASS      |65        |
|By.xpath: //tr[@class='ng-scope']//td[14][196]  |get text()                                                            |PASS      |60        |
|By.xpath: //tr[@class='ng-scope']//td[5][197]   |get text()                                                            |PASS      |74        |
|By.xpath: //tr[@class='ng-scope']//td[6][197]   |get text()                                                            |PASS      |55        |
|By.xpath: //tr[@class='ng-scope']//td[14][197]  |get text()                                                            |PASS      |67        |
|By.xpath: //tr[@class='ng-scope']//td[5][198]   |get text()                                                            |PASS      |63        |
|By.xpath: //tr[@class='ng-scope']//td[6][198]   |get text()                                                            |PASS      |49        |
|By.xpath: //tr[@class='ng-scope']//td[14][198]  |get text()                                                            |PASS      |58        |
|By.xpath: //tr[@class='ng-scope']//td[5][199]   |get text()                                                            |PASS      |66        |
|By.xpath: //tr[@class='ng-scope']//td[6][199]   |get text()                                                            |PASS      |58        |
|By.xpath: //tr[@class='ng-scope']//td[14][199]  |get text()                                                            |PASS      |65        |
|a[ng-click='selectPage(page + 1, $event)']      |click()                                                               |PASS      |5115      |
|By.xpath: //tr[@class='ng-scope']//td[5][0]     |get text()                                                            |PASS      |44        |
|By.xpath: //tr[@class='ng-scope']//td[6][0]     |get text()                                                            |PASS      |37        |
|By.xpath: //tr[@class='ng-scope']//td[14][0]    |get text()                                                            |PASS      |39        |
|By.xpath: //tr[@class='ng-scope']//td[5][1]     |get text()                                                            |PASS      |40        |
|By.xpath: //tr[@class='ng-scope']//td[6][1]     |get text()                                                            |PASS      |32        |
|By.xpath: //tr[@class='ng-scope']//td[14][1]    |get text()                                                            |PASS      |28        |
|a[ng-click='selectPage(page + 1, $event)']      |click()                                                               |PASS      |5035      |
|a[ui-sref*='live_offers'][0]                    |click()                                                               |PASS      |5054      |
|a[ui-sref*='dashboardSeller'][0]                |click()                                                               |PASS      |5078      |
|html[ng-app='leadsBasket']                      |scroll to()                                                           |PASS      |22        |
|#date_range                                     |click()                                                               |PASS      |6157      |
|input[name='daterangepicker_start']             |clear()                                                               |PASS      |36        |
|input[name='daterangepicker_start']             |set value(13/11/16)                                                   |PASS      |36        |
|by text: Apply                                  |click()                                                               |PASS      |5071      |
|span[class*='value ng-scope'][3]                |get text()                                                            |PASS      |43        |
|span[class*='value ng-scope'][0]                |get text()                                                            |PASS      |37        |
|span[class*='value ng-scope'][6]                |get text()                                                            |PASS      |33        |
+------------------------------------------------+----------------------------------------------------------------------+----------+----------+

]]></system-out>
  </testcase>
  <testcase name="sellerAccountingStatistic" classname="com.affilomnia.leadbaskets.SellerTest" time="8.014">
    <failure message="The following asserts failed:&#10;	Total Leads expected [188.0] but found [0.0],&#10;	total Revenues expected [6176.92] but found [0.0],&#10;	DashBoard Total clicks expected [350.0] but found [78.0],&#10;	DashBoard Avg. EPC expected [2.44] but found [10.93]" type="java.lang.AssertionError">java.lang.AssertionError: 
The following asserts failed:
	Total Leads expected [188.0] but found [0.0],
	total Revenues expected [6176.92] but found [0.0],
	DashBoard Total clicks expected [350.0] but found [78.0],
	DashBoard Avg. EPC expected [2.44] but found [10.93]
	at com.affilomnia.leadbaskets.SellerTest.sellerAccountingStatistic(SellerTest.java:65)
</failure>
    <system-out><![CDATA[Report for sellerAccountingStatistic
+-------------------------------------------------------------+----------------------------------------------------------------------+----------+----------+
|Element                                                      |Subject                                                               |Status    |ms.       |
+-------------------------------------------------------------+----------------------------------------------------------------------+----------+----------+
|open                                                         |https://test_app.leadsbasket.com                                      |PASS      |644       |
|input[name='email']                                          |send keys(kirilk+webdriver1@affilomania.com)                          |PASS      |200       |
|#password                                                    |send keys(0546474985Ko)                                               |PASS      |115       |
|button[type='submit']                                        |press enter()                                                         |PASS      |65        |
|a[ui-sref*='accounting']                                     |click()                                                               |PASS      |75        |
|by text: Current invoice breakdown                           |click()                                                               |PASS      |64        |
|table.scrolling-table>tbody>tr:nth-child(1)>td:nth-child(4)  |text()                                                                |PASS      |30        |
|table.scrolling-table>tbody>tr:nth-child(2)>td:nth-child(4)  |text()                                                                |PASS      |25        |
|table.scrolling-table>tbody>tr:nth-child(3)>td:nth-child(4)  |text()                                                                |PASS      |27        |
|table.scrolling-table>tbody>tr:nth-child(4)>td:nth-child(4)  |text()                                                                |PASS      |31        |
|table.scrolling-table>tbody>tr:nth-child(5)>td:nth-child(4)  |text()                                                                |PASS      |26        |
|table.scrolling-table>tbody>tr:nth-child(6)>td:nth-child(4)  |text()                                                                |PASS      |28        |
|table.scrolling-table>tbody>tr:nth-child(7)>td:nth-child(4)  |text()                                                                |PASS      |28        |
|table.scrolling-table>tbody>tr:nth-child(8)>td:nth-child(4)  |text()                                                                |PASS      |27        |
|table.scrolling-table>tbody>tr:nth-child(9)>td:nth-child(4)  |text()                                                                |PASS      |31        |
|table.scrolling-table>tbody>tr:nth-child(10)>td:nth-child(4) |text()                                                                |PASS      |35        |
|table.scrolling-table>tbody>tr:nth-child(11)>td:nth-child(4) |text()                                                                |PASS      |29        |
|table.scrolling-table>tbody>tr:nth-child(12)>td:nth-child(4) |text()                                                                |PASS      |29        |
|table.scrolling-table>tbody>tr:nth-child(13)>td:nth-child(4) |text()                                                                |PASS      |27        |
|table.scrolling-table>tbody>tr:nth-child(14)>td:nth-child(4) |text()                                                                |PASS      |27        |
|table.scrolling-table>tbody>tr:nth-child(15)>td:nth-child(4) |text()                                                                |PASS      |32        |
|table.scrolling-table>tbody>tr:nth-child(16)>td:nth-child(4) |text()                                                                |PASS      |30        |
|table.scrolling-table>tbody>tr:nth-child(17)>td:nth-child(4) |text()                                                                |PASS      |29        |
|table.scrolling-table>tbody>tr:nth-child(18)>td:nth-child(4) |text()                                                                |PASS      |30        |
|table.scrolling-table>tbody>tr:nth-child(19)>td:nth-child(4) |text()                                                                |PASS      |29        |
|table.scrolling-table>tbody>tr:nth-child(20)>td:nth-child(4) |text()                                                                |PASS      |25        |
|table.scrolling-table>tbody>tr:nth-child(21)>td:nth-child(4) |text()                                                                |PASS      |29        |
|table.scrolling-table>tbody>tr:nth-child(22)>td:nth-child(4) |text()                                                                |PASS      |33        |
|table.scrolling-table>tbody>tr:nth-child(23)>td:nth-child(4) |text()                                                                |PASS      |28        |
|table.scrolling-table>tbody>tr:nth-child(24)>td:nth-child(4) |text()                                                                |PASS      |27        |
|table.scrolling-table>tbody>tr:nth-child(25)>td:nth-child(4) |text()                                                                |PASS      |32        |
|table.scrolling-table>tbody>tr:nth-child(26)>td:nth-child(4) |text()                                                                |PASS      |36        |
|p[class='ng-binding'][0]                                     |get text()                                                            |PASS      |27        |
|p[class='ng-binding'][1]                                     |get text()                                                            |PASS      |25        |
+-------------------------------------------------------------+----------------------------------------------------------------------+----------+----------+

]]></system-out>
  </testcase>
  <testcase name="logs" classname="com.affilomnia.leadbaskets.SellerTest" time="13.457">
    <failure message="Element not found {a.profile}&#10;Expected: exist" type="com.codeborne.selenide.ex.ElementNotFound"><![CDATA[com.codeborne.selenide.ex.ElementNotFound: 
Element not found {a.profile}
Expected: exist
Caused by: org.openqa.selenium.WebDriverException: 
unknown error: Element <a class="profile" href="">...</a> is not clickable at point (1788, 41). Other element would receive the click: <div modal-render="true" tabindex="-1" role="dialog" class="modal ng-isolate-scope large-modal in" uib-modal-animation-class="fade" modal-in-class="in" ng-style="{'z-index': 1050 + index*10, display: 'block'}" uib-modal-window="modal-window" window-class="large-modal" index="0" animate="animate" style="z-index: 1050; display: block;">...</div>
  (Session info: chrome=65.0.3325.181)
  (Driver info: chromedriver=2.37.543627 (63642262d9fb93fb4ab52398be4286d844092a5e),platform=Windows NT 10.0.16299 x86_64) (WARNING: The server did not provide any stacktrace information)
Command duration or timeout: 0 milliseconds
Build info: version: '3.8.1', revision: '6e95a6684b', time: '2017-12-01T18:33:54.468Z'
System info: host: 'RG-W-KIRIL', ip: '169.254.62.74', os.name: 'Windows 10', os.arch: 'amd64', os.version: '10.0', java.version: '1.8.0_144'
Driver info: org.openqa.selenium.chrome.ChromeDriver
Capabilities {acceptInsecureCerts: false, acceptSslCerts: false, applicationCacheEnabled: false, browserConnectionEnabled: false, browserName: chrome, chrome: {chromedriverVersion: 2.37.543627 (63642262d9fb93..., userDataDir: C:\Users\kiril\AppData\Loca...}, cssSelectorsEnabled: true, databaseEnabled: false, handlesAlerts: true, hasTouchScreen: false, javascriptEnabled: true, locationContextEnabled: true, mobileEmulationEnabled: false, nativeEvents: true, networkConnectionEnabled: false, pageLoadStrategy: normal, platform: XP, platformName: XP, rotatable: false, setWindowRect: true, takesHeapSnapshot: true, takesScreenshot: true, unexpectedAlertBehaviour: , unhandledPromptBehavior: , version: 65.0.3325.181, webStorageEnabled: true}
Session ID: 74321f61b0d65321bbcda9a127eb928a
]]></failure>
  </testcase>
  <testcase name="sellerLbRevenue" classname="com.affilomnia.leadbaskets.AdminTest" time="5.192">
    <failure message="Element not found {input[name=&apos;email&apos;]}&#10;Expected: exist" type="com.codeborne.selenide.ex.ElementNotFound">com.codeborne.selenide.ex.ElementNotFound: 
Element not found {input[name='email']}
Expected: exist
	at com.affilomnia.leadbaskets.AdminTest.sellerLbRevenue(AdminTest.java:79)
Caused by: org.openqa.selenium.NoSuchElementException: 
no such element: Unable to locate element: {"method":"css selector","selector":"input[name='email']"}
  (Session info: chrome=65.0.3325.181)
  (Driver info: chromedriver=2.37.543627 (63642262d9fb93fb4ab52398be4286d844092a5e),platform=Windows NT 10.0.16299 x86_64) (WARNING: The server did not provide any stacktrace information)
Command duration or timeout: 0 milliseconds
For documentation on this error, please visit: http://seleniumhq.org/exceptions/no_such_element.html
Build info: version: '3.8.1', revision: '6e95a6684b', time: '2017-12-01T18:33:54.468Z'
System info: host: 'RG-W-KIRIL', ip: '169.254.62.74', os.name: 'Windows 10', os.arch: 'amd64', os.version: '10.0', java.version: '1.8.0_144'
Driver info: org.openqa.selenium.chrome.ChromeDriver
Capabilities {acceptInsecureCerts: false, acceptSslCerts: false, applicationCacheEnabled: false, browserConnectionEnabled: false, browserName: chrome, chrome: {chromedriverVersion: 2.37.543627 (63642262d9fb93..., userDataDir: C:\Users\kiril\AppData\Loca...}, cssSelectorsEnabled: true, databaseEnabled: false, handlesAlerts: true, hasTouchScreen: false, javascriptEnabled: true, locationContextEnabled: true, mobileEmulationEnabled: false, nativeEvents: true, networkConnectionEnabled: false, pageLoadStrategy: normal, platform: XP, platformName: XP, rotatable: false, setWindowRect: true, takesHeapSnapshot: true, takesScreenshot: true, unexpectedAlertBehaviour: , unhandledPromptBehavior: , version: 65.0.3325.181, webStorageEnabled: true}
Session ID: 74321f61b0d65321bbcda9a127eb928a
*** Element info: {Using=css selector, value=input[name='email']}
	at com.affilomnia.leadbaskets.AdminTest.sellerLbRevenue(AdminTest.java:79)
</failure>
    <system-out><![CDATA[[TestHTMLReporter] The system cannot find the path specified
Report for sellerLbRevenue
+--------------------+----------------------------------------------------------------------+----------+----------+
|Element             |Subject                                                               |Status    |ms.       |
+--------------------+----------------------------------------------------------------------+----------+----------+
|open                |https://test_staff.leadsbasket.com                                    |PASS      |331       |
|input[name='email'] |send keys(kirill3@gmx.com)                                            |FAIL      |4104      |
+--------------------+----------------------------------------------------------------------+----------+----------+

]]></system-out>
  </testcase>
</testsuite>