<?xml version="1.0" encoding="UTF-8"?>
<testsuite xmlns:xsi="http://www.w3.org/2001/XMLSchema-instance" xsi:noNamespaceSchemaLocation="https://maven.apache.org/surefire/maven-surefire-plugin/xsd/surefire-test-report.xsd" name="TestSuite" time="139.811" tests="8" errors="0" skipped="0" failures="2">
  <properties>
    <property name="sun.desktop" value="windows"/>
    <property name="awt.toolkit" value="sun.awt.windows.WToolkit"/>
    <property name="file.encoding.pkg" value="sun.io"/>
    <property name="java.specification.version" value="1.8"/>
    <property name="sun.cpu.isalist" value="amd64"/>
    <property name="sun.jnu.encoding" value="Cp1252"/>
    <property name="java.class.path" value="C:\LeadBasketsVr2\affilomnia.leadbaskets\target\test-classes;C:\LeadBasketsVr2\affilomnia.leadbaskets\target\classes;C:\Users\kiril\.m2\repository\org\testng\testng\6.13.1\testng-6.13.1.jar;C:\Users\kiril\.m2\repository\com\beust\jcommander\1.72\jcommander-1.72.jar;C:\Users\kiril\.m2\repository\com\codeborne\selenide\4.10\selenide-4.10.jar;C:\Users\kiril\.m2\repository\io\github\bonigarcia\webdrivermanager\2.0.1\webdrivermanager-2.0.1.jar;C:\Users\kiril\.m2\repository\org\slf4j\slf4j-api\1.7.24\slf4j-api-1.7.24.jar;C:\Users\kiril\.m2\repository\commons-io\commons-io\2.5\commons-io-2.5.jar;C:\Users\kiril\.m2\repository\org\apache\commons\commons-lang3\3.5\commons-lang3-3.5.jar;C:\Users\kiril\.m2\repository\org\rauschig\jarchivelib\0.7.1\jarchivelib-0.7.1.jar;C:\Users\kiril\.m2\repository\org\apache\commons\commons-compress\1.9\commons-compress-1.9.jar;C:\Users\kiril\.m2\repository\org\jsoup\jsoup\1.10.2\jsoup-1.10.2.jar;C:\Users\kiril\.m2\repository\org\apache\httpcomponents\httpcore\4.4.8\httpcore-4.4.8.jar;C:\Users\kiril\.m2\repository\org\seleniumhq\selenium\selenium-java\3.8.1\selenium-java-3.8.1.jar;C:\Users\kiril\.m2\repository\org\seleniumhq\selenium\selenium-api\3.8.1\selenium-api-3.8.1.jar;C:\Users\kiril\.m2\repository\org\seleniumhq\selenium\selenium-chrome-driver\3.8.1\selenium-chrome-driver-3.8.1.jar;C:\Users\kiril\.m2\repository\org\seleniumhq\selenium\selenium-edge-driver\3.8.1\selenium-edge-driver-3.8.1.jar;C:\Users\kiril\.m2\repository\org\seleniumhq\selenium\selenium-firefox-driver\3.8.1\selenium-firefox-driver-3.8.1.jar;C:\Users\kiril\.m2\repository\org\seleniumhq\selenium\selenium-ie-driver\3.8.1\selenium-ie-driver-3.8.1.jar;C:\Users\kiril\.m2\repository\org\seleniumhq\selenium\selenium-opera-driver\3.8.1\selenium-opera-driver-3.8.1.jar;C:\Users\kiril\.m2\repository\org\seleniumhq\selenium\selenium-remote-driver\3.8.1\selenium-remote-driver-3.8.1.jar;C:\Users\kiril\.m2\repository\org\seleniumhq\selenium\selenium-support\3.8.1\selenium-support-3.8.1.jar;C:\Users\kiril\.m2\repository\net\bytebuddy\byte-buddy\1.7.5\byte-buddy-1.7.5.jar;C:\Users\kiril\.m2\repository\org\apache\commons\commons-exec\1.3\commons-exec-1.3.jar;C:\Users\kiril\.m2\repository\commons-logging\commons-logging\1.2\commons-logging-1.2.jar;C:\Users\kiril\.m2\repository\com\google\code\gson\gson\2.8.2\gson-2.8.2.jar;C:\Users\kiril\.m2\repository\com\google\guava\guava\23.6-jre\guava-23.6-jre.jar;C:\Users\kiril\.m2\repository\com\google\code\findbugs\jsr305\1.3.9\jsr305-1.3.9.jar;C:\Users\kiril\.m2\repository\org\checkerframework\checker-compat-qual\2.0.0\checker-compat-qual-2.0.0.jar;C:\Users\kiril\.m2\repository\com\google\errorprone\error_prone_annotations\2.1.3\error_prone_annotations-2.1.3.jar;C:\Users\kiril\.m2\repository\com\google\j2objc\j2objc-annotations\1.1\j2objc-annotations-1.1.jar;C:\Users\kiril\.m2\repository\org\codehaus\mojo\animal-sniffer-annotations\1.14\animal-sniffer-annotations-1.14.jar;C:\Users\kiril\.m2\repository\net\lightbody\bmp\browsermob-core\2.1.5\browsermob-core-2.1.5.jar;C:\Users\kiril\.m2\repository\net\lightbody\bmp\littleproxy\1.1.0-beta-bmp-17\littleproxy-1.1.0-beta-bmp-17.jar;C:\Users\kiril\.m2\repository\com\fasterxml\jackson\core\jackson-core\2.8.9\jackson-core-2.8.9.jar;C:\Users\kiril\.m2\repository\com\fasterxml\jackson\core\jackson-databind\2.8.9\jackson-databind-2.8.9.jar;C:\Users\kiril\.m2\repository\com\fasterxml\jackson\core\jackson-annotations\2.8.9\jackson-annotations-2.8.9.jar;C:\Users\kiril\.m2\repository\dnsjava\dnsjava\2.1.8\dnsjava-2.1.8.jar;C:\Users\kiril\.m2\repository\org\slf4j\jcl-over-slf4j\1.7.25\jcl-over-slf4j-1.7.25.jar;C:\Users\kiril\.m2\repository\com\jcraft\jzlib\1.1.3\jzlib-1.1.3.jar;C:\Users\kiril\.m2\repository\io\netty\netty-all\4.0.51.Final\netty-all-4.0.51.Final.jar;C:\Users\kiril\.m2\repository\org\bouncycastle\bcprov-jdk15on\1.58\bcprov-jdk15on-1.58.jar;C:\Users\kiril\.m2\repository\org\bouncycastle\bcpkix-jdk15on\1.58\bcpkix-jdk15on-1.58.jar;C:\Users\kiril\.m2\repository\net\lightbody\bmp\mitm\2.1.5\mitm-2.1.5.jar;C:\Users\kiril\.m2\repository\com\codeborne\phantomjsdriver\1.4.4\phantomjsdriver-1.4.4.jar;C:\Users\kiril\.m2\repository\commons-codec\commons-codec\1.11\commons-codec-1.11.jar;C:\Users\kiril\.m2\repository\com\google\inject\guice\4.1.0\guice-4.1.0.jar;C:\Users\kiril\.m2\repository\javax\inject\javax.inject\1\javax.inject-1.jar;C:\Users\kiril\.m2\repository\aopalliance\aopalliance\1.0\aopalliance-1.0.jar;C:\Users\kiril\.m2\repository\org\aspectj\aspectjweaver\1.8.13\aspectjweaver-1.8.13.jar;C:\Users\kiril\.m2\repository\io\qameta\allure\allure-testng\2.0-BETA19\allure-testng-2.0-BETA19.jar;C:\Users\kiril\.m2\repository\io\qameta\allure\allure-descriptions-javadoc\2.0-BETA19\allure-descriptions-javadoc-2.0-BETA19.jar;C:\Users\kiril\.m2\repository\io\qameta\allure\allure-java-commons\2.0-BETA19\allure-java-commons-2.0-BETA19.jar;C:\Users\kiril\.m2\repository\io\qameta\allure\allure2-model-api\1.0-BETA6\allure2-model-api-1.0-BETA6.jar;C:\Users\kiril\.m2\repository\io\qameta\allure\allure2-model-pojo\1.0-BETA6\allure2-model-pojo-1.0-BETA6.jar;C:\Users\kiril\.m2\repository\org\apache\tika\tika-core\1.14\tika-core-1.14.jar;C:\Users\kiril\.m2\repository\io\qameta\allure\allure2-model-jackson\1.0-BETA6\allure2-model-jackson-1.0-BETA6.jar;C:\Users\kiril\.m2\repository\com\fasterxml\jackson\module\jackson-module-jaxb-annotations\2.7.0\jackson-module-jaxb-annotations-2.7.0.jar;C:\Users\kiril\.m2\repository\org\aspectj\aspectjrt\1.8.10\aspectjrt-1.8.10.jar;C:\Users\kiril\.m2\repository\org\jooq\joor\0.9.6\joor-0.9.6.jar;C:\Users\kiril\.m2\repository\com\codeborne\pdf-test\1.4\pdf-test-1.4.jar;C:\Users\kiril\.m2\repository\org\hamcrest\hamcrest-core\1.3\hamcrest-core-1.3.jar;C:\Users\kiril\.m2\repository\org\apache\pdfbox\pdfbox\2.0.0\pdfbox-2.0.0.jar;C:\Users\kiril\.m2\repository\org\apache\pdfbox\fontbox\2.0.0\fontbox-2.0.0.jar;C:\Users\kiril\.m2\repository\junit\junit\4.12\junit-4.12.jar;C:\Users\kiril\.m2\repository\com\automation-remarks\video-recorder-testng\1.7\video-recorder-testng-1.7.jar;C:\Users\kiril\.m2\repository\com\automation-remarks\video-recorder-core\1.7\video-recorder-core-1.7.jar;C:\Users\kiril\.m2\repository\org\zeroturnaround\zt-exec\1.9\zt-exec-1.9.jar;C:\Users\kiril\.m2\repository\org\aeonbits\owner\owner-java8\1.0.9\owner-java8-1.0.9.jar;C:\Users\kiril\.m2\repository\org\aeonbits\owner\owner\1.0.9\owner-1.0.9.jar;C:\Users\kiril\.m2\repository\log4j\log4j\1.2.17\log4j-1.2.17.jar;C:\Users\kiril\.m2\repository\org\json\json\20160810\json-20160810.jar;C:\Users\kiril\.m2\repository\org\apache\httpcomponents\httpclient\4.5.2\httpclient-4.5.2.jar;C:\Users\kiril\.m2\repository\org\awaitility\awaitility\3.0.0\awaitility-3.0.0.jar;C:\Users\kiril\.m2\repository\org\hamcrest\hamcrest-library\1.3\hamcrest-library-1.3.jar;C:\Users\kiril\.m2\repository\org\objenesis\objenesis\2.5.1\objenesis-2.5.1.jar;C:\Users\kiril\.m2\repository\org\apache\maven\surefire\surefire-testng-utils\2.20.1\surefire-testng-utils-2.20.1.jar;C:\Users\kiril\.m2\repository\org\apache\maven\surefire\surefire-grouper\2.20.1\surefire-grouper-2.20.1.jar;"/>
    <property name="java.vm.vendor" value="Oracle Corporation"/>
    <property name="sun.arch.data.model" value="64"/>
    <property name="user.variant" value=""/>
    <property name="java.vendor.url" value="http://java.oracle.com/"/>
    <property name="user.timezone" value=""/>
    <property name="java.vm.specification.version" value="1.8"/>
    <property name="os.name" value="Windows 10"/>
    <property name="user.country" value="US"/>
    <property name="sun.java.launcher" value="SUN_STANDARD"/>
    <property name="sun.boot.library.path" value="C:\Program Files\Java\jdk1.8.0_144\jre\bin"/>
    <property name="sun.java.command" value="C:\Users\kiril\AppData\Local\Temp\surefire6744146448192189301\surefirebooter641487646920189798.jar C:\Users\kiril\AppData\Local\Temp\surefire6744146448192189301 2018-02-07T16-19-40_112-jvmRun1 surefire1488321184742016240tmp surefire_08223366335247188433tmp"/>
    <property name="surefire.test.class.path" value="C:\LeadBasketsVr2\affilomnia.leadbaskets\target\test-classes;C:\LeadBasketsVr2\affilomnia.leadbaskets\target\classes;C:\Users\kiril\.m2\repository\org\testng\testng\6.13.1\testng-6.13.1.jar;C:\Users\kiril\.m2\repository\com\beust\jcommander\1.72\jcommander-1.72.jar;C:\Users\kiril\.m2\repository\com\codeborne\selenide\4.10\selenide-4.10.jar;C:\Users\kiril\.m2\repository\io\github\bonigarcia\webdrivermanager\2.0.1\webdrivermanager-2.0.1.jar;C:\Users\kiril\.m2\repository\org\slf4j\slf4j-api\1.7.24\slf4j-api-1.7.24.jar;C:\Users\kiril\.m2\repository\commons-io\commons-io\2.5\commons-io-2.5.jar;C:\Users\kiril\.m2\repository\org\apache\commons\commons-lang3\3.5\commons-lang3-3.5.jar;C:\Users\kiril\.m2\repository\org\rauschig\jarchivelib\0.7.1\jarchivelib-0.7.1.jar;C:\Users\kiril\.m2\repository\org\apache\commons\commons-compress\1.9\commons-compress-1.9.jar;C:\Users\kiril\.m2\repository\org\jsoup\jsoup\1.10.2\jsoup-1.10.2.jar;C:\Users\kiril\.m2\repository\org\apache\httpcomponents\httpcore\4.4.8\httpcore-4.4.8.jar;C:\Users\kiril\.m2\repository\org\seleniumhq\selenium\selenium-java\3.8.1\selenium-java-3.8.1.jar;C:\Users\kiril\.m2\repository\org\seleniumhq\selenium\selenium-api\3.8.1\selenium-api-3.8.1.jar;C:\Users\kiril\.m2\repository\org\seleniumhq\selenium\selenium-chrome-driver\3.8.1\selenium-chrome-driver-3.8.1.jar;C:\Users\kiril\.m2\repository\org\seleniumhq\selenium\selenium-edge-driver\3.8.1\selenium-edge-driver-3.8.1.jar;C:\Users\kiril\.m2\repository\org\seleniumhq\selenium\selenium-firefox-driver\3.8.1\selenium-firefox-driver-3.8.1.jar;C:\Users\kiril\.m2\repository\org\seleniumhq\selenium\selenium-ie-driver\3.8.1\selenium-ie-driver-3.8.1.jar;C:\Users\kiril\.m2\repository\org\seleniumhq\selenium\selenium-opera-driver\3.8.1\selenium-opera-driver-3.8.1.jar;C:\Users\kiril\.m2\repository\org\seleniumhq\selenium\selenium-remote-driver\3.8.1\selenium-remote-driver-3.8.1.jar;C:\Users\kiril\.m2\repository\org\seleniumhq\selenium\selenium-support\3.8.1\selenium-support-3.8.1.jar;C:\Users\kiril\.m2\repository\net\bytebuddy\byte-buddy\1.7.5\byte-buddy-1.7.5.jar;C:\Users\kiril\.m2\repository\org\apache\commons\commons-exec\1.3\commons-exec-1.3.jar;C:\Users\kiril\.m2\repository\commons-logging\commons-logging\1.2\commons-logging-1.2.jar;C:\Users\kiril\.m2\repository\com\google\code\gson\gson\2.8.2\gson-2.8.2.jar;C:\Users\kiril\.m2\repository\com\google\guava\guava\23.6-jre\guava-23.6-jre.jar;C:\Users\kiril\.m2\repository\com\google\code\findbugs\jsr305\1.3.9\jsr305-1.3.9.jar;C:\Users\kiril\.m2\repository\org\checkerframework\checker-compat-qual\2.0.0\checker-compat-qual-2.0.0.jar;C:\Users\kiril\.m2\repository\com\google\errorprone\error_prone_annotations\2.1.3\error_prone_annotations-2.1.3.jar;C:\Users\kiril\.m2\repository\com\google\j2objc\j2objc-annotations\1.1\j2objc-annotations-1.1.jar;C:\Users\kiril\.m2\repository\org\codehaus\mojo\animal-sniffer-annotations\1.14\animal-sniffer-annotations-1.14.jar;C:\Users\kiril\.m2\repository\net\lightbody\bmp\browsermob-core\2.1.5\browsermob-core-2.1.5.jar;C:\Users\kiril\.m2\repository\net\lightbody\bmp\littleproxy\1.1.0-beta-bmp-17\littleproxy-1.1.0-beta-bmp-17.jar;C:\Users\kiril\.m2\repository\com\fasterxml\jackson\core\jackson-core\2.8.9\jackson-core-2.8.9.jar;C:\Users\kiril\.m2\repository\com\fasterxml\jackson\core\jackson-databind\2.8.9\jackson-databind-2.8.9.jar;C:\Users\kiril\.m2\repository\com\fasterxml\jackson\core\jackson-annotations\2.8.9\jackson-annotations-2.8.9.jar;C:\Users\kiril\.m2\repository\dnsjava\dnsjava\2.1.8\dnsjava-2.1.8.jar;C:\Users\kiril\.m2\repository\org\slf4j\jcl-over-slf4j\1.7.25\jcl-over-slf4j-1.7.25.jar;C:\Users\kiril\.m2\repository\com\jcraft\jzlib\1.1.3\jzlib-1.1.3.jar;C:\Users\kiril\.m2\repository\io\netty\netty-all\4.0.51.Final\netty-all-4.0.51.Final.jar;C:\Users\kiril\.m2\repository\org\bouncycastle\bcprov-jdk15on\1.58\bcprov-jdk15on-1.58.jar;C:\Users\kiril\.m2\repository\org\bouncycastle\bcpkix-jdk15on\1.58\bcpkix-jdk15on-1.58.jar;C:\Users\kiril\.m2\repository\net\lightbody\bmp\mitm\2.1.5\mitm-2.1.5.jar;C:\Users\kiril\.m2\repository\com\codeborne\phantomjsdriver\1.4.4\phantomjsdriver-1.4.4.jar;C:\Users\kiril\.m2\repository\commons-codec\commons-codec\1.11\commons-codec-1.11.jar;C:\Users\kiril\.m2\repository\com\google\inject\guice\4.1.0\guice-4.1.0.jar;C:\Users\kiril\.m2\repository\javax\inject\javax.inject\1\javax.inject-1.jar;C:\Users\kiril\.m2\repository\aopalliance\aopalliance\1.0\aopalliance-1.0.jar;C:\Users\kiril\.m2\repository\org\aspectj\aspectjweaver\1.8.13\aspectjweaver-1.8.13.jar;C:\Users\kiril\.m2\repository\io\qameta\allure\allure-testng\2.0-BETA19\allure-testng-2.0-BETA19.jar;C:\Users\kiril\.m2\repository\io\qameta\allure\allure-descriptions-javadoc\2.0-BETA19\allure-descriptions-javadoc-2.0-BETA19.jar;C:\Users\kiril\.m2\repository\io\qameta\allure\allure-java-commons\2.0-BETA19\allure-java-commons-2.0-BETA19.jar;C:\Users\kiril\.m2\repository\io\qameta\allure\allure2-model-api\1.0-BETA6\allure2-model-api-1.0-BETA6.jar;C:\Users\kiril\.m2\repository\io\qameta\allure\allure2-model-pojo\1.0-BETA6\allure2-model-pojo-1.0-BETA6.jar;C:\Users\kiril\.m2\repository\org\apache\tika\tika-core\1.14\tika-core-1.14.jar;C:\Users\kiril\.m2\repository\io\qameta\allure\allure2-model-jackson\1.0-BETA6\allure2-model-jackson-1.0-BETA6.jar;C:\Users\kiril\.m2\repository\com\fasterxml\jackson\module\jackson-module-jaxb-annotations\2.7.0\jackson-module-jaxb-annotations-2.7.0.jar;C:\Users\kiril\.m2\repository\org\aspectj\aspectjrt\1.8.10\aspectjrt-1.8.10.jar;C:\Users\kiril\.m2\repository\org\jooq\joor\0.9.6\joor-0.9.6.jar;C:\Users\kiril\.m2\repository\com\codeborne\pdf-test\1.4\pdf-test-1.4.jar;C:\Users\kiril\.m2\repository\org\hamcrest\hamcrest-core\1.3\hamcrest-core-1.3.jar;C:\Users\kiril\.m2\repository\org\apache\pdfbox\pdfbox\2.0.0\pdfbox-2.0.0.jar;C:\Users\kiril\.m2\repository\org\apache\pdfbox\fontbox\2.0.0\fontbox-2.0.0.jar;C:\Users\kiril\.m2\repository\junit\junit\4.12\junit-4.12.jar;C:\Users\kiril\.m2\repository\com\automation-remarks\video-recorder-testng\1.7\video-recorder-testng-1.7.jar;C:\Users\kiril\.m2\repository\com\automation-remarks\video-recorder-core\1.7\video-recorder-core-1.7.jar;C:\Users\kiril\.m2\repository\org\zeroturnaround\zt-exec\1.9\zt-exec-1.9.jar;C:\Users\kiril\.m2\repository\org\aeonbits\owner\owner-java8\1.0.9\owner-java8-1.0.9.jar;C:\Users\kiril\.m2\repository\org\aeonbits\owner\owner\1.0.9\owner-1.0.9.jar;C:\Users\kiril\.m2\repository\log4j\log4j\1.2.17\log4j-1.2.17.jar;C:\Users\kiril\.m2\repository\org\json\json\20160810\json-20160810.jar;C:\Users\kiril\.m2\repository\org\apache\httpcomponents\httpclient\4.5.2\httpclient-4.5.2.jar;C:\Users\kiril\.m2\repository\org\awaitility\awaitility\3.0.0\awaitility-3.0.0.jar;C:\Users\kiril\.m2\repository\org\hamcrest\hamcrest-library\1.3\hamcrest-library-1.3.jar;C:\Users\kiril\.m2\repository\org\objenesis\objenesis\2.5.1\objenesis-2.5.1.jar;C:\Users\kiril\.m2\repository\org\apache\maven\surefire\surefire-testng-utils\2.20.1\surefire-testng-utils-2.20.1.jar;C:\Users\kiril\.m2\repository\org\apache\maven\surefire\surefire-grouper\2.20.1\surefire-grouper-2.20.1.jar;"/>
    <property name="sun.cpu.endian" value="little"/>
    <property name="user.home" value="C:\Users\kiril"/>
    <property name="user.language" value="en"/>
    <property name="java.specification.vendor" value="Oracle Corporation"/>
    <property name="java.home" value="C:\Program Files\Java\jdk1.8.0_144\jre"/>
    <property name="basedir" value="C:\LeadBasketsVr2\affilomnia.leadbaskets"/>
    <property name="file.separator" value="\"/>
    <property name="line.separator" value="&#10;"/>
    <property name="java.vm.specification.vendor" value="Oracle Corporation"/>
    <property name="java.specification.name" value="Java Platform API Specification"/>
    <property name="java.awt.graphicsenv" value="sun.awt.Win32GraphicsEnvironment"/>
    <property name="surefire.real.class.path" value="C:\Users\kiril\AppData\Local\Temp\surefire6744146448192189301\surefirebooter641487646920189798.jar;C:\Users\kiril\.m2\repository/org/aspectj/aspectjweaver/1.8.13/aspectjweaver-1.8.13.jar"/>
    <property name="sun.boot.class.path" value="C:\Program Files\Java\jdk1.8.0_144\jre\lib\resources.jar;C:\Program Files\Java\jdk1.8.0_144\jre\lib\rt.jar;C:\Program Files\Java\jdk1.8.0_144\jre\lib\sunrsasign.jar;C:\Program Files\Java\jdk1.8.0_144\jre\lib\jsse.jar;C:\Program Files\Java\jdk1.8.0_144\jre\lib\jce.jar;C:\Program Files\Java\jdk1.8.0_144\jre\lib\charsets.jar;C:\Program Files\Java\jdk1.8.0_144\jre\lib\jfr.jar;C:\Program Files\Java\jdk1.8.0_144\jre\classes"/>
    <property name="user.script" value=""/>
    <property name="sun.management.compiler" value="HotSpot 64-Bit Tiered Compilers"/>
    <property name="java.runtime.version" value="1.8.0_144-b01"/>
    <property name="user.name" value="kiril"/>
    <property name="path.separator" value=";"/>
    <property name="os.version" value="10.0"/>
    <property name="java.endorsed.dirs" value="C:\Program Files\Java\jdk1.8.0_144\jre\lib\endorsed"/>
    <property name="java.runtime.name" value="Java(TM) SE Runtime Environment"/>
    <property name="file.encoding" value="Cp1252"/>
    <property name="java.vm.name" value="Java HotSpot(TM) 64-Bit Server VM"/>
    <property name="localRepository" value="C:\Users\kiril\.m2\repository"/>
    <property name="java.vendor.url.bug" value="http://bugreport.sun.com/bugreport/"/>
    <property name="java.io.tmpdir" value="C:\Users\kiril\AppData\Local\Temp\"/>
    <property name="java.version" value="1.8.0_144"/>
    <property name="user.dir" value="C:\LeadBasketsVr2\affilomnia.leadbaskets"/>
    <property name="os.arch" value="amd64"/>
    <property name="java.vm.specification.name" value="Java Virtual Machine Specification"/>
    <property name="java.awt.printerjob" value="sun.awt.windows.WPrinterJob"/>
    <property name="sun.os.patch.level" value=""/>
    <property name="java.library.path" value="C:\Program Files\Java\jdk1.8.0_144\jre\bin;C:\Windows\Sun\Java\bin;C:\Windows\system32;C:\Windows;C:\Users\kiril\bin;C:\Program Files\Git\mingw64\bin;C:\Program Files\Git\usr\local\bin;C:\Program Files\Git\usr\bin;C:\Program Files\Git\usr\bin;C:\Program Files\Git\mingw64\bin;C:\Program Files\Git\usr\bin;C:\Users\kiril\bin;C:\apache-maven-3.5.2\bin;C:\Users\kiril\scoop\apps\allure\2.5.0\bin;C:\Windows\system32;C:\Windows;C:\Windows\System32\Wbem;C:\Windows\System32\WindowsPowerShell\v1.0;C:\Program Files\Git\cmd;C:\Program Files\Java\jdk1.8.0_144\bin;C:\Program Files (x86)\Java\jre1.8.0_144\lib;C:\Users\kiril\scoop\apps\allure\current\bin;C:\Users\kiril\Desktop;C:\Users\kiril\scoop\shims;C:\Users\kiril\AppData\Local\Microsoft\WindowsApps;C:\Program Files (x86)\HMA! Pro VPN\bin;C:\Program Files\Git\usr\bin\vendor_perl;C:\Program Files\Git\usr\bin\core_perl;."/>
    <property name="java.vm.info" value="mixed mode"/>
    <property name="java.vendor" value="Oracle Corporation"/>
    <property name="java.vm.version" value="25.144-b01"/>
    <property name="java.ext.dirs" value="C:\Program Files\Java\jdk1.8.0_144\jre\lib\ext;C:\Windows\Sun\Java\lib\ext"/>
    <property name="sun.io.unicode.encoding" value="UnicodeLittle"/>
    <property name="java.class.version" value="52.0"/>
  </properties>
  <testcase name="testBuyerRegistrtion" classname="com.affilomnia.leadbaskets.BuyerTest" time="12.002">
    <failure message="Element not found {button.btn}&#10;Expected: exist" type="com.codeborne.selenide.ex.ElementNotFound"><![CDATA[com.codeborne.selenide.ex.ElementNotFound: 
Element not found {button.btn}
Expected: exist
	at com.affilomnia.leadbaskets.BuyerTest.testBuyerRegistrtion(BuyerTest.java:61)
Caused by: org.openqa.selenium.WebDriverException: 
unknown error: Element <button class="btn btn-dark" type="submit" ng-disabled="form.$invalid || dataLoading || msg" disabled="disabled">...</button> is not clickable at point (943, 718). Other element would receive the click: <div class="form-actions center">...</div>
  (Session info: chrome=63.0.3239.132)
  (Driver info: chromedriver=2.35.528161 (5b82f2d2aae0ca24b877009200ced9065a772e73),platform=Windows NT 10.0.15063 x86_64) (WARNING: The server did not provide any stacktrace information)
Command duration or timeout: 0 milliseconds
Build info: version: '3.8.1', revision: '6e95a6684b', time: '2017-12-01T18:33:54.468Z'
System info: host: 'RG-W-KIRIL', ip: '192.168.10.21', os.name: 'Windows 10', os.arch: 'amd64', os.version: '10.0', java.version: '1.8.0_144'
Driver info: org.openqa.selenium.chrome.ChromeDriver
Capabilities {acceptInsecureCerts: false, acceptSslCerts: false, applicationCacheEnabled: false, browserConnectionEnabled: false, browserName: chrome, chrome: {chromedriverVersion: 2.35.528161 (5b82f2d2aae0ca..., userDataDir: C:\Users\kiril\AppData\Loca...}, cssSelectorsEnabled: true, databaseEnabled: false, handlesAlerts: true, hasTouchScreen: false, javascriptEnabled: true, locationContextEnabled: true, mobileEmulationEnabled: false, nativeEvents: true, networkConnectionEnabled: false, pageLoadStrategy: normal, platform: XP, platformName: XP, rotatable: false, setWindowRect: true, takesHeapSnapshot: true, takesScreenshot: true, unexpectedAlertBehaviour: , unhandledPromptBehavior: , version: 63.0.3239.132, webStorageEnabled: true}
Session ID: d336dd934fa0aea377516d4a0b5215cb
	at com.affilomnia.leadbaskets.BuyerTest.testBuyerRegistrtion(BuyerTest.java:61)
]]></failure>
    <system-out><![CDATA[Report for testBuyerRegistrtion
+----------------------------+----------------------------------------------------------------------+----------+----------+
|Element                     |Subject                                                               |Status    |ms.       |
+----------------------------+----------------------------------------------------------------------+----------+----------+
|open                        |https://test_app.leadsbasket.com/register-industry                    |PASS      |1954      |
|div.reg>h2                  |should have(text 'Create a Free Account on LEADSBASKET')              |PASS      |76        |
|div.choose_industry_text    |should have(text 'Get ready to be bombarded with some top quality leads!')|PASS      |42        |
|a.link                      |should be(visible)                                                    |PASS      |29        |
|a.link                      |click()                                                               |PASS      |75        |
|div.auth>h2                 |should have(text 'Login to LeadsBasket')                              |PASS      |172       |
|button.btn                  |should be(disabled)                                                   |PASS      |31        |
|a[placeholder*='Industry']  |click()                                                               |PASS      |375       |
|by text: Zoo Industry       |click()                                                               |PASS      |125       |
|button.btn                  |should have(text 'Create Account')                                    |PASS      |38        |
|button.btn                  |click()                                                               |PASS      |59        |
|h4                          |should have(text '100% Self-service Platform for Quality Lead Generation')|PASS      |317       |
|button.btn                  |should be(disabled)                                                   |PASS      |19        |
|by text: Terms of Service   |click()                                                               |PASS      |238       |
|div.terms>h1                |should have(text 'TERMS OF USE')                                      |PASS      |1058      |
|by text: Login              |should be(visible)                                                    |PASS      |46        |
|by text: Login              |click()                                                               |PASS      |73        |
|div.auth>h2                 |should have(text 'Login to LeadsBasket')                              |PASS      |56        |
|input[name='firstName']     |set value(selenidefbaa)                                               |PASS      |199       |
|input[name='lastName']      |set value(automticfbaa)                                               |PASS      |184       |
|input[id='tel-dc']          |get attribute(placeholder)                                            |PASS      |23        |
|input[id='tel-dc']          |set value(050-123-4567)                                               |PASS      |197       |
|input[placeholder*='Email'] |set value(lbdemo234+b3%ddbcDgmail.com)                                |PASS      |345       |
|input[name='pass']          |set value(D%1b3%ddbcD)                                                |PASS      |201       |
|input[name='rePass']        |set value(D%1b3%ddbcD)                                                |PASS      |190       |
|button.btn                  |should be(visible)                                                    |PASS      |29        |
|button.btn                  |click()                                                               |FAIL      |4135      |
+----------------------------+----------------------------------------------------------------------+----------+----------+

]]></system-out>
    <system-err><![CDATA[SLF4J: Failed to load class "org.slf4j.impl.StaticLoggerBinder".
SLF4J: Defaulting to no-operation (NOP) logger implementation
SLF4J: See http://www.slf4j.org/codes.html#StaticLoggerBinder for further details.
Feb 07, 2018 4:19:42 PM com.codeborne.selenide.impl.WebDriverThreadLocalContainer getWebDriver
INFO: No webdriver is bound to current thread: 1 - let's create new webdriver
Starting ChromeDriver 2.35.528161 (5b82f2d2aae0ca24b877009200ced9065a772e73) on port 23412
Only local connections are allowed.
Feb 07, 2018 4:19:45 PM org.openqa.selenium.remote.ProtocolHandshake createSession
INFO: Detected dialect: OSS
Feb 07, 2018 4:19:47 PM com.codeborne.selenide.webdriver.WebDriverFactory logBrowserVersion
INFO: BrowserName=chrome Version=63.0.3239.132 Platform=XP
Feb 07, 2018 4:19:47 PM com.codeborne.selenide.webdriver.WebDriverFactory createWebDriver
INFO: Selenide v. 4.10
Feb 07, 2018 4:19:47 PM com.codeborne.selenide.webdriver.WebDriverFactory logSeleniumInfo
INFO: Selenium WebDriver v. 3.8.1 build time: 2017-12-01T18:33:54.468Z
Feb 07, 2018 4:19:47 PM com.codeborne.selenide.impl.WebDriverThreadLocalContainer createDriver
INFO: Create webdriver in current thread 1: ChromeDriver -> ChromeDriver: chrome on XP (d336dd934fa0aea377516d4a0b5215cb)
log4j:WARN No appenders could be found for logger (com.automation.remarks.video.recorder.monte.MonteRecorder).
log4j:WARN Please initialize the log4j system properly.
log4j:WARN See http://logging.apache.org/log4j/1.2/faq.html#noconfig for more info.
]]></system-err>
  </testcase>
  <testcase name="testdownloadIntegrtionPDF" classname="com.affilomnia.leadbaskets.BuyerTest" time="3.108"/>
  <testcase name="LoginAsSellerAndSendLead" classname="com.affilomnia.leadbaskets.FormLbTest" time="13.428"/>
  <testcase name="testLoginTotalSpentAndLeads" classname="com.affilomnia.leadbaskets.BuyerTest" time="13.985"/>
  <testcase name="testTotalLeadTotalSpentAvgcplParCamp" classname="com.affilomnia.leadbaskets.BuyerTest" time="31.502"/>
  <testcase name="testTotalLeadTotalCpl" classname="com.affilomnia.leadbaskets.SellerTest" time="16.894"/>
  <testcase name="sellerAccountingStatistic" classname="com.affilomnia.leadbaskets.SellerTest" time="8.41"/>
  <testcase name="testStatisticParOffer" classname="com.affilomnia.leadbaskets.SellerTest" time="31.547">
    <failure message="The following asserts failed:&#10;	Epc per offer expected [29.45] but found [28.97]" type="java.lang.AssertionError">java.lang.AssertionError: 
The following asserts failed:
	Epc per offer expected [29.45] but found [28.97]
	at com.affilomnia.leadbaskets.SellerTest.testStatisticParOffer(SellerTest.java:55)
</failure>
    <system-out><![CDATA[
OfferName: Home security>Number leads:1.0>Revenues: 22.0>Avg. CPL: 22.0EPC: 11.0

OfferName: selenium Webdriver(don't use!!!)>Number leads:61.0>Revenues: 2002.73>Avg. CPL: 32.83EPC: 29.45
Report for testStatisticParOffer
+------------------------------------------------+----------------------------------------------------------------------+----------+----------+
|Element                                         |Subject                                                               |Status    |ms.       |
+------------------------------------------------+----------------------------------------------------------------------+----------+----------+
|open                                            |https://test_app.leadsbasket.com                                      |PASS      |244       |
|input[name='email']                             |send keys(kirilk+webdriver1@affilomania.com)                          |PASS      |205       |
|#password                                       |send keys(0546474985Ko)                                               |PASS      |95        |
|button[type='submit']                           |press enter()                                                         |PASS      |75        |
|a[ui-sref*='live_offers']                       |click()                                                               |PASS      |1259      |
|tbody.ng-scope>tr:nth-child(1)>td:nth-child(2)  |get text()                                                            |PASS      |31        |
|tbody.ng-scope>tr:nth-child(1)>td:nth-child(7)  |get text()                                                            |PASS      |38        |
|tbody.ng-scope>tr:nth-child(1)>td:nth-child(9)  |text()                                                                |PASS      |32        |
|tbody.ng-scope>tr:nth-child(1)>td:nth-child(14) |get text()                                                            |PASS      |29        |
|tbody.ng-scope>tr:nth-child(1)>td:nth-child(6)  |get text()                                                            |PASS      |31        |
|tbody.ng-scope>tr:nth-child(1)>td:nth-child(15) |get text()                                                            |PASS      |33        |
|tbody.ng-scope>tr:nth-child(1)>td:nth-child(2)  |click()                                                               |PASS      |79        |
|by text: 200                                    |wait until([visible, 20000])                                          |PASS      |24        |
|by text: 200                                    |click()                                                               |PASS      |84        |
|By.xpath: //tr[@class='ng-scope']//td[5][0]     |get text()                                                            |PASS      |43        |
|By.xpath: //tr[@class='ng-scope']//td[6][0]     |get text()                                                            |PASS      |40        |
|By.xpath: //tr[@class='ng-scope']//td[14][0]    |get text()                                                            |PASS      |41        |
|a[ui-sref*='live_offers'][0]                    |click()                                                               |PASS      |54        |
|tbody.ng-scope>tr:nth-child(2)>td:nth-child(2)  |get text()                                                            |PASS      |1425      |
|tbody.ng-scope>tr:nth-child(2)>td:nth-child(7)  |get text()                                                            |PASS      |30        |
|tbody.ng-scope>tr:nth-child(2)>td:nth-child(9)  |text()                                                                |PASS      |32        |
|tbody.ng-scope>tr:nth-child(2)>td:nth-child(14) |get text()                                                            |PASS      |31        |
|tbody.ng-scope>tr:nth-child(2)>td:nth-child(6)  |get text()                                                            |PASS      |39        |
|tbody.ng-scope>tr:nth-child(2)>td:nth-child(15) |get text()                                                            |PASS      |39        |
|tbody.ng-scope>tr:nth-child(2)>td:nth-child(2)  |click()                                                               |PASS      |154       |
|by text: 200                                    |wait until([visible, 20000])                                          |PASS      |24        |
|by text: 200                                    |click()                                                               |PASS      |84        |
|By.xpath: //tr[@class='ng-scope']//td[5][0]     |get text()                                                            |PASS      |41        |
|By.xpath: //tr[@class='ng-scope']//td[6][0]     |get text()                                                            |PASS      |44        |
|By.xpath: //tr[@class='ng-scope']//td[14][0]    |get text()                                                            |PASS      |38        |
|By.xpath: //tr[@class='ng-scope']//td[5][1]     |get text()                                                            |PASS      |49        |
|By.xpath: //tr[@class='ng-scope']//td[6][1]     |get text()                                                            |PASS      |47        |
|By.xpath: //tr[@class='ng-scope']//td[14][1]    |get text()                                                            |PASS      |44        |
|By.xpath: //tr[@class='ng-scope']//td[5][2]     |get text()                                                            |PASS      |44        |
|By.xpath: //tr[@class='ng-scope']//td[6][2]     |get text()                                                            |PASS      |47        |
|By.xpath: //tr[@class='ng-scope']//td[14][2]    |get text()                                                            |PASS      |46        |
|By.xpath: //tr[@class='ng-scope']//td[5][3]     |get text()                                                            |PASS      |43        |
|By.xpath: //tr[@class='ng-scope']//td[6][3]     |get text()                                                            |PASS      |46        |
|By.xpath: //tr[@class='ng-scope']//td[14][3]    |get text()                                                            |PASS      |59        |
|By.xpath: //tr[@class='ng-scope']//td[5][4]     |get text()                                                            |PASS      |56        |
|By.xpath: //tr[@class='ng-scope']//td[6][4]     |get text()                                                            |PASS      |56        |
|By.xpath: //tr[@class='ng-scope']//td[14][4]    |get text()                                                            |PASS      |54        |
|By.xpath: //tr[@class='ng-scope']//td[5][5]     |get text()                                                            |PASS      |45        |
|By.xpath: //tr[@class='ng-scope']//td[6][5]     |get text()                                                            |PASS      |42        |
|By.xpath: //tr[@class='ng-scope']//td[14][5]    |get text()                                                            |PASS      |43        |
|By.xpath: //tr[@class='ng-scope']//td[5][6]     |get text()                                                            |PASS      |42        |
|By.xpath: //tr[@class='ng-scope']//td[6][6]     |get text()                                                            |PASS      |42        |
|By.xpath: //tr[@class='ng-scope']//td[14][6]    |get text()                                                            |PASS      |54        |
|By.xpath: //tr[@class='ng-scope']//td[5][7]     |get text()                                                            |PASS      |44        |
|By.xpath: //tr[@class='ng-scope']//td[6][7]     |get text()                                                            |PASS      |41        |
|By.xpath: //tr[@class='ng-scope']//td[14][7]    |get text()                                                            |PASS      |43        |
|By.xpath: //tr[@class='ng-scope']//td[5][8]     |get text()                                                            |PASS      |46        |
|By.xpath: //tr[@class='ng-scope']//td[6][8]     |get text()                                                            |PASS      |42        |
|By.xpath: //tr[@class='ng-scope']//td[14][8]    |get text()                                                            |PASS      |48        |
|By.xpath: //tr[@class='ng-scope']//td[5][9]     |get text()                                                            |PASS      |52        |
|By.xpath: //tr[@class='ng-scope']//td[6][9]     |get text()                                                            |PASS      |48        |
|By.xpath: //tr[@class='ng-scope']//td[14][9]    |get text()                                                            |PASS      |48        |
|By.xpath: //tr[@class='ng-scope']//td[5][10]    |get text()                                                            |PASS      |40        |
|By.xpath: //tr[@class='ng-scope']//td[6][10]    |get text()                                                            |PASS      |51        |
|By.xpath: //tr[@class='ng-scope']//td[14][10]   |get text()                                                            |PASS      |43        |
|By.xpath: //tr[@class='ng-scope']//td[5][11]    |get text()                                                            |PASS      |43        |
|By.xpath: //tr[@class='ng-scope']//td[6][11]    |get text()                                                            |PASS      |41        |
|By.xpath: //tr[@class='ng-scope']//td[14][11]   |get text()                                                            |PASS      |52        |
|By.xpath: //tr[@class='ng-scope']//td[5][12]    |get text()                                                            |PASS      |42        |
|By.xpath: //tr[@class='ng-scope']//td[6][12]    |get text()                                                            |PASS      |47        |
|By.xpath: //tr[@class='ng-scope']//td[14][12]   |get text()                                                            |PASS      |44        |
|By.xpath: //tr[@class='ng-scope']//td[5][13]    |get text()                                                            |PASS      |42        |
|By.xpath: //tr[@class='ng-scope']//td[6][13]    |get text()                                                            |PASS      |46        |
|By.xpath: //tr[@class='ng-scope']//td[14][13]   |get text()                                                            |PASS      |53        |
|By.xpath: //tr[@class='ng-scope']//td[5][14]    |get text()                                                            |PASS      |36        |
|By.xpath: //tr[@class='ng-scope']//td[6][14]    |get text()                                                            |PASS      |42        |
|By.xpath: //tr[@class='ng-scope']//td[14][14]   |get text()                                                            |PASS      |43        |
|By.xpath: //tr[@class='ng-scope']//td[5][15]    |get text()                                                            |PASS      |43        |
|By.xpath: //tr[@class='ng-scope']//td[6][15]    |get text()                                                            |PASS      |42        |
|By.xpath: //tr[@class='ng-scope']//td[14][15]   |get text()                                                            |PASS      |45        |
|By.xpath: //tr[@class='ng-scope']//td[5][16]    |get text()                                                            |PASS      |51        |
|By.xpath: //tr[@class='ng-scope']//td[6][16]    |get text()                                                            |PASS      |44        |
|By.xpath: //tr[@class='ng-scope']//td[14][16]   |get text()                                                            |PASS      |39        |
|By.xpath: //tr[@class='ng-scope']//td[5][17]    |get text()                                                            |PASS      |46        |
|By.xpath: //tr[@class='ng-scope']//td[6][17]    |get text()                                                            |PASS      |46        |
|By.xpath: //tr[@class='ng-scope']//td[14][17]   |get text()                                                            |PASS      |47        |
|By.xpath: //tr[@class='ng-scope']//td[5][18]    |get text()                                                            |PASS      |45        |
|By.xpath: //tr[@class='ng-scope']//td[6][18]    |get text()                                                            |PASS      |39        |
|By.xpath: //tr[@class='ng-scope']//td[14][18]   |get text()                                                            |PASS      |47        |
|By.xpath: //tr[@class='ng-scope']//td[5][19]    |get text()                                                            |PASS      |47        |
|By.xpath: //tr[@class='ng-scope']//td[6][19]    |get text()                                                            |PASS      |46        |
|By.xpath: //tr[@class='ng-scope']//td[14][19]   |get text()                                                            |PASS      |44        |
|By.xpath: //tr[@class='ng-scope']//td[5][20]    |get text()                                                            |PASS      |49        |
|By.xpath: //tr[@class='ng-scope']//td[6][20]    |get text()                                                            |PASS      |47        |
|By.xpath: //tr[@class='ng-scope']//td[14][20]   |get text()                                                            |PASS      |48        |
|By.xpath: //tr[@class='ng-scope']//td[5][21]    |get text()                                                            |PASS      |47        |
|By.xpath: //tr[@class='ng-scope']//td[6][21]    |get text()                                                            |PASS      |54        |
|By.xpath: //tr[@class='ng-scope']//td[14][21]   |get text()                                                            |PASS      |45        |
|By.xpath: //tr[@class='ng-scope']//td[5][22]    |get text()                                                            |PASS      |45        |
|By.xpath: //tr[@class='ng-scope']//td[6][22]    |get text()                                                            |PASS      |41        |
|By.xpath: //tr[@class='ng-scope']//td[14][22]   |get text()                                                            |PASS      |48        |
|By.xpath: //tr[@class='ng-scope']//td[5][23]    |get text()                                                            |PASS      |50        |
|By.xpath: //tr[@class='ng-scope']//td[6][23]    |get text()                                                            |PASS      |41        |
|By.xpath: //tr[@class='ng-scope']//td[14][23]   |get text()                                                            |PASS      |41        |
|By.xpath: //tr[@class='ng-scope']//td[5][24]    |get text()                                                            |PASS      |48        |
|By.xpath: //tr[@class='ng-scope']//td[6][24]    |get text()                                                            |PASS      |45        |
|By.xpath: //tr[@class='ng-scope']//td[14][24]   |get text()                                                            |PASS      |46        |
|By.xpath: //tr[@class='ng-scope']//td[5][25]    |get text()                                                            |PASS      |43        |
|By.xpath: //tr[@class='ng-scope']//td[6][25]    |get text()                                                            |PASS      |46        |
|By.xpath: //tr[@class='ng-scope']//td[14][25]   |get text()                                                            |PASS      |37        |
|By.xpath: //tr[@class='ng-scope']//td[5][26]    |get text()                                                            |PASS      |40        |
|By.xpath: //tr[@class='ng-scope']//td[6][26]    |get text()                                                            |PASS      |59        |
|By.xpath: //tr[@class='ng-scope']//td[14][26]   |get text()                                                            |PASS      |41        |
|By.xpath: //tr[@class='ng-scope']//td[5][27]    |get text()                                                            |PASS      |39        |
|By.xpath: //tr[@class='ng-scope']//td[6][27]    |get text()                                                            |PASS      |48        |
|By.xpath: //tr[@class='ng-scope']//td[14][27]   |get text()                                                            |PASS      |46        |
|By.xpath: //tr[@class='ng-scope']//td[5][28]    |get text()                                                            |PASS      |45        |
|By.xpath: //tr[@class='ng-scope']//td[6][28]    |get text()                                                            |PASS      |37        |
|By.xpath: //tr[@class='ng-scope']//td[14][28]   |get text()                                                            |PASS      |46        |
|By.xpath: //tr[@class='ng-scope']//td[5][29]    |get text()                                                            |PASS      |45        |
|By.xpath: //tr[@class='ng-scope']//td[6][29]    |get text()                                                            |PASS      |39        |
|By.xpath: //tr[@class='ng-scope']//td[14][29]   |get text()                                                            |PASS      |44        |
|By.xpath: //tr[@class='ng-scope']//td[5][30]    |get text()                                                            |PASS      |49        |
|By.xpath: //tr[@class='ng-scope']//td[6][30]    |get text()                                                            |PASS      |48        |
|By.xpath: //tr[@class='ng-scope']//td[14][30]   |get text()                                                            |PASS      |46        |
|By.xpath: //tr[@class='ng-scope']//td[5][31]    |get text()                                                            |PASS      |48        |
|By.xpath: //tr[@class='ng-scope']//td[6][31]    |get text()                                                            |PASS      |45        |
|By.xpath: //tr[@class='ng-scope']//td[14][31]   |get text()                                                            |PASS      |43        |
|By.xpath: //tr[@class='ng-scope']//td[5][32]    |get text()                                                            |PASS      |46        |
|By.xpath: //tr[@class='ng-scope']//td[6][32]    |get text()                                                            |PASS      |44        |
|By.xpath: //tr[@class='ng-scope']//td[14][32]   |get text()                                                            |PASS      |43        |
|By.xpath: //tr[@class='ng-scope']//td[5][33]    |get text()                                                            |PASS      |44        |
|By.xpath: //tr[@class='ng-scope']//td[6][33]    |get text()                                                            |PASS      |56        |
|By.xpath: //tr[@class='ng-scope']//td[14][33]   |get text()                                                            |PASS      |47        |
|By.xpath: //tr[@class='ng-scope']//td[5][34]    |get text()                                                            |PASS      |40        |
|By.xpath: //tr[@class='ng-scope']//td[6][34]    |get text()                                                            |PASS      |40        |
|By.xpath: //tr[@class='ng-scope']//td[14][34]   |get text()                                                            |PASS      |43        |
|By.xpath: //tr[@class='ng-scope']//td[5][35]    |get text()                                                            |PASS      |45        |
|By.xpath: //tr[@class='ng-scope']//td[6][35]    |get text()                                                            |PASS      |41        |
|By.xpath: //tr[@class='ng-scope']//td[14][35]   |get text()                                                            |PASS      |46        |
|By.xpath: //tr[@class='ng-scope']//td[5][36]    |get text()                                                            |PASS      |41        |
|By.xpath: //tr[@class='ng-scope']//td[6][36]    |get text()                                                            |PASS      |53        |
|By.xpath: //tr[@class='ng-scope']//td[14][36]   |get text()                                                            |PASS      |40        |
|By.xpath: //tr[@class='ng-scope']//td[5][37]    |get text()                                                            |PASS      |41        |
|By.xpath: //tr[@class='ng-scope']//td[6][37]    |get text()                                                            |PASS      |46        |
|By.xpath: //tr[@class='ng-scope']//td[14][37]   |get text()                                                            |PASS      |45        |
|By.xpath: //tr[@class='ng-scope']//td[5][38]    |get text()                                                            |PASS      |45        |
|By.xpath: //tr[@class='ng-scope']//td[6][38]    |get text()                                                            |PASS      |43        |
|By.xpath: //tr[@class='ng-scope']//td[14][38]   |get text()                                                            |PASS      |38        |
|By.xpath: //tr[@class='ng-scope']//td[5][39]    |get text()                                                            |PASS      |54        |
|By.xpath: //tr[@class='ng-scope']//td[6][39]    |get text()                                                            |PASS      |48        |
|By.xpath: //tr[@class='ng-scope']//td[14][39]   |get text()                                                            |PASS      |38        |
|By.xpath: //tr[@class='ng-scope']//td[5][40]    |get text()                                                            |PASS      |47        |
|By.xpath: //tr[@class='ng-scope']//td[6][40]    |get text()                                                            |PASS      |45        |
|By.xpath: //tr[@class='ng-scope']//td[14][40]   |get text()                                                            |PASS      |41        |
|By.xpath: //tr[@class='ng-scope']//td[5][41]    |get text()                                                            |PASS      |42        |
|By.xpath: //tr[@class='ng-scope']//td[6][41]    |get text()                                                            |PASS      |39        |
|By.xpath: //tr[@class='ng-scope']//td[14][41]   |get text()                                                            |PASS      |37        |
|By.xpath: //tr[@class='ng-scope']//td[5][42]    |get text()                                                            |PASS      |36        |
|By.xpath: //tr[@class='ng-scope']//td[6][42]    |get text()                                                            |PASS      |45        |
|By.xpath: //tr[@class='ng-scope']//td[14][42]   |get text()                                                            |PASS      |49        |
|By.xpath: //tr[@class='ng-scope']//td[5][43]    |get text()                                                            |PASS      |52        |
|By.xpath: //tr[@class='ng-scope']//td[6][43]    |get text()                                                            |PASS      |55        |
|By.xpath: //tr[@class='ng-scope']//td[14][43]   |get text()                                                            |PASS      |44        |
|By.xpath: //tr[@class='ng-scope']//td[5][44]    |get text()                                                            |PASS      |47        |
|By.xpath: //tr[@class='ng-scope']//td[6][44]    |get text()                                                            |PASS      |47        |
|By.xpath: //tr[@class='ng-scope']//td[14][44]   |get text()                                                            |PASS      |43        |
|By.xpath: //tr[@class='ng-scope']//td[5][45]    |get text()                                                            |PASS      |38        |
|By.xpath: //tr[@class='ng-scope']//td[6][45]    |get text()                                                            |PASS      |42        |
|By.xpath: //tr[@class='ng-scope']//td[14][45]   |get text()                                                            |PASS      |38        |
|By.xpath: //tr[@class='ng-scope']//td[5][46]    |get text()                                                            |PASS      |51        |
|By.xpath: //tr[@class='ng-scope']//td[6][46]    |get text()                                                            |PASS      |39        |
|By.xpath: //tr[@class='ng-scope']//td[14][46]   |get text()                                                            |PASS      |45        |
|By.xpath: //tr[@class='ng-scope']//td[5][47]    |get text()                                                            |PASS      |45        |
|By.xpath: //tr[@class='ng-scope']//td[6][47]    |get text()                                                            |PASS      |46        |
|By.xpath: //tr[@class='ng-scope']//td[14][47]   |get text()                                                            |PASS      |50        |
|By.xpath: //tr[@class='ng-scope']//td[5][48]    |get text()                                                            |PASS      |52        |
|By.xpath: //tr[@class='ng-scope']//td[6][48]    |get text()                                                            |PASS      |37        |
|By.xpath: //tr[@class='ng-scope']//td[14][48]   |get text()                                                            |PASS      |55        |
|By.xpath: //tr[@class='ng-scope']//td[5][49]    |get text()                                                            |PASS      |49        |
|By.xpath: //tr[@class='ng-scope']//td[6][49]    |get text()                                                            |PASS      |43        |
|By.xpath: //tr[@class='ng-scope']//td[14][49]   |get text()                                                            |PASS      |48        |
|By.xpath: //tr[@class='ng-scope']//td[5][50]    |get text()                                                            |PASS      |40        |
|By.xpath: //tr[@class='ng-scope']//td[6][50]    |get text()                                                            |PASS      |49        |
|By.xpath: //tr[@class='ng-scope']//td[14][50]   |get text()                                                            |PASS      |51        |
|By.xpath: //tr[@class='ng-scope']//td[5][51]    |get text()                                                            |PASS      |51        |
|By.xpath: //tr[@class='ng-scope']//td[6][51]    |get text()                                                            |PASS      |44        |
|By.xpath: //tr[@class='ng-scope']//td[14][51]   |get text()                                                            |PASS      |40        |
|By.xpath: //tr[@class='ng-scope']//td[5][52]    |get text()                                                            |PASS      |42        |
|By.xpath: //tr[@class='ng-scope']//td[6][52]    |get text()                                                            |PASS      |39        |
|By.xpath: //tr[@class='ng-scope']//td[14][52]   |get text()                                                            |PASS      |45        |
|By.xpath: //tr[@class='ng-scope']//td[5][53]    |get text()                                                            |PASS      |55        |
|By.xpath: //tr[@class='ng-scope']//td[6][53]    |get text()                                                            |PASS      |49        |
|By.xpath: //tr[@class='ng-scope']//td[14][53]   |get text()                                                            |PASS      |44        |
|By.xpath: //tr[@class='ng-scope']//td[5][54]    |get text()                                                            |PASS      |49        |
|By.xpath: //tr[@class='ng-scope']//td[6][54]    |get text()                                                            |PASS      |44        |
|By.xpath: //tr[@class='ng-scope']//td[14][54]   |get text()                                                            |PASS      |45        |
|By.xpath: //tr[@class='ng-scope']//td[5][55]    |get text()                                                            |PASS      |53        |
|By.xpath: //tr[@class='ng-scope']//td[6][55]    |get text()                                                            |PASS      |43        |
|By.xpath: //tr[@class='ng-scope']//td[14][55]   |get text()                                                            |PASS      |40        |
|By.xpath: //tr[@class='ng-scope']//td[5][56]    |get text()                                                            |PASS      |46        |
|By.xpath: //tr[@class='ng-scope']//td[6][56]    |get text()                                                            |PASS      |48        |
|By.xpath: //tr[@class='ng-scope']//td[14][56]   |get text()                                                            |PASS      |47        |
|By.xpath: //tr[@class='ng-scope']//td[5][57]    |get text()                                                            |PASS      |48        |
|By.xpath: //tr[@class='ng-scope']//td[6][57]    |get text()                                                            |PASS      |48        |
|By.xpath: //tr[@class='ng-scope']//td[14][57]   |get text()                                                            |PASS      |47        |
|By.xpath: //tr[@class='ng-scope']//td[5][58]    |get text()                                                            |PASS      |43        |
|By.xpath: //tr[@class='ng-scope']//td[6][58]    |get text()                                                            |PASS      |50        |
|By.xpath: //tr[@class='ng-scope']//td[14][58]   |get text()                                                            |PASS      |50        |
|By.xpath: //tr[@class='ng-scope']//td[5][59]    |get text()                                                            |PASS      |43        |
|By.xpath: //tr[@class='ng-scope']//td[6][59]    |get text()                                                            |PASS      |49        |
|By.xpath: //tr[@class='ng-scope']//td[14][59]   |get text()                                                            |PASS      |43        |
|By.xpath: //tr[@class='ng-scope']//td[5][60]    |get text()                                                            |PASS      |47        |
|By.xpath: //tr[@class='ng-scope']//td[6][60]    |get text()                                                            |PASS      |49        |
|By.xpath: //tr[@class='ng-scope']//td[14][60]   |get text()                                                            |PASS      |46        |
|By.xpath: //tr[@class='ng-scope']//td[5][61]    |get text()                                                            |PASS      |42        |
|By.xpath: //tr[@class='ng-scope']//td[6][61]    |get text()                                                            |PASS      |43        |
|By.xpath: //tr[@class='ng-scope']//td[14][61]   |get text()                                                            |PASS      |43        |
|By.xpath: //tr[@class='ng-scope']//td[5][62]    |get text()                                                            |PASS      |49        |
|By.xpath: //tr[@class='ng-scope']//td[6][62]    |get text()                                                            |PASS      |43        |
|By.xpath: //tr[@class='ng-scope']//td[14][62]   |get text()                                                            |PASS      |51        |
|a[ui-sref*='live_offers'][0]                    |click()                                                               |PASS      |154       |
|a[ui-sref*='dashboardSeller'][0]                |click()                                                               |PASS      |143       |
|html[ng-app='leadsBasket']                      |scroll to()                                                           |PASS      |47        |
|#date_range                                     |click()                                                               |PASS      |106       |
|input[name='daterangepicker_start']             |clear()                                                               |PASS      |47        |
|input[name='daterangepicker_start']             |set value(13/11/16)                                                   |PASS      |134       |
|by text: Apply                                  |click()                                                               |PASS      |93        |
|span[class*='value ng-scope'][3]                |get text()                                                            |PASS      |46        |
|span[class*='value ng-scope'][0]                |get text()                                                            |PASS      |37        |
|span[class*='value ng-scope'][6]                |get text()                                                            |PASS      |38        |
+------------------------------------------------+----------------------------------------------------------------------+----------+----------+

]]></system-out>
  </testcase>
</testsuite>