<?xml version="1.0" encoding="UTF-8"?>
<!-- Generated by org.testng.reporters.JUnitReportReporter -->
<testsuite skipped="1" hostname="DESKTOP-VODB96N" name="com.affilomnia.leadbaskets.BuyerTest" tests="2" failures="0" timestamp="13 ינו 2018 21:45:14 GMT" time="18.334" errors="0">
  <testcase name="testLoginTotalSpentAndLeads" time="18.334" classname="com.affilomnia.leadbaskets.BuyerTest"/>
  <testcase name="testTotalLeadTotalSpentAvgcplParCamp" classname="com.affilomnia.leadbaskets.BuyerTest">
    <skipped/>
  </testcase> <!-- testTotalLeadTotalSpentAvgcplParCamp -->
</testsuite> <!-- com.affilomnia.leadbaskets.BuyerTest -->
