<?xml version="1.0" encoding="UTF-8"?>
<!-- Generated by org.testng.reporters.JUnitReportReporter -->
<testsuite skipped="0" hostname="RG-W-KIRIL" name="com.affilomnia.leadbaskets.SellerTest" tests="1" failures="0" timestamp="17 Jan 2018 16:58:34 GMT" time="7.987" errors="0">
  <testcase name="testTotalLeadTotalCpl" time="7.987" classname="com.affilomnia.leadbaskets.SellerTest"/>
</testsuite> <!-- com.affilomnia.leadbaskets.SellerTest -->
