<?xml version="1.0" encoding="UTF-8"?>
<!-- Generated by org.testng.reporters.JUnitReportReporter -->
<testsuite skipped="0" hostname="RG-W-KIRIL" name="com.affilomnia.leadbaskets.FormLbTest" tests="1" failures="0" timestamp="16 Jan 2018 15:08:32 GMT" time="13.210" errors="0">
  <testcase name="LoginAsSellerAndSendLead" time="13.210" classname="com.affilomnia.leadbaskets.FormLbTest"/>
</testsuite> <!-- com.affilomnia.leadbaskets.FormLbTest -->
