<?xml version="1.0" encoding="UTF-8"?>
<!-- Generated by org.testng.reporters.JUnitReportReporter -->
<testsuite skipped="0" hostname="RG-W-KIRIL" name="com.affilomnia.leadbaskets.BuyerTest" tests="2" failures="0" timestamp="14 Feb 2018 14:16:47 GMT" time="18.664" errors="0">
  <testcase name="testBuyerRegistrtion" time="14.869" classname="com.affilomnia.leadbaskets.BuyerTest"/>
  <testcase name="testdownloadIntegrtionPDF" time="3.795" classname="com.affilomnia.leadbaskets.BuyerTest"/>
</testsuite> <!-- com.affilomnia.leadbaskets.BuyerTest -->
