<?xml version="1.0" encoding="UTF-8"?>
<!-- Generated by org.testng.reporters.JUnitReportReporter -->
<testsuite skipped="3" hostname="RG-W-KIRIL" name="com.affilomnia.leadbaskets.BuyerTest" tests="4" failures="0" timestamp="13 Feb 2018 16:28:49 GMT" time="34.494" errors="0">
  <testcase name="testTotalLeadTotalSpentAvgcplParCamp" time="34.494" classname="com.affilomnia.leadbaskets.BuyerTest"/>
  <testcase name="testBuyerRegistrtion" classname="com.affilomnia.leadbaskets.BuyerTest">
    <skipped/>
  </testcase> <!-- testBuyerRegistrtion -->
  <testcase name="testLoginTotalSpentAndLeads" classname="com.affilomnia.leadbaskets.BuyerTest">
    <skipped/>
  </testcase> <!-- testLoginTotalSpentAndLeads -->
  <testcase name="testdownloadIntegrtionPDF" classname="com.affilomnia.leadbaskets.BuyerTest">
    <skipped/>
  </testcase> <!-- testdownloadIntegrtionPDF -->
</testsuite> <!-- com.affilomnia.leadbaskets.BuyerTest -->
