<?xml version="1.0" encoding="UTF-8"?>
<!-- Generated by org.testng.reporters.JUnitReportReporter -->
<testsuite skipped="0" hostname="RG-W-KIRIL" name="com.affilomnia.leadbaskets.BuyerTest" tests="1" failures="0" timestamp="08 Jan 2018 16:48:00 GMT" time="8.842" errors="0">
  <testcase name="LoginAsAbuyerAndTestkStatistic" time="8.842" classname="com.affilomnia.leadbaskets.BuyerTest"/>
</testsuite> <!-- com.affilomnia.leadbaskets.BuyerTest -->
