<?xml version="1.0" encoding="UTF-8"?>
<!-- Generated by org.testng.reporters.JUnitReportReporter -->
<testsuite skipped="0" hostname="RG-W-KIRIL" name="com.affilomnia.leadbaskets.BuyerTest" tests="1" failures="0" timestamp="11 Jan 2018 15:22:17 GMT" time="11.370" errors="0">
  <testcase name="LoginAsAbuyerAndTestkStatistic" time="11.370" classname="com.affilomnia.leadbaskets.BuyerTest"/>
</testsuite> <!-- com.affilomnia.leadbaskets.BuyerTest -->
