<?xml version="1.0" encoding="UTF-8"?>
<!-- Generated by org.testng.reporters.JUnitReportReporter -->
<testsuite skipped="0" hostname="RG-W-KIRIL" name="com.affilomnia.leadbaskets.BuyerTest" tests="4" failures="0" timestamp="22 Jan 2018 10:43:22 GMT" time="53.821" errors="0">
  <testcase name="testBuyerRegistrtion" time="14.980" classname="com.affilomnia.leadbaskets.BuyerTest"/>
  <testcase name="testTotalLeadTotalSpentAvgcplParCamp" time="24.852" classname="com.affilomnia.leadbaskets.BuyerTest"/>
  <testcase name="testdownloadIntegrtionPDF" time="2.586" classname="com.affilomnia.leadbaskets.BuyerTest"/>
  <testcase name="testLoginTotalSpentAndLeads" time="11.403" classname="com.affilomnia.leadbaskets.BuyerTest"/>
</testsuite> <!-- com.affilomnia.leadbaskets.BuyerTest -->
