<?xml version="1.0" encoding="UTF-8"?>
<!-- Generated by org.testng.reporters.JUnitReportReporter -->
<testsuite skipped="1" hostname="RG-W-KIRIL" name="com.affilomnia.leadbaskets.SellerTest" tests="2" failures="0" timestamp="22 Jan 2018 14:16:38 GMT" time="7.851" errors="0">
  <testcase name="teststatParOFFER" time="7.851" classname="com.affilomnia.leadbaskets.SellerTest"/>
  <testcase name="testTotalLeadTotalCpl" classname="com.affilomnia.leadbaskets.SellerTest">
    <skipped/>
  </testcase> <!-- testTotalLeadTotalCpl -->
</testsuite> <!-- com.affilomnia.leadbaskets.SellerTest -->
