<?xml version="1.0" encoding="UTF-8"?>
<!-- Generated by org.testng.reporters.JUnitReportReporter -->
<testsuite skipped="0" hostname="RG-W-KIRIL" name="com.affilomnia.leadbaskets.SellerTest" tests="1" failures="0" timestamp="14 Feb 2018 16:33:18 GMT" time="47.564" errors="0">
  <testcase name="sellerRegistrtion" time="47.564" classname="com.affilomnia.leadbaskets.SellerTest"/>
</testsuite> <!-- com.affilomnia.leadbaskets.SellerTest -->
