<?xml version="1.0" encoding="UTF-8"?>
<!-- Generated by org.testng.reporters.JUnitReportReporter -->
<testsuite skipped="2" hostname="RG-W-KIRIL" name="com.affilomnia.leadbaskets.BuyerTest" tests="3" failures="0" timestamp="14 Jan 2018 16:55:18 GMT" time="6.109" errors="0">
  <testcase name="buyerRegistrtion" time="6.109" classname="com.affilomnia.leadbaskets.BuyerTest"/>
  <testcase name="testLoginTotalSpentAndLeads" classname="com.affilomnia.leadbaskets.BuyerTest">
    <skipped/>
  </testcase> <!-- testLoginTotalSpentAndLeads -->
  <testcase name="testTotalLeadTotalSpentAvgcplParCamp" classname="com.affilomnia.leadbaskets.BuyerTest">
    <skipped/>
  </testcase> <!-- testTotalLeadTotalSpentAvgcplParCamp -->
</testsuite> <!-- com.affilomnia.leadbaskets.BuyerTest -->
