<?xml version="1.0" encoding="UTF-8"?>
<!-- Generated by org.testng.reporters.JUnitReportReporter -->
<testsuite skipped="0" hostname="DESKTOP-VODB96N" name="com.affilomnia.leadbaskets.BuyerTest" tests="4" failures="0" timestamp="31 ינו 2018 21:14:30 GMT" time="70.684" errors="0">
  <testcase name="testBuyerRegistrtion" time="20.571" classname="com.affilomnia.leadbaskets.BuyerTest"/>
  <testcase name="testTotalLeadTotalSpentAvgcplParCamp" time="26.923" classname="com.affilomnia.leadbaskets.BuyerTest"/>
  <testcase name="testdownloadIntegrtionPDF" time="8.918" classname="com.affilomnia.leadbaskets.BuyerTest"/>
  <testcase name="testLoginTotalSpentAndLeads" time="14.272" classname="com.affilomnia.leadbaskets.BuyerTest"/>
</testsuite> <!-- com.affilomnia.leadbaskets.BuyerTest -->
