<?xml version="1.0" encoding="UTF-8"?>
<!-- Generated by org.testng.reporters.JUnitReportReporter -->
<testsuite skipped="1" hostname="DESKTOP-VODB96N" name="com.affilomnia.leadbaskets.SellerTest" tests="2" failures="0" timestamp="30 ינו 2018 20:59:07 GMT" time="9.183" errors="0">
  <testcase name="teststatParOFFER" time="9.183" classname="com.affilomnia.leadbaskets.SellerTest"/>
  <testcase name="testTotalLeadTotalCpl" classname="com.affilomnia.leadbaskets.SellerTest">
    <skipped/>
  </testcase> <!-- testTotalLeadTotalCpl -->
</testsuite> <!-- com.affilomnia.leadbaskets.SellerTest -->
