<?xml version="1.0" encoding="UTF-8"?>
<!-- Generated by org.testng.reporters.JUnitReportReporter -->
<testsuite skipped="0" hostname="DESKTOP-VODB96N" name="com.affilomnia.leadbaskets.Testt" tests="1" failures="0" timestamp="18 ינו 2018 22:57:43 GMT" time="8.308" errors="0">
  <testcase name="LoginAsSellerAndSendLead" time="8.308" classname="com.affilomnia.leadbaskets.Testt"/>
</testsuite> <!-- com.affilomnia.leadbaskets.Testt -->
