<?xml version="1.0" encoding="UTF-8"?>
<!-- Generated by org.testng.reporters.JUnitReportReporter -->
<testsuite skipped="0" hostname="RG-W-KIRIL" name="com.affilomnia.leadbaskets.BuyerTest" tests="1" failures="0" timestamp="10 Jan 2018 10:34:32 GMT" time="9.309" errors="0">
  <testcase name="LoginAsAbuyerAndTestkStatistic" time="9.309" classname="com.affilomnia.leadbaskets.BuyerTest"/>
</testsuite> <!-- com.affilomnia.leadbaskets.BuyerTest -->
