<?xml version="1.0" encoding="UTF-8"?>
<!-- Generated by org.testng.reporters.JUnitReportReporter -->
<testsuite skipped="0" hostname="RG-W-KIRIL" name="com.affilomnia.leadbaskets.SellerTest" tests="3" failures="0" timestamp="07 Feb 2018 15:02:40 GMT" time="64.191" errors="0">
  <testcase name="testTotalLeadTotalCpl" time="20.800" classname="com.affilomnia.leadbaskets.SellerTest"/>
  <testcase name="testStatisticParOffer" time="33.475" classname="com.affilomnia.leadbaskets.SellerTest"/>
  <testcase name="sellerAccountingStatistic" time="9.916" classname="com.affilomnia.leadbaskets.SellerTest"/>
</testsuite> <!-- com.affilomnia.leadbaskets.SellerTest -->
