<?xml version="1.0" encoding="UTF-8"?>
<!-- Generated by org.testng.reporters.JUnitReportReporter -->
<testsuite skipped="0" hostname="RG-W-KIRIL" name="com.affilomnia.leadbaskets.SellerTest" tests="3" failures="0" timestamp="11 Feb 2018 11:40:30 GMT" time="60.494" errors="0">
  <testcase name="testTotalLeadTotalCpl" time="18.201" classname="com.affilomnia.leadbaskets.SellerTest"/>
  <testcase name="testStatisticParOffer" time="32.933" classname="com.affilomnia.leadbaskets.SellerTest"/>
  <testcase name="sellerAccountingStatistic" time="9.360" classname="com.affilomnia.leadbaskets.SellerTest"/>
</testsuite> <!-- com.affilomnia.leadbaskets.SellerTest -->
