<?xml version="1.0" encoding="UTF-8"?>
<!-- Generated by org.testng.reporters.JUnitReportReporter -->
<testsuite skipped="0" hostname="RG-W-KIRIL" name="com.affilomnia.leadbaskets.SellerTest" tests="1" failures="0" timestamp="21 Jan 2018 17:22:03 GMT" time="14.218" errors="0">
  <testcase name="testTotalLeadTotalCpl" time="14.218" classname="com.affilomnia.leadbaskets.SellerTest"/>
</testsuite> <!-- com.affilomnia.leadbaskets.SellerTest -->
