<?xml version="1.0" encoding="UTF-8"?>
<!-- Generated by org.testng.reporters.JUnitReportReporter -->
<testsuite skipped="3" hostname="DESKTOP-VODB96N" name="com.affilomnia.leadbaskets.SellerTest" tests="4" failures="0" timestamp="12 פבר 2018 20:51:20 GMT" time="37.828" errors="0">
  <testcase name="sellerRegistrtion" time="37.828" classname="com.affilomnia.leadbaskets.SellerTest"/>
  <testcase name="testTotalLeadTotalCpl" classname="com.affilomnia.leadbaskets.SellerTest">
    <skipped/>
  </testcase> <!-- testTotalLeadTotalCpl -->
  <testcase name="sellerAccountingStatistic" classname="com.affilomnia.leadbaskets.SellerTest">
    <skipped/>
  </testcase> <!-- sellerAccountingStatistic -->
  <testcase name="testStatisticParOffer" classname="com.affilomnia.leadbaskets.SellerTest">
    <skipped/>
  </testcase> <!-- testStatisticParOffer -->
</testsuite> <!-- com.affilomnia.leadbaskets.SellerTest -->
