<?xml version="1.0" encoding="UTF-8"?>
<!-- Generated by org.testng.reporters.JUnitReportReporter -->
<testsuite skipped="0" hostname="DESKTOP-VODB96N" name="com.affilomnia.leadbaskets.FormLbTest" tests="1" failures="0" timestamp="06 ינו 2018 22:45:31 GMT" time="15.595" errors="0">
  <testcase name="LoginAsSellerAndSendLead" time="15.595" classname="com.affilomnia.leadbaskets.FormLbTest"/>
</testsuite> <!-- com.affilomnia.leadbaskets.FormLbTest -->
