<?xml version="1.0" encoding="UTF-8"?>
<!-- Generated by org.testng.reporters.JUnitReportReporter -->
<testsuite skipped="3" hostname="RG-W-KIRIL" name="com.affilomnia.leadbaskets.SellerTest" tests="4" failures="0" timestamp="14 Feb 2018 14:46:38 GMT" time="39.983" errors="0">
  <testcase name="sellerRegistrtion" time="39.983" classname="com.affilomnia.leadbaskets.SellerTest"/>
  <testcase name="testTotalLeadTotalCpl" classname="com.affilomnia.leadbaskets.SellerTest">
    <skipped/>
  </testcase> <!-- testTotalLeadTotalCpl -->
  <testcase name="sellerAccountingStatistic" classname="com.affilomnia.leadbaskets.SellerTest">
    <skipped/>
  </testcase> <!-- sellerAccountingStatistic -->
  <testcase name="testStatisticParOffer" classname="com.affilomnia.leadbaskets.SellerTest">
    <skipped/>
  </testcase> <!-- testStatisticParOffer -->
</testsuite> <!-- com.affilomnia.leadbaskets.SellerTest -->
