<?xml version="1.0" encoding="UTF-8"?>
<!-- Generated by org.testng.reporters.JUnitReportReporter -->
<testsuite skipped="1" hostname="DESKTOP-VODB96N" name="com.affilomnia.leadbaskets.BuyerTest" tests="4" failures="0" timestamp="26 ינו 2018 21:15:18 GMT" time="45.597" errors="0">
  <testcase name="testTotalLeadTotalSpentAvgcplParCamp" time="24.359" classname="com.affilomnia.leadbaskets.BuyerTest"/>
  <testcase name="testBuyerRegistrtion" time="16.268" classname="com.affilomnia.leadbaskets.BuyerTest"/>
  <testcase name="testdownloadIntegrtionPDF" time="4.970" classname="com.affilomnia.leadbaskets.BuyerTest"/>
  <testcase name="testLoginTotalSpentAndLeads" classname="com.affilomnia.leadbaskets.BuyerTest">
    <skipped/>
  </testcase> <!-- testLoginTotalSpentAndLeads -->
</testsuite> <!-- com.affilomnia.leadbaskets.BuyerTest -->
