<?xml version="1.0" encoding="UTF-8"?>
<!-- Generated by org.testng.reporters.JUnitReportReporter -->
<testsuite skipped="2" hostname="RG-W-KIRIL" name="com.affilomnia.leadbaskets.SellerTest" tests="5" failures="0" timestamp="14 Feb 2018 14:16:47 GMT" time="72.560" errors="0">
  <testcase name="testTotalLeadTotalCpl" time="23.590" classname="com.affilomnia.leadbaskets.SellerTest"/>
  <testcase name="testStatisticParOffer" time="38.414" classname="com.affilomnia.leadbaskets.SellerTest"/>
  <testcase name="sellerAccountingStatistic" time="10.556" classname="com.affilomnia.leadbaskets.SellerTest"/>
  <testcase name="sellerRegistrtion" classname="com.affilomnia.leadbaskets.SellerTest">
    <skipped/>
  </testcase> <!-- sellerRegistrtion -->
  <testcase name="sellerRegistrtion" classname="com.affilomnia.leadbaskets.SellerTest">
    <skipped/>
  </testcase> <!-- sellerRegistrtion -->
</testsuite> <!-- com.affilomnia.leadbaskets.SellerTest -->
