<?xml version="1.0" encoding="UTF-8"?>
<!-- Generated by org.testng.reporters.JUnitReportReporter -->
<testsuite skipped="0" hostname="DESKTOP-VODB96N" name="com.affilomnia.leadbaskets.BuyerTest" tests="1" failures="0" timestamp="11 ינו 2018 22:31:49 GMT" time="11.329" errors="0">
  <testcase name="LoginAsAbuyerAndTestkStatistic" time="11.329" classname="com.affilomnia.leadbaskets.BuyerTest"/>
</testsuite> <!-- com.affilomnia.leadbaskets.BuyerTest -->
