<?xml version="1.0" encoding="UTF-8"?>
<!-- Generated by org.testng.reporters.JUnitReportReporter -->
<testsuite skipped="0" hostname="RG-W-KIRIL" name="com.affilomnia.leadbaskets.FormLbTest" tests="1" failures="0" timestamp="25 Jan 2018 13:50:50 GMT" time="13.305" errors="0">
  <testcase name="LoginAsSellerAndSendLead" time="13.305" classname="com.affilomnia.leadbaskets.FormLbTest"/>
</testsuite> <!-- com.affilomnia.leadbaskets.FormLbTest -->
