<?xml version="1.0" encoding="UTF-8"?>
<!-- Generated by org.testng.reporters.JUnitReportReporter -->
<testsuite skipped="3" hostname="RG-W-KIRIL" name="com.affilomnia.leadbaskets.BuyerTest" tests="4" failures="0" timestamp="25 Jan 2018 12:04:18 GMT" time="4.264" errors="0">
  <testcase name="testdownloadIntegrtionPDF" time="4.264" classname="com.affilomnia.leadbaskets.BuyerTest"/>
  <testcase name="testBuyerRegistrtion" classname="com.affilomnia.leadbaskets.BuyerTest">
    <skipped/>
  </testcase> <!-- testBuyerRegistrtion -->
  <testcase name="testLoginTotalSpentAndLeads" classname="com.affilomnia.leadbaskets.BuyerTest">
    <skipped/>
  </testcase> <!-- testLoginTotalSpentAndLeads -->
  <testcase name="testTotalLeadTotalSpentAvgcplParCamp" classname="com.affilomnia.leadbaskets.BuyerTest">
    <skipped/>
  </testcase> <!-- testTotalLeadTotalSpentAvgcplParCamp -->
</testsuite> <!-- com.affilomnia.leadbaskets.BuyerTest -->
