<?xml version="1.0" encoding="UTF-8"?>
<!-- Generated by org.testng.reporters.JUnitReportReporter -->
<testsuite skipped="0" hostname="RG-W-KIRIL" name="com.affilomnia.leadbaskets.BuyerTest" tests="4" failures="0" timestamp="17 Jan 2018 11:08:48 GMT" time="57.454" errors="0">
  <testcase name="testTotalLeadTotalSpentAvgcplParCamp" time="25.565" classname="com.affilomnia.leadbaskets.BuyerTest"/>
  <testcase name="testBuyerRegistrtion" time="17.553" classname="com.affilomnia.leadbaskets.BuyerTest"/>
  <testcase name="testLoginTotalSpentAndLeads" time="11.623" classname="com.affilomnia.leadbaskets.BuyerTest"/>
  <testcase name="testdownloadIntegrtionPDF" time="2.713" classname="com.affilomnia.leadbaskets.BuyerTest"/>
</testsuite> <!-- com.affilomnia.leadbaskets.BuyerTest -->
