<?xml version="1.0" encoding="UTF-8"?>
<!-- Generated by org.testng.reporters.JUnitReportReporter -->
<testsuite skipped="0" hostname="RG-W-KIRIL" name="com.affilomnia.leadbaskets.FormLbTest" tests="1" failures="0" timestamp="04 Jan 2018 15:49:22 GMT" time="5.147" errors="0">
  <testcase name="login" time="5.147" classname="com.affilomnia.leadbaskets.FormLbTest"/>
</testsuite> <!-- com.affilomnia.leadbaskets.FormLbTest -->
