<?xml version="1.0" encoding="UTF-8"?>
<!-- Generated by org.testng.reporters.JUnitReportReporter -->
<testsuite skipped="10" hostname="RG-W-KIRIL" name="com.affilomnia.leadbaskets.BuyerTest" tests="11" failures="0" timestamp="04 Mar 2018 10:38:32 GMT" time="13.904" errors="0">
  <testcase name="disputeLead" time="13.904" classname="com.affilomnia.leadbaskets.BuyerTest"/>
  <testcase name="testBuyerRegistrtion" classname="com.affilomnia.leadbaskets.BuyerTest">
    <skipped/>
  </testcase> <!-- testBuyerRegistrtion -->
  <testcase name="testBuyerRegistrtion" classname="com.affilomnia.leadbaskets.BuyerTest">
    <skipped/>
  </testcase> <!-- testBuyerRegistrtion -->
  <testcase name="testLoginTotalSpentAndLeads" classname="com.affilomnia.leadbaskets.BuyerTest">
    <skipped/>
  </testcase> <!-- testLoginTotalSpentAndLeads -->
  <testcase name="testLoginTotalSpentAndLeads" classname="com.affilomnia.leadbaskets.BuyerTest">
    <skipped/>
  </testcase> <!-- testLoginTotalSpentAndLeads -->
  <testcase name="testdownloadIntegrtionPDF" classname="com.affilomnia.leadbaskets.BuyerTest">
    <skipped/>
  </testcase> <!-- testdownloadIntegrtionPDF -->
  <testcase name="testdownloadIntegrtionPDF" classname="com.affilomnia.leadbaskets.BuyerTest">
    <skipped/>
  </testcase> <!-- testdownloadIntegrtionPDF -->
  <testcase name="creteCampaign" classname="com.affilomnia.leadbaskets.BuyerTest">
    <skipped/>
  </testcase> <!-- creteCampaign -->
  <testcase name="creteCampaign" classname="com.affilomnia.leadbaskets.BuyerTest">
    <skipped/>
  </testcase> <!-- creteCampaign -->
  <testcase name="testTotalLeadTotalSpentAvgcplParCamp" classname="com.affilomnia.leadbaskets.BuyerTest">
    <skipped/>
  </testcase> <!-- testTotalLeadTotalSpentAvgcplParCamp -->
  <testcase name="testTotalLeadTotalSpentAvgcplParCamp" classname="com.affilomnia.leadbaskets.BuyerTest">
    <skipped/>
  </testcase> <!-- testTotalLeadTotalSpentAvgcplParCamp -->
</testsuite> <!-- com.affilomnia.leadbaskets.BuyerTest -->
